#
# There is insufficient memory for the Java Runtime Environment to continue.
# Native memory allocation (malloc) failed to allocate 237696 bytes for Chunk::new
# Possible reasons:
#   The system is out of physical RAM or swap space
#   In 32 bit mode, the process size limit was hit
# Possible solutions:
#   Reduce memory load on the system
#   Increase physical memory or swap space
#   Check if swap backing store is full
#   Use 64 bit Java on a 64 bit OS
#   Decrease Java heap size (-Xmx/-Xms)
#   Decrease number of Java threads
#   Decrease Java thread stack sizes (-Xss)
#   Set larger code cache with -XX:ReservedCodeCacheSize=
# This output file may be truncated or incomplete.
#
#  Out of Memory Error (allocation.cpp:390), pid=16632, tid=0x0000000000003c90
#
# JRE version: OpenJDK Runtime Environment (8.0_76-b03) (build 1.8.0_76-release-b03)
# Java VM: OpenJDK 64-Bit Server VM (25.76-b03 mixed mode windows-amd64 compressed oops)
# Failed to write core dump. Minidumps are not enabled by default on client versions of Windows
#

---------------  T H R E A D  ---------------

Current thread (0x0000000017efb000):  JavaThread "C2 CompilerThread0" daemon [_thread_in_native, id=15504, stack(0x00000000185c0000,0x00000000186c0000)]

Stack: [0x00000000185c0000,0x00000000186c0000]
[error occurred during error reporting (printing stack bounds), id 0xc0000005]

Native frames: (J=compiled Java code, j=interpreted, Vv=VM code, C=native code)


Current CompileTask:
C2:   2681 1680       4       com.android.dx.ssa.back.FirstFitLocalCombiningAllocator::addMapping (76 bytes)


---------------  P R O C E S S  ---------------

Java Threads: ( => current thread )
  0x00000000181e1800 JavaThread "pool-1-thread-4" [_thread_blocked, id=20792, stack(0x0000000018fc0000,0x00000000190c0000)]
  0x00000000181e1000 JavaThread "pool-1-thread-3" [_thread_blocked, id=20236, stack(0x0000000018ec0000,0x0000000018fc0000)]
  0x00000000181dc000 JavaThread "pool-1-thread-2" [_thread_blocked, id=8268, stack(0x0000000018dc0000,0x0000000018ec0000)]
  0x00000000181ce000 JavaThread "pool-2-thread-1" [_thread_blocked, id=20592, stack(0x0000000018cc0000,0x0000000018dc0000)]
  0x00000000181cd800 JavaThread "pool-1-thread-1" [_thread_blocked, id=20540, stack(0x0000000018bc0000,0x0000000018cc0000)]
  0x0000000017fe6000 JavaThread "Service Thread" daemon [_thread_blocked, id=4628, stack(0x00000000189c0000,0x0000000018ac0000)]
  0x0000000017fa1800 JavaThread "C1 CompilerThread3" daemon [_thread_blocked, id=20488, stack(0x00000000188c0000,0x00000000189c0000)]
  0x0000000017f4e000 JavaThread "C2 CompilerThread2" daemon [_thread_in_native, id=6128, stack(0x00000000187c0000,0x00000000188c0000)]
  0x0000000015fec000 JavaThread "C2 CompilerThread1" daemon [_thread_in_native, id=19876, stack(0x00000000186c0000,0x00000000187c0000)]
=>0x0000000017efb000 JavaThread "C2 CompilerThread0" daemon [_thread_in_native, id=15504, stack(0x00000000185c0000,0x00000000186c0000)]
  0x0000000017ef9800 JavaThread "Attach Listener" daemon [_thread_blocked, id=15056, stack(0x00000000184c0000,0x00000000185c0000)]
  0x0000000017f48800 JavaThread "Signal Dispatcher" daemon [_thread_blocked, id=14680, stack(0x00000000183c0000,0x00000000184c0000)]
  0x0000000017ee0800 JavaThread "Finalizer" daemon [_thread_blocked, id=19924, stack(0x00000000182c0000,0x00000000183c0000)]
  0x00000000034b6000 JavaThread "Reference Handler" daemon [_thread_blocked, id=6772, stack(0x0000000017dc0000,0x0000000017ec0000)]
  0x00000000033c0800 JavaThread "main" [_thread_blocked, id=20308, stack(0x00000000032c0000,0x00000000033c0000)]

Other Threads:
  0x0000000015fd5000 VMThread [stack: 0x0000000017cc0000,0x0000000017dc0000] [id=20328]
  0x0000000017fe7000 WatcherThread [stack: 0x0000000018ac0000,0x0000000018bc0000] [id=20748]

VM state:not at safepoint (normal execution)

VM Mutex/Monitor currently owned by a thread: None

Heap:
 PSYoungGen      total 76288K, used 34367K [0x00000000eab00000, 0x00000000f4000000, 0x0000000100000000)
  eden space 65536K, 36% used [0x00000000eab00000,0x00000000ec214428,0x00000000eeb00000)
  from space 10752K, 99% used [0x00000000eeb00000,0x00000000ef57bb80,0x00000000ef580000)
  to   space 10752K, 0% used [0x00000000f3580000,0x00000000f3580000,0x00000000f4000000)
 ParOldGen       total 175104K, used 852K [0x00000000c0000000, 0x00000000cab00000, 0x00000000eab00000)
  object space 175104K, 0% used [0x00000000c0000000,0x00000000c00d5318,0x00000000cab00000)
 Metaspace       used 6206K, capacity 7088K, committed 7296K, reserved 1056768K
  class space    used 578K, capacity 616K, committed 640K, reserved 1048576K

Card table byte_map: [0x0000000012880000,0x0000000012a90000] byte_map_base: 0x0000000012280000

Marking Bits: (ParMarkBitMap*) 0x0000000063d19d00
 Begin Bits: [0x00000000133f0000, 0x00000000143f0000)
 End Bits:   [0x00000000143f0000, 0x00000000153f0000)

Polling page: 0x0000000003180000

CodeCache: size=245760Kb used=7216Kb max_used=7235Kb free=238543Kb
 bounds [0x00000000034c0000, 0x0000000003be0000, 0x00000000124c0000]
 total_blobs=1933 nmethods=1663 adapters=184
 compilation: enabled

Compilation events (10 events):
Event: 2.662 Thread 0x0000000017efb000 1677       4       com.android.dx.ssa.SsaBasicBlock::getRopLabelSuccessorList (57 bytes)
Event: 2.662 Thread 0x0000000015fec000 1678       4       com.android.dx.ssa.back.SsaToRop::convertBasicBlock (126 bytes)
Event: 2.668 Thread 0x0000000017f4e000 nmethod 1676% 0x0000000003b85250 code [0x0000000003b85400, 0x0000000003b85a88]
Event: 2.671 Thread 0x0000000017efb000 nmethod 1677 0x0000000003bbd090 code [0x0000000003bbd220, 0x0000000003bbda58]
Event: 2.676 Thread 0x0000000017f4e000 1679       4       com.android.dx.rop.code.BasicBlockList$RegCountVisitor::visitThrowingCstInsn (6 bytes)
Event: 2.676 Thread 0x0000000017efb000 1680       4       com.android.dx.ssa.back.FirstFitLocalCombiningAllocator::addMapping (76 bytes)
Event: 2.677 Thread 0x0000000017fa1800 1683       3       java.util.concurrent.locks.AbstractQueuedSynchronizer::shouldParkAfterFailedAcquire (50 bytes)
Event: 2.677 Thread 0x0000000017fa1800 nmethod 1683 0x0000000003bab5d0 code [0x0000000003bab740, 0x0000000003baba70]
Event: 2.680 Thread 0x0000000017f4e000 nmethod 1679 0x0000000003bc1890 code [0x0000000003bc1a00, 0x0000000003bc1cb8]
Event: 2.680 Thread 0x0000000017f4e000 1681       4       com.android.dx.ssa.back.SsaToRop::convertInsns (53 bytes)

GC Heap History (2 events):
Event: 2.010 GC heap before
{Heap before GC invocations=1 (full 0):
 PSYoungGen      total 76288K, used 65536K [0x00000000eab00000, 0x00000000f0000000, 0x0000000100000000)
  eden space 65536K, 100% used [0x00000000eab00000,0x00000000eeb00000,0x00000000eeb00000)
  from space 10752K, 0% used [0x00000000ef580000,0x00000000ef580000,0x00000000f0000000)
  to   space 10752K, 0% used [0x00000000eeb00000,0x00000000eeb00000,0x00000000ef580000)
 ParOldGen       total 175104K, used 0K [0x00000000c0000000, 0x00000000cab00000, 0x00000000eab00000)
  object space 175104K, 0% used [0x00000000c0000000,0x00000000c0000000,0x00000000cab00000)
 Metaspace       used 6129K, capacity 7024K, committed 7296K, reserved 1056768K
  class space    used 578K, capacity 616K, committed 640K, reserved 1048576K
Event: 2.054 GC heap after
Heap after GC invocations=1 (full 0):
 PSYoungGen      total 76288K, used 10734K [0x00000000eab00000, 0x00000000f4000000, 0x0000000100000000)
  eden space 65536K, 0% used [0x00000000eab00000,0x00000000eab00000,0x00000000eeb00000)
  from space 10752K, 99% used [0x00000000eeb00000,0x00000000ef57bb80,0x00000000ef580000)
  to   space 10752K, 0% used [0x00000000f3580000,0x00000000f3580000,0x00000000f4000000)
 ParOldGen       total 175104K, used 852K [0x00000000c0000000, 0x00000000cab00000, 0x00000000eab00000)
  object space 175104K, 0% used [0x00000000c0000000,0x00000000c00d5318,0x00000000cab00000)
 Metaspace       used 6129K, capacity 7024K, committed 7296K, reserved 1056768K
  class space    used 578K, capacity 616K, committed 640K, reserved 1048576K
}

Deoptimization events (10 events):
Event: 1.270 Thread 0x00000000181cd800 Uncommon trap: reason=unstable_if action=reinterpret pc=0x000000000378c044 method=com.android.dx.ssa.SsaRenamer$BlockRenamer.addMapping(ILcom/android/dx/rop/code/RegisterSpec;)V @ 120
Event: 1.884 Thread 0x00000000181dc000 Uncommon trap: reason=unstable_if action=reinterpret pc=0x000000000391d464 method=com.android.dx.ssa.SCCP.simulateStmt(Lcom/android/dx/ssa/SsaInsn;)V @ 53
Event: 1.888 Thread 0x00000000181dc000 Uncommon trap: reason=unstable_if action=reinterpret pc=0x00000000039f2084 method=com.android.dx.rop.code.RegisterSpec.equals(ILcom/android/dx/rop/type/TypeBearer;Lcom/android/dx/rop/code/LocalItem;)Z @ 42
Event: 1.888 Thread 0x00000000181dc000 Uncommon trap: reason=unstable_if action=reinterpret pc=0x0000000003766540 method=com.android.dx.rop.code.RegisterSpec.equals(ILcom/android/dx/rop/type/TypeBearer;Lcom/android/dx/rop/code/LocalItem;)Z @ 42
Event: 1.912 Thread 0x00000000033c0800 Uncommon trap: reason=unstable_if action=reinterpret pc=0x00000000039af04c method=com.android.dx.ssa.MoveParamCombiner$1.visitNonMoveInsn(Lcom/android/dx/ssa/NormalSsaInsn;)V @ 27
Event: 1.923 Thread 0x00000000181e1000 Uncommon trap: reason=unstable_if action=reinterpret pc=0x0000000003719a1c method=com.android.dx.rop.cst.Constant.compareTo(Lcom/android/dx/rop/cst/Constant;)I @ 12
Event: 1.929 Thread 0x00000000181e1800 Uncommon trap: reason=bimorphic action=maybe_recompile pc=0x0000000003aabc48 method=com.android.dx.cf.code.BytecodeArray.parseInstruction(ILcom/android/dx/cf/code/BytecodeArray$Visitor;)I @ 1130
Event: 1.929 Thread 0x00000000181e1800 Uncommon trap: reason=bimorphic action=maybe_recompile pc=0x0000000003aabc48 method=com.android.dx.cf.code.BytecodeArray.parseInstruction(ILcom/android/dx/cf/code/BytecodeArray$Visitor;)I @ 1130
Event: 2.064 Thread 0x00000000181e1800 Uncommon trap: reason=bimorphic action=maybe_recompile pc=0x0000000003aaabc0 method=com.android.dx.cf.code.BytecodeArray.parseInstruction(ILcom/android/dx/cf/code/BytecodeArray$Visitor;)I @ 2135
Event: 2.065 Thread 0x00000000181e1800 Uncommon trap: reason=bimorphic action=maybe_recompile pc=0x0000000003aaabc0 method=com.android.dx.cf.code.BytecodeArray.parseInstruction(ILcom/android/dx/cf/code/BytecodeArray$Visitor;)I @ 2135

Internal exceptions (2 events):
Event: 0.045 Thread 0x00000000033c0800 Exception <a 'java/lang/NoSuchMethodError': Method sun.misc.Unsafe.defineClass(Ljava/lang/String;[BII)Ljava/lang/Class; name or signature does not match> (0x00000000eab07cc0) thrown at [C:\src\android\AOSP-openjdk\external\jetbrains\jdk\hotspot\src\share\vÛÒC™›Ù¦?
Event: 0.045 Thread 0x00000000033c0800 Exception <a 'java/lang/NoSuchMethodError': Method sun.misc.Unsafe.prefetchRead(Ljava/lang/Object;J)V name or signature does not match> (0x00000000eab07fa8) thrown at [C:\src\android\AOSP-openjdk\external\jetbrains\jdk\hotspot\src\share\vm\prims\jni.cpp, l

Events (10 events):
Event: 1.934 Executing VM operation: ParallelGCFailedAllocation
Event: 2.054 Executing VM operation: ParallelGCFailedAllocation done
Event: 2.064 Thread 0x00000000181e1800 Uncommon trap: trap_request=0xffffffc6 fr.pc=0x0000000003aaabc0
Event: 2.065 Thread 0x00000000181e1800 DEOPT PACKING pc=0x0000000003aaabc0 sp=0x00000000190be4f0
Event: 2.065 Thread 0x00000000181e1800 DEOPT UNPACKING pc=0x000000000350556a sp=0x00000000190be4e0 mode 2
Event: 2.065 Thread 0x00000000181e1800 Uncommon trap: trap_request=0xffffffc6 fr.pc=0x0000000003aaabc0
Event: 2.065 Thread 0x00000000181e1800 DEOPT PACKING pc=0x0000000003aaabc0 sp=0x00000000190be2b0
Event: 2.065 Thread 0x00000000181e1800 DEOPT UNPACKING pc=0x000000000350556a sp=0x00000000190be2a0 mode 2
Event: 2.164 loading class com/android/dx/cf/code/SwitchList
Event: 2.164 loading class com/android/dx/cf/code/SwitchList done


Dynamic libraries:
0x00007ff6d8c70000 - 0x00007ff6d8ca1000 	C:\Program Files\Android\Android Studio\jre\bin\java.exe
0x00007ffea3040000 - 0x00007ffea3201000 	C:\WINDOWS\SYSTEM32\ntdll.dll
0x00007ffea1780000 - 0x00007ffea182d000 	C:\WINDOWS\system32\KERNEL32.DLL
0x00007ffe9ff80000 - 0x00007ffea0168000 	C:\WINDOWS\system32\KERNELBASE.dll
0x00007ffea06f0000 - 0x00007ffea0797000 	C:\WINDOWS\system32\ADVAPI32.dll
0x00007ffea0870000 - 0x00007ffea090d000 	C:\WINDOWS\system32\msvcrt.dll
0x00007ffea09d0000 - 0x00007ffea0a2b000 	C:\WINDOWS\system32\sechost.dll
0x00007ffea1830000 - 0x00007ffea194c000 	C:\WINDOWS\system32\RPCRT4.dll
0x00007ffea1620000 - 0x00007ffea1776000 	C:\WINDOWS\system32\USER32.dll
0x00007ffea0e80000 - 0x00007ffea1006000 	C:\WINDOWS\system32\GDI32.dll
0x00007ffe949a0000 - 0x00007ffe94c14000 	C:\WINDOWS\WinSxS\amd64_microsoft.windows.common-controls_6595b64144ccf1df_6.0.10586.672_none_a2d6b3cea53ff843\COMCTL32.dll
0x00007ffea1030000 - 0x00007ffea12ad000 	C:\WINDOWS\system32\combase.dll
0x00007ffe9f6d0000 - 0x00007ffe9f73a000 	C:\WINDOWS\system32\bcryptPrimitives.dll
0x00007ffea2f40000 - 0x00007ffea2f7b000 	C:\WINDOWS\system32\IMM32.DLL
0x00000000633a0000 - 0x0000000063472000 	C:\Program Files\Android\Android Studio\jre\jre\bin\msvcr100.dll
0x0000000063560000 - 0x0000000063d94000 	C:\Program Files\Android\Android Studio\jre\jre\bin\server\jvm.dll
0x00007ffea0910000 - 0x00007ffea0918000 	C:\WINDOWS\system32\PSAPI.DLL
0x00007ffe9dc30000 - 0x00007ffe9dc53000 	C:\WINDOWS\SYSTEM32\WINMM.dll
0x00007ffe8a950000 - 0x00007ffe8a959000 	C:\WINDOWS\SYSTEM32\WSOCK32.dll
0x00007ffe9bf90000 - 0x00007ffe9bf9a000 	C:\WINDOWS\SYSTEM32\VERSION.dll
0x00007ffea0570000 - 0x00007ffea05db000 	C:\WINDOWS\system32\WS2_32.dll
0x00000000031b0000 - 0x00000000031dc000 	C:\WINDOWS\SYSTEM32\WINMMBASE.dll
0x00007ffea0200000 - 0x00007ffea0243000 	C:\WINDOWS\system32\cfgmgr32.dll
0x00007ffe94ff0000 - 0x00007ffe94fff000 	C:\Program Files\Android\Android Studio\jre\jre\bin\verify.dll
0x00007ffe92fe0000 - 0x00007ffe93009000 	C:\Program Files\Android\Android Studio\jre\jre\bin\java.dll
0x00007ffe94e50000 - 0x00007ffe94e66000 	C:\Program Files\Android\Android Studio\jre\jre\bin\zip.dll
0x00007ffea19d0000 - 0x00007ffea2f2c000 	C:\WINDOWS\system32\SHELL32.dll
0x00007ffe9f880000 - 0x00007ffe9fec5000 	C:\WINDOWS\system32\windows.storage.dll
0x00007ffea12b0000 - 0x00007ffea1302000 	C:\WINDOWS\system32\shlwapi.dll
0x00007ffe9f670000 - 0x00007ffe9f67f000 	C:\WINDOWS\system32\kernel.appcore.dll
0x00007ffe9f760000 - 0x00007ffe9f815000 	C:\WINDOWS\system32\shcore.dll
0x00007ffe9f680000 - 0x00007ffe9f6cb000 	C:\WINDOWS\system32\powrprof.dll
0x00007ffe9f650000 - 0x00007ffe9f664000 	C:\WINDOWS\system32\profapi.dll

VM Arguments:
jvm_args: -Djava.awt.headless=true -Xmx1024M -Dfile.encoding=GBK -Duser.country=CN -Duser.language=zh -Duser.variant 
java_command: com.android.dx.command.Main --dex --num-threads=4 --output D:\AndroidStudioProject\GoldBowls\app\build\intermediates\pre-dexed\debug\gson-2.7_2e85dbf641c4a16c73925139bd4ff50ebb0450dd.jar C:\Users\Administrator\.gradle\caches\modules-2\files-2.1\com.google.code.gson\gson\2.7\751f548c85fa49f330cecbb1875893f971b33c4e\gson-2.7.jar
java_class_path (initial): C:\Users\Administrator\AppData\Local\Android\Sdk\build-tools\24.0.0\lib\dx.jar
Launcher Type: SUN_STANDARD

Environment Variables:
JAVA_HOME=C:\Program Files (x86)\Java\jdk1.8.0_111
CLASSPATH=.;C:\Program Files (x86)\Java\jdk1.8.0_111\lib\dt.jar;C:\Program Files (x86)\Java\jdk1.8.0_111\lib\tools.jar
PATH=C:\ProgramData\Oracle\Java\javapath;C:\Program Files (x86)\Java\jdk1.8.0_111\bin;C:\Program Files (x86)\Java\jdk1.8.0_111\jre\bin;C:\Python27
USERNAME=Administrator
OS=Windows_NT
PROCESSOR_IDENTIFIER=Intel64 Family 6 Model 94 Stepping 3, GenuineIntel



---------------  S Y S T E M  ---------------

OS: Windows 10.0 , 64 bit Build 10586 (10.0.10586.589)

CPU:total 8 (4 cores per cpu, 2 threads per core) family 6 model 94 stepping 3, cmov, cx8, fxsr, mmx, sse, sse2, sse3, ssse3, sse4.1, sse4.2, popcnt, avx, avx2, aes, clmul, erms, rtm, 3dnowpref, lzcnt, ht, tsc, tscinvbit, bmi1, bmi2, adx

Memory: 4k page, physical 16722516k(7154924k free), swap 18819668k(5144k free)

vm_info: OpenJDK 64-Bit Server VM (25.76-b03) for windows-amd64 JRE (1.8.0_76-release-b03), built on Jun 29 2016 19:09:20 by "ralucas" with MS VC++ 10.0 (VS2010)

time: Mon Dec 19 16:14:55 2016
elapsed time: 2 seconds (0d 0h 0m 2s)

