#
# There is insufficient memory for the Java Runtime Environment to continue.
# Native memory allocation (malloc) failed to allocate 1089616 bytes for Chunk::new
# Possible reasons:
#   The system is out of physical RAM or swap space
#   In 32 bit mode, the process size limit was hit
# Possible solutions:
#   Reduce memory load on the system
#   Increase physical memory or swap space
#   Check if swap backing store is full
#   Use 64 bit Java on a 64 bit OS
#   Decrease Java heap size (-Xmx/-Xms)
#   Decrease number of Java threads
#   Decrease Java thread stack sizes (-Xss)
#   Set larger code cache with -XX:ReservedCodeCacheSize=
# This output file may be truncated or incomplete.
#
#  Out of Memory Error (allocation.cpp:390), pid=20304, tid=0x0000000000004c40
#
# JRE version: OpenJDK Runtime Environment (8.0_76-b03) (build 1.8.0_76-release-b03)
# Java VM: OpenJDK 64-Bit Server VM (25.76-b03 mixed mode windows-amd64 compressed oops)
# Failed to write core dump. Minidumps are not enabled by default on client versions of Windows
#

---------------  T H R E A D  ---------------

Current thread (0x00000000177e2000):  JavaThread "C2 CompilerThread2" daemon [_thread_in_native, id=19520, stack(0x0000000018060000,0x0000000018160000)]

Stack: [0x0000000018060000,0x0000000018160000]
[error occurred during error reporting (printing stack bounds), id 0xc0000005]

Native frames: (J=compiled Java code, j=interpreted, Vv=VM code, C=native code)


Current CompileTask:
C2:   2703 1944       4       com.android.dx.dex.code.OutputFinisher::addConstants (93 bytes)


---------------  P R O C E S S  ---------------

Java Threads: ( => current thread )
  0x00000000177e6800 JavaThread "Service Thread" daemon [_thread_blocked, id=20424, stack(0x0000000018260000,0x0000000018360000)]
  0x00000000177e6000 JavaThread "C1 CompilerThread3" daemon [_thread_in_native, id=18612, stack(0x0000000018160000,0x0000000018260000)]
=>0x00000000177e2000 JavaThread "C2 CompilerThread2" daemon [_thread_in_native, id=19520, stack(0x0000000018060000,0x0000000018160000)]
  0x000000001581a000 JavaThread "C2 CompilerThread1" daemon [_thread_in_native, id=20004, stack(0x0000000017f60000,0x0000000018060000)]
  0x000000001773a000 JavaThread "C2 CompilerThread0" daemon [_thread_in_native, id=18876, stack(0x0000000017e60000,0x0000000017f60000)]
  0x0000000017738800 JavaThread "Attach Listener" daemon [_thread_blocked, id=11796, stack(0x0000000017d60000,0x0000000017e60000)]
  0x0000000017788800 JavaThread "Signal Dispatcher" daemon [_thread_blocked, id=15924, stack(0x0000000017c60000,0x0000000017d60000)]
  0x0000000017720800 JavaThread "Finalizer" daemon [_thread_blocked, id=20312, stack(0x0000000017b00000,0x0000000017c00000)]
  0x0000000002ce6000 JavaThread "Reference Handler" daemon [_thread_blocked, id=20244, stack(0x0000000017600000,0x0000000017700000)]
  0x0000000002bf0800 JavaThread "main" [_thread_in_Java, id=19844, stack(0x0000000002af0000,0x0000000002bf0000)]

Other Threads:
  0x0000000015805000 VMThread [stack: 0x0000000017500000,0x0000000017600000] [id=20484]
  0x00000000177e7800 WatcherThread [stack: 0x0000000018360000,0x0000000018460000] [id=19632]

VM state:not at safepoint (normal execution)

VM Mutex/Monitor currently owned by a thread: None

Heap:
 PSYoungGen      total 141824K, used 69364K [0x00000000eab00000, 0x00000000f4000000, 0x0000000100000000)
  eden space 131072K, 44% used [0x00000000eab00000,0x00000000ee43e910,0x00000000f2b00000)
  from space 10752K, 99% used [0x00000000f3580000,0x00000000f3ffe738,0x00000000f4000000)
  to   space 10752K, 0% used [0x00000000f2b00000,0x00000000f2b00000,0x00000000f3580000)
 ParOldGen       total 175104K, used 8998K [0x00000000c0000000, 0x00000000cab00000, 0x00000000eab00000)
  object space 175104K, 5% used [0x00000000c0000000,0x00000000c08c9bc0,0x00000000cab00000)
 Metaspace       used 6696K, capacity 7472K, committed 7552K, reserved 1056768K
  class space    used 603K, capacity 616K, committed 640K, reserved 1048576K

Card table byte_map: [0x00000000120b0000,0x00000000122c0000] byte_map_base: 0x0000000011ab0000

Marking Bits: (ParMarkBitMap*) 0x0000000063d19d00
 Begin Bits: [0x0000000012c20000, 0x0000000013c20000)
 End Bits:   [0x0000000013c20000, 0x0000000014c20000)

Polling page: 0x0000000000bc0000

CodeCache: size=245760Kb used=8680Kb max_used=8680Kb free=237079Kb
 bounds [0x0000000002cf0000, 0x0000000003580000, 0x0000000011cf0000]
 total_blobs=2550 nmethods=2276 adapters=188
 compilation: enabled

Compilation events (10 events):
Event: 2.694 Thread 0x00000000177e6000 nmethod 2324 0x0000000003568950 code [0x0000000003568aa0, 0x0000000003568bf0]
Event: 2.698 Thread 0x00000000177e6000 2341       2       com.android.dx.util.ByteArrayAnnotatedOutput::writeInt (90 bytes)
Event: 2.699 Thread 0x00000000177e6000 nmethod 2341 0x0000000003568c90 code [0x0000000003568e20, 0x0000000003569138]
Event: 2.699 Thread 0x00000000177e6000 2342       2       com.android.dx.util.ByteArrayAnnotatedOutput::alignTo (69 bytes)
Event: 2.699 Thread 0x00000000177e6000 nmethod 2342 0x0000000003569390 code [0x0000000003569520, 0x0000000003569848]
Event: 2.699 Thread 0x00000000177e6000 2343       2       com.android.dx.dex.file.StringIdItem::writeTo (95 bytes)
Event: 2.700 Thread 0x00000000177e6000 nmethod 2343 0x0000000003569a10 code [0x0000000003569ca0, 0x000000000356a768]
Event: 2.700 Thread 0x00000000177e6000 2344       2       com.android.dx.dex.file.TypeIdItem::writeTo (107 bytes)
Event: 2.701 Thread 0x00000000177e6000 nmethod 2344 0x000000000356b1d0 code [0x000000000356b460, 0x000000000356bf28]
Event: 2.701 Thread 0x00000000177e6000 2345       2       com.android.dx.dex.file.ProtoIdItem::writeTo (331 bytes)

GC Heap History (4 events):
Event: 1.306 GC heap before
{Heap before GC invocations=1 (full 0):
 PSYoungGen      total 76288K, used 65536K [0x00000000eab00000, 0x00000000f0000000, 0x0000000100000000)
  eden space 65536K, 100% used [0x00000000eab00000,0x00000000eeb00000,0x00000000eeb00000)
  from space 10752K, 0% used [0x00000000ef580000,0x00000000ef580000,0x00000000f0000000)
  to   space 10752K, 0% used [0x00000000eeb00000,0x00000000eeb00000,0x00000000ef580000)
 ParOldGen       total 175104K, used 0K [0x00000000c0000000, 0x00000000cab00000, 0x00000000eab00000)
  object space 175104K, 0% used [0x00000000c0000000,0x00000000c0000000,0x00000000cab00000)
 Metaspace       used 6087K, capacity 6960K, committed 7040K, reserved 1056768K
  class space    used 581K, capacity 616K, committed 640K, reserved 1048576K
Event: 1.379 GC heap after
Heap after GC invocations=1 (full 0):
 PSYoungGen      total 76288K, used 10746K [0x00000000eab00000, 0x00000000f4000000, 0x0000000100000000)
  eden space 65536K, 0% used [0x00000000eab00000,0x00000000eab00000,0x00000000eeb00000)
  from space 10752K, 99% used [0x00000000eeb00000,0x00000000ef57eb48,0x00000000ef580000)
  to   space 10752K, 0% used [0x00000000f3580000,0x00000000f3580000,0x00000000f4000000)
 ParOldGen       total 175104K, used 701K [0x00000000c0000000, 0x00000000cab00000, 0x00000000eab00000)
  object space 175104K, 0% used [0x00000000c0000000,0x00000000c00af680,0x00000000cab00000)
 Metaspace       used 6087K, capacity 6960K, committed 7040K, reserved 1056768K
  class space    used 581K, capacity 616K, committed 640K, reserved 1048576K
}
Event: 1.839 GC heap before
{Heap before GC invocations=2 (full 0):
 PSYoungGen      total 76288K, used 76282K [0x00000000eab00000, 0x00000000f4000000, 0x0000000100000000)
  eden space 65536K, 100% used [0x00000000eab00000,0x00000000eeb00000,0x00000000eeb00000)
  from space 10752K, 99% used [0x00000000eeb00000,0x00000000ef57eb48,0x00000000ef580000)
  to   space 10752K, 0% used [0x00000000f3580000,0x00000000f3580000,0x00000000f4000000)
 ParOldGen       total 175104K, used 701K [0x00000000c0000000, 0x00000000cab00000, 0x00000000eab00000)
  object space 175104K, 0% used [0x00000000c0000000,0x00000000c00af680,0x00000000cab00000)
 Metaspace       used 6197K, capacity 7088K, committed 7296K, reserved 1056768K
  class space    used 581K, capacity 616K, committed 640K, reserved 1048576K
Event: 1.942 GC heap after
Heap after GC invocations=2 (full 0):
 PSYoungGen      total 141824K, used 10745K [0x00000000eab00000, 0x00000000f4000000, 0x0000000100000000)
  eden space 131072K, 0% used [0x00000000eab00000,0x00000000eab00000,0x00000000f2b00000)
  from space 10752K, 99% used [0x00000000f3580000,0x00000000f3ffe738,0x00000000f4000000)
  to   space 10752K, 0% used [0x00000000f2b00000,0x00000000f2b00000,0x00000000f3580000)
 ParOldGen       total 175104K, used 8998K [0x00000000c0000000, 0x00000000cab00000, 0x00000000eab00000)
  object space 175104K, 5% used [0x00000000c0000000,0x00000000c08c9bc0,0x00000000cab00000)
 Metaspace       used 6197K, capacity 7088K, committed 7296K, reserved 1056768K
  class space    used 581K, capacity 616K, committed 640K, reserved 1048576K
}

Deoptimization events (10 events):
Event: 2.467 Thread 0x0000000002bf0800 Uncommon trap: reason=speculate_class_check action=maybe_recompile pc=0x0000000002f9b568 method=com.android.dx.util.FixedSizeList.equals(Ljava/lang/Object;)Z @ 25
Event: 2.467 Thread 0x0000000002bf0800 Uncommon trap: reason=class_check action=maybe_recompile pc=0x0000000002fa1fa0 method=java.util.Arrays.equals([Ljava/lang/Object;[Ljava/lang/Object;)Z @ 62
Event: 2.467 Thread 0x0000000002bf0800 Uncommon trap: reason=speculate_class_check action=maybe_recompile pc=0x0000000002f9b568 method=com.android.dx.util.FixedSizeList.equals(Ljava/lang/Object;)Z @ 25
Event: 2.467 Thread 0x0000000002bf0800 Uncommon trap: reason=class_check action=maybe_recompile pc=0x0000000002fa1fa0 method=java.util.Arrays.equals([Ljava/lang/Object;[Ljava/lang/Object;)Z @ 62
Event: 2.467 Thread 0x0000000002bf0800 Uncommon trap: reason=speculate_class_check action=maybe_recompile pc=0x0000000002f9b568 method=com.android.dx.util.FixedSizeList.equals(Ljava/lang/Object;)Z @ 25
Event: 2.467 Thread 0x0000000002bf0800 Uncommon trap: reason=class_check action=maybe_recompile pc=0x0000000002fa1fa0 method=java.util.Arrays.equals([Ljava/lang/Object;[Ljava/lang/Object;)Z @ 62
Event: 2.467 Thread 0x0000000002bf0800 Uncommon trap: reason=speculate_class_check action=maybe_recompile pc=0x0000000002f9b568 method=com.android.dx.util.FixedSizeList.equals(Ljava/lang/Object;)Z @ 25
Event: 2.467 Thread 0x0000000002bf0800 Uncommon trap: reason=class_check action=maybe_recompile pc=0x0000000002fa1fa0 method=java.util.Arrays.equals([Ljava/lang/Object;[Ljava/lang/Object;)Z @ 62
Event: 2.536 Thread 0x0000000002bf0800 Uncommon trap: reason=unstable_if action=reinterpret pc=0x00000000034137a0 method=java.util.TreeMap.put(Ljava/lang/Object;Ljava/lang/Object;)Ljava/lang/Object; @ 163
Event: 2.653 Thread 0x0000000002bf0800 Uncommon trap: reason=unstable_if action=reinterpret pc=0x00000000034f69d8 method=com.android.dx.dex.code.LocalList$MakeState.aboutToProcess(II)V @ 54

Internal exceptions (6 events):
Event: 0.034 Thread 0x0000000002bf0800 Exception <a 'java/lang/NoSuchMethodError': Method sun.misc.Unsafe.defineClass(Ljava/lang/String;[BII)Ljava/lang/Class; name or signature does not match> (0x00000000eab07cc0) thrown at [C:\src\android\AOSP-openjdk\external\jetbrains\jdk\hotspot\src\share\vm½síua¡?
Event: 0.034 Thread 0x0000000002bf0800 Exception <a 'java/lang/NoSuchMethodError': Method sun.misc.Unsafe.prefetchRead(Ljava/lang/Object;J)V name or signature does not match> (0x00000000eab07fa8) thrown at [C:\src\android\AOSP-openjdk\external\jetbrains\jdk\hotspot\src\share\vm\prims\jni.cpp, l£M¬±˜Zì?
Event: 0.886 Thread 0x0000000017a27800 Implicit null exception at 0x0000000002f951e2 to 0x0000000002f952da
Event: 1.088 Thread 0x0000000017a34800 Implicit null exception at 0x0000000003061a86 to 0x00000000030632e9
Event: 1.098 Thread 0x0000000017a27800 Implicit null exception at 0x00000000030419ad to 0x0000000003042f0d
Event: 1.112 Thread 0x0000000017a2f000 Implicit null exception at 0x00000000030bf865 to 0x00000000030bfa21

Events (10 events):
Event: 2.667 loading class com/android/dx/dex/file/DebugInfoEncoder$2
Event: 2.667 loading class com/android/dx/dex/file/DebugInfoEncoder$2 done
Event: 2.684 loading class com/android/dex/EncodedValueCodec
Event: 2.684 loading class com/android/dex/EncodedValueCodec done
Event: 2.690 loading class com/android/dx/dex/file/MapItem
Event: 2.690 loading class com/android/dx/dex/file/MapItem done
Event: 2.691 loading class com/android/dx/dex/file/UniformListItem
Event: 2.691 loading class com/android/dx/dex/file/UniformListItem done
Event: 2.694 loading class com/android/dex/DexFormat
Event: 2.694 loading class com/android/dex/DexFormat done


Dynamic libraries:
0x00007ff6d8c70000 - 0x00007ff6d8ca1000 	C:\Program Files\Android\Android Studio\jre\bin\java.exe
0x00007ffea3040000 - 0x00007ffea3201000 	C:\WINDOWS\SYSTEM32\ntdll.dll
0x00007ffea1780000 - 0x00007ffea182d000 	C:\WINDOWS\system32\KERNEL32.DLL
0x00007ffe9ff80000 - 0x00007ffea0168000 	C:\WINDOWS\system32\KERNELBASE.dll
0x00007ffea06f0000 - 0x00007ffea0797000 	C:\WINDOWS\system32\ADVAPI32.dll
0x00007ffea0870000 - 0x00007ffea090d000 	C:\WINDOWS\system32\msvcrt.dll
0x00007ffea09d0000 - 0x00007ffea0a2b000 	C:\WINDOWS\system32\sechost.dll
0x00007ffea1830000 - 0x00007ffea194c000 	C:\WINDOWS\system32\RPCRT4.dll
0x00007ffea1620000 - 0x00007ffea1776000 	C:\WINDOWS\system32\USER32.dll
0x00007ffea0e80000 - 0x00007ffea1006000 	C:\WINDOWS\system32\GDI32.dll
0x00007ffe949a0000 - 0x00007ffe94c14000 	C:\WINDOWS\WinSxS\amd64_microsoft.windows.common-controls_6595b64144ccf1df_6.0.10586.672_none_a2d6b3cea53ff843\COMCTL32.dll
0x00007ffea1030000 - 0x00007ffea12ad000 	C:\WINDOWS\system32\combase.dll
0x00007ffe9f6d0000 - 0x00007ffe9f73a000 	C:\WINDOWS\system32\bcryptPrimitives.dll
0x00007ffea2f40000 - 0x00007ffea2f7b000 	C:\WINDOWS\system32\IMM32.DLL
0x00000000633a0000 - 0x0000000063472000 	C:\Program Files\Android\Android Studio\jre\jre\bin\msvcr100.dll
0x0000000063560000 - 0x0000000063d94000 	C:\Program Files\Android\Android Studio\jre\jre\bin\server\jvm.dll
0x00007ffea0910000 - 0x00007ffea0918000 	C:\WINDOWS\system32\PSAPI.DLL
0x00007ffe8a950000 - 0x00007ffe8a959000 	C:\WINDOWS\SYSTEM32\WSOCK32.dll
0x00007ffea0570000 - 0x00007ffea05db000 	C:\WINDOWS\system32\WS2_32.dll
0x00007ffe9dc30000 - 0x00007ffe9dc53000 	C:\WINDOWS\SYSTEM32\WINMM.dll
0x00007ffe9bf90000 - 0x00007ffe9bf9a000 	C:\WINDOWS\SYSTEM32\VERSION.dll
0x00007ffe9d8f0000 - 0x00007ffe9d91c000 	C:\WINDOWS\SYSTEM32\WINMMBASE.dll
0x00007ffea0200000 - 0x00007ffea0243000 	C:\WINDOWS\system32\cfgmgr32.dll
0x00007ffe94ff0000 - 0x00007ffe94fff000 	C:\Program Files\Android\Android Studio\jre\jre\bin\verify.dll
0x00007ffe92fe0000 - 0x00007ffe93009000 	C:\Program Files\Android\Android Studio\jre\jre\bin\java.dll
0x00007ffe94e50000 - 0x00007ffe94e66000 	C:\Program Files\Android\Android Studio\jre\jre\bin\zip.dll
0x00007ffea19d0000 - 0x00007ffea2f2c000 	C:\WINDOWS\system32\SHELL32.dll
0x00007ffe9f880000 - 0x00007ffe9fec5000 	C:\WINDOWS\system32\windows.storage.dll
0x00007ffea12b0000 - 0x00007ffea1302000 	C:\WINDOWS\system32\shlwapi.dll
0x00007ffe9f670000 - 0x00007ffe9f67f000 	C:\WINDOWS\system32\kernel.appcore.dll
0x00007ffe9f760000 - 0x00007ffe9f815000 	C:\WINDOWS\system32\shcore.dll
0x00007ffe9f680000 - 0x00007ffe9f6cb000 	C:\WINDOWS\system32\powrprof.dll
0x00007ffe9f650000 - 0x00007ffe9f664000 	C:\WINDOWS\system32\profapi.dll

VM Arguments:
jvm_args: -Djava.awt.headless=true -Xmx1024M -Dfile.encoding=GBK -Duser.country=CN -Duser.language=zh -Duser.variant 
java_command: com.android.dx.command.Main --dex --num-threads=4 --output D:\AndroidStudioProject\GoldBowls\app\build\intermediates\pre-dexed\debug\io.realm-realm-android-library-1.1.0_96674d0038ce30d3fa14cfa99724d5f42314a51d.jar D:\AndroidStudioProject\GoldBowls\app\build\intermediates\exploded-aar\io.realm\realm-android-library\1.1.0\jars\classes.jar
java_class_path (initial): C:\Users\Administrator\AppData\Local\Android\Sdk\build-tools\24.0.0\lib\dx.jar
Launcher Type: SUN_STANDARD

Environment Variables:
JAVA_HOME=C:\Program Files (x86)\Java\jdk1.8.0_111
CLASSPATH=.;C:\Program Files (x86)\Java\jdk1.8.0_111\lib\dt.jar;C:\Program Files (x86)\Java\jdk1.8.0_111\lib\tools.jar
PATH=C:\ProgramData\Oracle\Java\javapath;C:\Program Files (x86)\Java\jdk1.8.0_111\bin;C:\Program Files (x86)\Java\jdk1.8.0_111\jre\bin;C:\Python27
USERNAME=Administrator
OS=Windows_NT
PROCESSOR_IDENTIFIER=Intel64 Family 6 Model 94 Stepping 3, GenuineIntel



---------------  S Y S T E M  ---------------

OS: Windows 10.0 , 64 bit Build 10586 (10.0.10586.589)

CPU:total 8 (4 cores per cpu, 2 threads per core) family 6 model 94 stepping 3, cmov, cx8, fxsr, mmx, sse, sse2, sse3, ssse3, sse4.1, sse4.2, popcnt, avx, avx2, aes, clmul, erms, rtm, 3dnowpref, lzcnt, ht, tsc, tscinvbit, bmi1, bmi2, adx

Memory: 4k page, physical 16722516k(7155276k free), swap 18819668k(5136k free)

vm_info: OpenJDK 64-Bit Server VM (25.76-b03) for windows-amd64 JRE (1.8.0_76-release-b03), built on Jun 29 2016 19:09:20 by "ralucas" with MS VC++ 10.0 (VS2010)

time: Mon Dec 19 16:14:55 2016
elapsed time: 2 seconds (0d 0h 0m 2s)

