#
# There is insufficient memory for the Java Runtime Environment to continue.
# Native memory allocation (malloc) failed to allocate 1073936 bytes for Chunk::new
# Possible reasons:
#   The system is out of physical RAM or swap space
#   In 32 bit mode, the process size limit was hit
# Possible solutions:
#   Reduce memory load on the system
#   Increase physical memory or swap space
#   Check if swap backing store is full
#   Use 64 bit Java on a 64 bit OS
#   Decrease Java heap size (-Xmx/-Xms)
#   Decrease number of Java threads
#   Decrease Java thread stack sizes (-Xss)
#   Set larger code cache with -XX:ReservedCodeCacheSize=
# This output file may be truncated or incomplete.
#
#  Out of Memory Error (allocation.cpp:390), pid=19608, tid=0x0000000000004de4
#
# JRE version: OpenJDK Runtime Environment (8.0_76-b03) (build 1.8.0_76-release-b03)
# Java VM: OpenJDK 64-Bit Server VM (25.76-b03 mixed mode windows-amd64 compressed oops)
# Failed to write core dump. Minidumps are not enabled by default on client versions of Windows
#

---------------  T H R E A D  ---------------

Current thread (0x000000001744c000):  JavaThread "C2 CompilerThread0" daemon [_thread_in_native, id=19940, stack(0x0000000017b10000,0x0000000017c10000)]

Stack: [0x0000000017b10000,0x0000000017c10000]
[error occurred during error reporting (printing stack bounds), id 0xc0000005]

Native frames: (J=compiled Java code, j=interpreted, Vv=VM code, C=native code)


Current CompileTask:
C2:   1332 1090   !   4       com.android.dx.cf.code.BytecodeArray::parseInstruction (2764 bytes)


---------------  P R O C E S S  ---------------

Java Threads: ( => current thread )
  0x000000001776c000 JavaThread "pool-1-thread-4" [_thread_blocked, id=19928, stack(0x0000000018d10000,0x0000000018e10000)]
  0x00000000177c2000 JavaThread "pool-1-thread-3" [_thread_blocked, id=20008, stack(0x0000000018c10000,0x0000000018d10000)]
  0x000000001780a800 JavaThread "pool-1-thread-2" [_thread_in_vm, id=20172, stack(0x0000000018b10000,0x0000000018c10000)]
  0x0000000017809800 JavaThread "pool-2-thread-1" [_thread_blocked, id=19992, stack(0x0000000018a10000,0x0000000018b10000)]
  0x0000000017808800 JavaThread "pool-1-thread-1" [_thread_blocked, id=19916, stack(0x0000000018910000,0x0000000018a10000)]
  0x0000000017502000 JavaThread "Service Thread" daemon [_thread_blocked, id=19832, stack(0x0000000017f10000,0x0000000018010000)]
  0x0000000017501000 JavaThread "C1 CompilerThread3" daemon [_thread_blocked, id=19708, stack(0x0000000017e10000,0x0000000017f10000)]
  0x00000000174ed000 JavaThread "C2 CompilerThread2" daemon [_thread_in_native, id=16192, stack(0x0000000017d10000,0x0000000017e10000)]
  0x000000001553a800 JavaThread "C2 CompilerThread1" daemon [_thread_in_native, id=19944, stack(0x0000000017c10000,0x0000000017d10000)]
=>0x000000001744c000 JavaThread "C2 CompilerThread0" daemon [_thread_in_native, id=19940, stack(0x0000000017b10000,0x0000000017c10000)]
  0x000000001744b000 JavaThread "Attach Listener" daemon [_thread_blocked, id=20200, stack(0x0000000017a10000,0x0000000017b10000)]
  0x0000000017435800 JavaThread "Signal Dispatcher" daemon [_thread_blocked, id=20072, stack(0x0000000017910000,0x0000000017a10000)]
  0x0000000017430800 JavaThread "Finalizer" daemon [_thread_blocked, id=20192, stack(0x0000000017810000,0x0000000017910000)]
  0x0000000002a06000 JavaThread "Reference Handler" daemon [_thread_blocked, id=20296, stack(0x0000000017310000,0x0000000017410000)]
  0x0000000002910800 JavaThread "main" [_thread_in_Java, id=20788, stack(0x0000000002810000,0x0000000002910000)]

Other Threads:
  0x0000000015525000 VMThread [stack: 0x0000000017210000,0x0000000017310000] [id=20136]
  0x0000000017503000 WatcherThread [stack: 0x0000000018010000,0x0000000018110000] [id=19796]

VM state:not at safepoint (normal execution)

VM Mutex/Monitor currently owned by a thread: None

Heap:
 PSYoungGen      total 76288K, used 60317K [0x00000000eab00000, 0x00000000f0000000, 0x0000000100000000)
  eden space 65536K, 92% used [0x00000000eab00000,0x00000000ee5e7618,0x00000000eeb00000)
  from space 10752K, 0% used [0x00000000ef580000,0x00000000ef580000,0x00000000f0000000)
  to   space 10752K, 0% used [0x00000000eeb00000,0x00000000eeb00000,0x00000000ef580000)
 ParOldGen       total 175104K, used 0K [0x00000000c0000000, 0x00000000cab00000, 0x00000000eab00000)
  object space 175104K, 0% used [0x00000000c0000000,0x00000000c0000000,0x00000000cab00000)
 Metaspace       used 6077K, capacity 6964K, committed 7040K, reserved 1056768K
  class space    used 594K, capacity 620K, committed 640K, reserved 1048576K

Card table byte_map: [0x0000000011dd0000,0x0000000011fe0000] byte_map_base: 0x00000000117d0000

Marking Bits: (ParMarkBitMap*) 0x0000000063d19d00
 Begin Bits: [0x0000000012940000, 0x0000000013940000)
 End Bits:   [0x0000000013940000, 0x0000000014940000)

Polling page: 0x0000000000740000

CodeCache: size=245760Kb used=5048Kb max_used=5048Kb free=240711Kb
 bounds [0x0000000002a10000, 0x0000000002f10000, 0x0000000011a10000]
 total_blobs=1549 nmethods=1279 adapters=184
 compilation: enabled

Compilation events (10 events):
Event: 1.300 Thread 0x0000000017501000 nmethod 1297 0x0000000002ef6c90 code [0x0000000002ef6ec0, 0x0000000002ef7c18]
Event: 1.300 Thread 0x0000000017501000 1296       3       com.android.dx.cf.code.ConcreteMethod::getMaxLocals (8 bytes)
Event: 1.300 Thread 0x0000000017501000 nmethod 1296 0x0000000002ef8490 code [0x0000000002ef85e0, 0x0000000002ef87d0]
Event: 1.300 Thread 0x0000000017501000 1298       3       com.android.dx.rop.code.BasicBlockList::<init> (11 bytes)
Event: 1.300 Thread 0x0000000017501000 nmethod 1298 0x0000000002ef8890 code [0x0000000002ef8a00, 0x0000000002ef8cb8]
Event: 1.300 Thread 0x0000000017501000 1299  s    3       com.android.dx.dex.file.MethodIdsSection::intern (55 bytes)
Event: 1.301 Thread 0x0000000017501000 nmethod 1299 0x0000000002ef8dd0 code [0x0000000002ef9000, 0x0000000002ef9d08]
Event: 1.301 Thread 0x0000000017501000 1300       3       com.android.dx.cf.code.Ropper::addExceptionSetupBlocks (203 bytes)
Event: 1.304 Thread 0x0000000017501000 nmethod 1300 0x0000000002efa410 code [0x0000000002efa7e0, 0x0000000002efcb48]
Event: 1.331 Thread 0x0000000017501000 1301       3       com.android.dx.ssa.SsaMethod::forEachBlockDepthFirstDom (128 bytes)

GC Heap History (0 events):
No events

Deoptimization events (10 events):
Event: 0.952 Thread 0x0000000002910800 Uncommon trap: reason=null_check action=make_not_entrant pc=0x0000000002ce60f0 method=com.android.dx.ssa.SsaRenamer.getLocalForNewReg(I)Lcom/android/dx/rop/code/LocalItem; @ 19
Event: 0.952 Thread 0x0000000002910800 Uncommon trap: reason=null_check action=make_not_entrant pc=0x0000000002cc5518 method=com.android.dx.ssa.SsaRenamer.getLocalForNewReg(I)Lcom/android/dx/rop/code/LocalItem; @ 19
Event: 0.953 Thread 0x0000000002910800 Uncommon trap: reason=bimorphic action=maybe_recompile pc=0x0000000002c537dc method=java.util.HashMap.getNode(ILjava/lang/Object;)Ljava/util/HashMap$Node; @ 126
Event: 0.953 Thread 0x0000000002910800 Uncommon trap: reason=class_check action=maybe_recompile pc=0x0000000002d6a950 method=java.util.HashMap.putVal(ILjava/lang/Object;Ljava/lang/Object;ZZ)Ljava/lang/Object; @ 203
Event: 1.209 Thread 0x000000001776c000 Uncommon trap: reason=bimorphic action=maybe_recompile pc=0x0000000002c537dc method=java.util.HashMap.getNode(ILjava/lang/Object;)Ljava/util/HashMap$Node; @ 126
Event: 1.209 Thread 0x000000001776c000 Uncommon trap: reason=class_check action=maybe_recompile pc=0x0000000002d6a950 method=java.util.HashMap.putVal(ILjava/lang/Object;Ljava/lang/Object;ZZ)Ljava/lang/Object; @ 203
Event: 1.258 Thread 0x000000001776c000 Uncommon trap: reason=class_check action=maybe_recompile pc=0x0000000002d6a950 method=java.util.HashMap.putVal(ILjava/lang/Object;Ljava/lang/Object;ZZ)Ljava/lang/Object; @ 203
Event: 1.258 Thread 0x000000001776c000 Uncommon trap: reason=class_check action=maybe_recompile pc=0x0000000002d6a950 method=java.util.HashMap.putVal(ILjava/lang/Object;Ljava/lang/Object;ZZ)Ljava/lang/Object; @ 203
Event: 1.273 Thread 0x000000001780a800 Uncommon trap: reason=unstable_if action=reinterpret pc=0x0000000002cd981c method=java.util.HashMap.putVal(ILjava/lang/Object;Ljava/lang/Object;ZZ)Ljava/lang/Object; @ 162
Event: 1.289 Thread 0x000000001780a800 Uncommon trap: reason=unstable_if action=reinterpret pc=0x0000000002e9b250 method=java.util.HashMap.getNode(ILjava/lang/Object;)Ljava/util/HashMap$Node; @ 84

Internal exceptions (7 events):
Event: 0.022 Thread 0x0000000002910800 Exception <a 'java/lang/NoSuchMethodError': Method sun.misc.Unsafe.defineClass(Ljava/lang/String;[BII)Ljava/lang/Class; name or signature does not match> (0x00000000eab07cc0) thrown at [C:\src\android\AOSP-openjdk\external\jetbrains\jdk\hotspot\src\share\v÷òy„¶–?
Event: 0.022 Thread 0x0000000002910800 Exception <a 'java/lang/NoSuchMethodError': Method sun.misc.Unsafe.prefetchRead(Ljava/lang/Object;J)V name or signature does not match> (0x00000000eab07fa8) thrown at [C:\src\android\AOSP-openjdk\external\jetbrains\jdk\hotspot\src\share\vm\prims\jni.cpp, lSÉÙÍžuî?
Event: 0.952 Thread 0x0000000002910800 Implicit null exception at 0x0000000002ce3a15 to 0x0000000002ce60a9
Event: 0.952 Thread 0x0000000002910800 Implicit null exception at 0x0000000002cc310a to 0x0000000002cc54f1
Event: 1.282 Thread 0x000000001780a800 Exception <a 'java/lang/ArrayIndexOutOfBoundsException': 18> (0x00000000ee3b4e00) thrown at [C:\src\android\AOSP-openjdk\external\jetbrains\jdk\hotspot\src\share\vm\interpreter\interpreterRuntime.cpp, line 366]
Event: 1.282 Thread 0x000000001780a800 Exception <a 'java/lang/ArrayIndexOutOfBoundsException': 145> (0x00000000ee3b6980) thrown at [C:\src\android\AOSP-openjdk\external\jetbrains\jdk\hotspot\src\share\vm\interpreter\interpreterRuntime.cpp, line 366]
Event: 1.282 Thread 0x000000001780a800 Exception <a 'java/lang/ArrayIndexOutOfBoundsException': 40> (0x00000000ee3b7c68) thrown at [C:\src\android\AOSP-openjdk\external\jetbrains\jdk\hotspot\src\share\vm\interpreter\interpreterRuntime.cpp, line 366]

Events (10 events):
Event: 1.282 loading class sun/reflect/generics/reflectiveObjects/ParameterizedTypeImpl done
Event: 1.282 loading class java/lang/reflect/TypeVariable
Event: 1.282 loading class java/lang/reflect/TypeVariable done
Event: 1.283 loading class sun/reflect/generics/reflectiveObjects/TypeVariableImpl
Event: 1.283 loading class sun/reflect/generics/reflectiveObjects/LazyReflectiveObjectGenerator
Event: 1.283 loading class sun/reflect/generics/reflectiveObjects/LazyReflectiveObjectGenerator done
Event: 1.283 loading class sun/reflect/generics/reflectiveObjects/TypeVariableImpl done
Event: 1.289 Thread 0x000000001780a800 Uncommon trap: trap_request=0xffffff65 fr.pc=0x0000000002e9b250
Event: 1.289 Thread 0x000000001780a800 DEOPT PACKING pc=0x0000000002e9b250 sp=0x0000000018c0e440
Event: 1.289 Thread 0x000000001780a800 DEOPT UNPACKING pc=0x0000000002a5556a sp=0x0000000018c0e3b8 mode 2


Dynamic libraries:
0x00007ff6d8c70000 - 0x00007ff6d8ca1000 	C:\Program Files\Android\Android Studio\jre\bin\java.exe
0x00007ffea3040000 - 0x00007ffea3201000 	C:\WINDOWS\SYSTEM32\ntdll.dll
0x00007ffea1780000 - 0x00007ffea182d000 	C:\WINDOWS\system32\KERNEL32.DLL
0x00007ffe9ff80000 - 0x00007ffea0168000 	C:\WINDOWS\system32\KERNELBASE.dll
0x00007ffea06f0000 - 0x00007ffea0797000 	C:\WINDOWS\system32\ADVAPI32.dll
0x00007ffea0870000 - 0x00007ffea090d000 	C:\WINDOWS\system32\msvcrt.dll
0x00007ffea09d0000 - 0x00007ffea0a2b000 	C:\WINDOWS\system32\sechost.dll
0x00007ffea1830000 - 0x00007ffea194c000 	C:\WINDOWS\system32\RPCRT4.dll
0x00007ffea1620000 - 0x00007ffea1776000 	C:\WINDOWS\system32\USER32.dll
0x00007ffea0e80000 - 0x00007ffea1006000 	C:\WINDOWS\system32\GDI32.dll
0x00007ffe949a0000 - 0x00007ffe94c14000 	C:\WINDOWS\WinSxS\amd64_microsoft.windows.common-controls_6595b64144ccf1df_6.0.10586.672_none_a2d6b3cea53ff843\COMCTL32.dll
0x00007ffea1030000 - 0x00007ffea12ad000 	C:\WINDOWS\system32\combase.dll
0x00007ffe9f6d0000 - 0x00007ffe9f73a000 	C:\WINDOWS\system32\bcryptPrimitives.dll
0x00007ffea2f40000 - 0x00007ffea2f7b000 	C:\WINDOWS\system32\IMM32.DLL
0x00000000633a0000 - 0x0000000063472000 	C:\Program Files\Android\Android Studio\jre\jre\bin\msvcr100.dll
0x0000000063560000 - 0x0000000063d94000 	C:\Program Files\Android\Android Studio\jre\jre\bin\server\jvm.dll
0x00007ffea0910000 - 0x00007ffea0918000 	C:\WINDOWS\system32\PSAPI.DLL
0x00007ffe8a950000 - 0x00007ffe8a959000 	C:\WINDOWS\SYSTEM32\WSOCK32.dll
0x00007ffe9dc30000 - 0x00007ffe9dc53000 	C:\WINDOWS\SYSTEM32\WINMM.dll
0x00007ffea0570000 - 0x00007ffea05db000 	C:\WINDOWS\system32\WS2_32.dll
0x00007ffe9bf90000 - 0x00007ffe9bf9a000 	C:\WINDOWS\SYSTEM32\VERSION.dll
0x00007ffe9d8f0000 - 0x00007ffe9d91c000 	C:\WINDOWS\SYSTEM32\WINMMBASE.dll
0x00007ffea0200000 - 0x00007ffea0243000 	C:\WINDOWS\system32\cfgmgr32.dll
0x00007ffe94ff0000 - 0x00007ffe94fff000 	C:\Program Files\Android\Android Studio\jre\jre\bin\verify.dll
0x00007ffe92fe0000 - 0x00007ffe93009000 	C:\Program Files\Android\Android Studio\jre\jre\bin\java.dll
0x00007ffe94e50000 - 0x00007ffe94e66000 	C:\Program Files\Android\Android Studio\jre\jre\bin\zip.dll
0x00007ffea19d0000 - 0x00007ffea2f2c000 	C:\WINDOWS\system32\SHELL32.dll
0x00007ffe9f880000 - 0x00007ffe9fec5000 	C:\WINDOWS\system32\windows.storage.dll
0x00007ffea12b0000 - 0x00007ffea1302000 	C:\WINDOWS\system32\shlwapi.dll
0x00007ffe9f670000 - 0x00007ffe9f67f000 	C:\WINDOWS\system32\kernel.appcore.dll
0x00007ffe9f760000 - 0x00007ffe9f815000 	C:\WINDOWS\system32\shcore.dll
0x00007ffe9f680000 - 0x00007ffe9f6cb000 	C:\WINDOWS\system32\powrprof.dll
0x00007ffe9f650000 - 0x00007ffe9f664000 	C:\WINDOWS\system32\profapi.dll

VM Arguments:
jvm_args: -Djava.awt.headless=true -Xmx1024M -Dfile.encoding=GBK -Duser.country=CN -Duser.language=zh -Duser.variant 
java_command: com.android.dx.command.Main --dex --num-threads=4 --output D:\AndroidStudioProject\GoldBowls\app\build\intermediates\pre-dexed\debug\okhttp-3.3.0_01cc990dcf2d17d688f9fc2e7c93ea22339e41ab.jar C:\Users\Administrator\.gradle\caches\modules-2\files-2.1\com.squareup.okhttp3\okhttp\3.3.0\2b802460eea20f8f2ad9c08c74e0f14718e88aa9\okhttp-3.3.0.jar
java_class_path (initial): C:\Users\Administrator\AppData\Local\Android\Sdk\build-tools\24.0.0\lib\dx.jar
Launcher Type: SUN_STANDARD

Environment Variables:
JAVA_HOME=C:\Program Files (x86)\Java\jdk1.8.0_111
CLASSPATH=.;C:\Program Files (x86)\Java\jdk1.8.0_111\lib\dt.jar;C:\Program Files (x86)\Java\jdk1.8.0_111\lib\tools.jar
PATH=C:\ProgramData\Oracle\Java\javapath;C:\Program Files (x86)\Java\jdk1.8.0_111\bin;C:\Program Files (x86)\Java\jdk1.8.0_111\jre\bin;C:\Python27
USERNAME=Administrator
OS=Windows_NT
PROCESSOR_IDENTIFIER=Intel64 Family 6 Model 94 Stepping 3, GenuineIntel



---------------  S Y S T E M  ---------------

OS: Windows 10.0 , 64 bit Build 10586 (10.0.10586.589)

CPU:total 8 (4 cores per cpu, 2 threads per core) family 6 model 94 stepping 3, cmov, cx8, fxsr, mmx, sse, sse2, sse3, ssse3, sse4.1, sse4.2, popcnt, avx, avx2, aes, clmul, erms, rtm, 3dnowpref, lzcnt, ht, tsc, tscinvbit, bmi1, bmi2, adx

Memory: 4k page, physical 16722516k(7138932k free), swap 18819668k(6520k free)

vm_info: OpenJDK 64-Bit Server VM (25.76-b03) for windows-amd64 JRE (1.8.0_76-release-b03), built on Jun 29 2016 19:09:20 by "ralucas" with MS VC++ 10.0 (VS2010)

time: Mon Dec 19 16:15:01 2016
elapsed time: 1 seconds (0d 0h 0m 1s)

