#
# There is insufficient memory for the Java Runtime Environment to continue.
# Native memory allocation (malloc) failed to allocate 32784 bytes for Chunk::new
# Possible reasons:
#   The system is out of physical RAM or swap space
#   In 32 bit mode, the process size limit was hit
# Possible solutions:
#   Reduce memory load on the system
#   Increase physical memory or swap space
#   Check if swap backing store is full
#   Use 64 bit Java on a 64 bit OS
#   Decrease Java heap size (-Xmx/-Xms)
#   Decrease number of Java threads
#   Decrease Java thread stack sizes (-Xss)
#   Set larger code cache with -XX:ReservedCodeCacheSize=
# This output file may be truncated or incomplete.
#
#  Out of Memory Error (allocation.cpp:390), pid=17416, tid=0x000000000000479c
#
# JRE version: OpenJDK Runtime Environment (8.0_76-b03) (build 1.8.0_76-release-b03)
# Java VM: OpenJDK 64-Bit Server VM (25.76-b03 mixed mode windows-amd64 compressed oops)
# Failed to write core dump. Minidumps are not enabled by default on client versions of Windows
#

---------------  T H R E A D  ---------------

Current thread (0x000000001cb2b000):  JavaThread "C2 CompilerThread1" daemon [_thread_in_native, id=18332, stack(0x000000001f200000,0x000000001f300000)]

Stack: [0x000000001f200000,0x000000001f300000]
[error occurred during error reporting (printing stack bounds), id 0xc0000005]

Native frames: (J=compiled Java code, j=interpreted, Vv=VM code, C=native code)


Current CompileTask:
C2:   3281 2073       4       com.android.dx.ssa.back.FirstFitLocalCombiningAllocator$1::visitNonMoveInsn (6 bytes)


---------------  P R O C E S S  ---------------

Java Threads: ( => current thread )
  0x000000001ed3c800 JavaThread "pool-2-thread-4" [_thread_in_Java, id=5560, stack(0x0000000020300000,0x0000000020400000)]
  0x000000001ed39800 JavaThread "pool-2-thread-3" [_thread_in_Java, id=20404, stack(0x0000000020200000,0x0000000020300000)]
  0x000000001ed36800 JavaThread "pool-2-thread-2" [_thread_in_Java, id=18296, stack(0x0000000020100000,0x0000000020200000)]
  0x000000001ed31000 JavaThread "pool-3-thread-1" [_thread_blocked, id=20780, stack(0x0000000020000000,0x0000000020100000)]
  0x000000001eddf000 JavaThread "pool-2-thread-1" [_thread_blocked, id=12984, stack(0x000000001ff00000,0x0000000020000000)]
  0x000000001eb0c000 JavaThread "Service Thread" daemon [_thread_blocked, id=20296, stack(0x000000001f500000,0x000000001f600000)]
  0x000000001eabf000 JavaThread "C1 CompilerThread3" daemon [_thread_blocked, id=20136, stack(0x000000001f400000,0x000000001f500000)]
  0x000000001ea7e000 JavaThread "C2 CompilerThread2" daemon [_thread_in_native, id=18736, stack(0x000000001f300000,0x000000001f400000)]
=>0x000000001cb2b000 JavaThread "C2 CompilerThread1" daemon [_thread_in_native, id=18332, stack(0x000000001f200000,0x000000001f300000)]
  0x000000001ea76800 JavaThread "C2 CompilerThread0" daemon [_thread_in_native, id=17788, stack(0x000000001f100000,0x000000001f200000)]
  0x000000001ea75800 JavaThread "Attach Listener" daemon [_thread_blocked, id=19480, stack(0x000000001f000000,0x000000001f100000)]
  0x000000001ea2a000 JavaThread "Signal Dispatcher" daemon [_thread_blocked, id=14648, stack(0x000000001ef00000,0x000000001f000000)]
  0x000000001ea10800 JavaThread "Finalizer" daemon [_thread_blocked, id=23536, stack(0x000000001edf0000,0x000000001eef0000)]
  0x0000000002ff6000 JavaThread "Reference Handler" daemon [_thread_blocked, id=19032, stack(0x000000001e8f0000,0x000000001e9f0000)]
  0x0000000002f00800 JavaThread "main" [_thread_in_Java, id=15488, stack(0x0000000002e00000,0x0000000002f00000)]

Other Threads:
  0x000000001cb15000 VMThread [stack: 0x000000001e7f0000,0x000000001e8f0000] [id=19872]
  0x000000001eb0c800 WatcherThread [stack: 0x000000001f600000,0x000000001f700000] [id=23140]

VM state:not at safepoint (normal execution)

VM Mutex/Monitor currently owned by a thread: None

Heap:
 PSYoungGen      total 76288K, used 67317K [0x000000076ab00000, 0x0000000770000000, 0x00000007c0000000)
  eden space 65536K, 86% used [0x000000076ab00000,0x000000076e241948,0x000000076eb00000)
  from space 10752K, 99% used [0x000000076eb00000,0x000000076f57bcb8,0x000000076f580000)
  to   space 10752K, 0% used [0x000000076f580000,0x000000076f580000,0x0000000770000000)
 ParOldGen       total 175104K, used 18266K [0x00000006c0000000, 0x00000006cab00000, 0x000000076ab00000)
  object space 175104K, 10% used [0x00000006c0000000,0x00000006c11d6960,0x00000006cab00000)
 Metaspace       used 6456K, capacity 7156K, committed 7296K, reserved 1056768K
  class space    used 598K, capacity 620K, committed 640K, reserved 1048576K

Card table byte_map: [0x00000000123c0000,0x0000000012bd0000] byte_map_base: 0x000000000edc0000

Marking Bits: (ParMarkBitMap*) 0x0000000063d19d00
 Begin Bits: [0x0000000013930000, 0x0000000017930000)
 End Bits:   [0x0000000017930000, 0x000000001b930000)

Polling page: 0x0000000000ed0000

CodeCache: size=245760Kb used=9789Kb max_used=9809Kb free=235970Kb
 bounds [0x0000000003000000, 0x00000000039a0000, 0x0000000012000000]
 total_blobs=2416 nmethods=2145 adapters=184
 compilation: enabled

Compilation events (10 events):
Event: 3.268 Thread 0x000000001eabf000 2181       3       com.android.dx.ssa.SCCP::simulateBranch (666 bytes)
Event: 3.270 Thread 0x000000001eabf000 nmethod 2181 0x000000000398c490 code [0x000000000398c940, 0x0000000003990538]
Event: 3.270 Thread 0x000000001eabf000 2182       2       com.android.dx.dex.file.AnnotationUtils::makeEnclosingMethod (35 bytes)
Event: 3.270 Thread 0x000000001eabf000 nmethod 2182 0x0000000003992150 code [0x00000000039922e0, 0x0000000003992638]
Event: 3.271 Thread 0x000000001cb2b000 nmethod 2084 0x0000000003992890 code [0x0000000003992e60, 0x0000000003997f00]
Event: 3.272 Thread 0x000000001cb2b000 2073       4       com.android.dx.ssa.back.FirstFitLocalCombiningAllocator$1::visitNonMoveInsn (6 bytes)
Event: 3.279 Thread 0x000000001eabf000 2183   !   2       com.android.dx.rop.cst.CstType::intern (48 bytes)
Event: 3.279 Thread 0x000000001eabf000 nmethod 2183 0x000000000398b890 code [0x000000000398ba40, 0x000000000398bf48]
Event: 3.280 Thread 0x000000001eabf000 2184       1       com.android.dx.rop.code.Insn$BaseVisitor::visitThrowingInsn (1 bytes)
Event: 3.280 Thread 0x000000001eabf000 nmethod 2184 0x0000000003978a10 code [0x0000000003978b60, 0x0000000003978c70]

GC Heap History (6 events):
Event: 1.226 GC heap before
{Heap before GC invocations=1 (full 0):
 PSYoungGen      total 76288K, used 65536K [0x000000076ab00000, 0x0000000770000000, 0x00000007c0000000)
  eden space 65536K, 100% used [0x000000076ab00000,0x000000076eb00000,0x000000076eb00000)
  from space 10752K, 0% used [0x000000076f580000,0x000000076f580000,0x0000000770000000)
  to   space 10752K, 0% used [0x000000076eb00000,0x000000076eb00000,0x000000076f580000)
 ParOldGen       total 175104K, used 71K [0x00000006c0000000, 0x00000006cab00000, 0x000000076ab00000)
  object space 175104K, 0% used [0x00000006c0000000,0x00000006c0011dc8,0x00000006cab00000)
 Metaspace       used 6102K, capacity 7024K, committed 7296K, reserved 1056768K
  class space    used 577K, capacity 616K, committed 640K, reserved 1048576K
Event: 1.325 GC heap after
Heap after GC invocations=1 (full 0):
 PSYoungGen      total 76288K, used 10723K [0x000000076ab00000, 0x0000000770000000, 0x00000007c0000000)
  eden space 65536K, 0% used [0x000000076ab00000,0x000000076ab00000,0x000000076eb00000)
  from space 10752K, 99% used [0x000000076eb00000,0x000000076f578eb8,0x000000076f580000)
  to   space 10752K, 0% used [0x000000076f580000,0x000000076f580000,0x0000000770000000)
 ParOldGen       total 175104K, used 204K [0x00000006c0000000, 0x00000006cab00000, 0x000000076ab00000)
  object space 175104K, 0% used [0x00000006c0000000,0x00000006c00332d0,0x00000006cab00000)
 Metaspace       used 6102K, capacity 7024K, committed 7296K, reserved 1056768K
  class space    used 577K, capacity 616K, committed 640K, reserved 1048576K
}
Event: 2.549 GC heap before
{Heap before GC invocations=2 (full 0):
 PSYoungGen      total 76288K, used 76259K [0x000000076ab00000, 0x0000000770000000, 0x00000007c0000000)
  eden space 65536K, 100% used [0x000000076ab00000,0x000000076eb00000,0x000000076eb00000)
  from space 10752K, 99% used [0x000000076eb00000,0x000000076f578eb8,0x000000076f580000)
  to   space 10752K, 0% used [0x000000076f580000,0x000000076f580000,0x0000000770000000)
 ParOldGen       total 175104K, used 206K [0x00000006c0000000, 0x00000006cab00000, 0x000000076ab00000)
  object space 175104K, 0% used [0x00000006c0000000,0x00000006c0033b10,0x00000006cab00000)
 Metaspace       used 6300K, capacity 7152K, committed 7296K, reserved 1056768K
  class space    used 578K, capacity 616K, committed 640K, reserved 1048576K
Event: 2.601 GC heap after
Heap after GC invocations=2 (full 0):
 PSYoungGen      total 76288K, used 10731K [0x000000076ab00000, 0x0000000770000000, 0x00000007c0000000)
  eden space 65536K, 0% used [0x000000076ab00000,0x000000076ab00000,0x000000076eb00000)
  from space 10752K, 99% used [0x000000076f580000,0x000000076fffade8,0x0000000770000000)
  to   space 10752K, 0% used [0x000000076eb00000,0x000000076eb00000,0x000000076f580000)
 ParOldGen       total 175104K, used 8360K [0x00000006c0000000, 0x00000006cab00000, 0x000000076ab00000)
  object space 175104K, 4% used [0x00000006c0000000,0x00000006c082a100,0x00000006cab00000)
 Metaspace       used 6300K, capacity 7152K, committed 7296K, reserved 1056768K
  class space    used 578K, capacity 616K, committed 640K, reserved 1048576K
}
Event: 3.173 GC heap before
{Heap before GC invocations=3 (full 0):
 PSYoungGen      total 76288K, used 76267K [0x000000076ab00000, 0x0000000770000000, 0x00000007c0000000)
  eden space 65536K, 100% used [0x000000076ab00000,0x000000076eb00000,0x000000076eb00000)
  from space 10752K, 99% used [0x000000076f580000,0x000000076fffade8,0x0000000770000000)
  to   space 10752K, 0% used [0x000000076eb00000,0x000000076eb00000,0x000000076f580000)
 ParOldGen       total 175104K, used 8360K [0x00000006c0000000, 0x00000006cab00000, 0x000000076ab00000)
  object space 175104K, 4% used [0x00000006c0000000,0x00000006c082a100,0x00000006cab00000)
 Metaspace       used 6342K, capacity 7152K, committed 7296K, reserved 1056768K
  class space    used 579K, capacity 616K, committed 640K, reserved 1048576K
Event: 3.199 GC heap after
Heap after GC invocations=3 (full 0):
 PSYoungGen      total 76288K, used 10735K [0x000000076ab00000, 0x0000000770000000, 0x00000007c0000000)
  eden space 65536K, 0% used [0x000000076ab00000,0x000000076ab00000,0x000000076eb00000)
  from space 10752K, 99% used [0x000000076eb00000,0x000000076f57bcb8,0x000000076f580000)
  to   space 10752K, 0% used [0x000000076f580000,0x000000076f580000,0x0000000770000000)
 ParOldGen       total 175104K, used 18266K [0x00000006c0000000, 0x00000006cab00000, 0x000000076ab00000)
  object space 175104K, 10% used [0x00000006c0000000,0x00000006c11d6960,0x00000006cab00000)
 Metaspace       used 6342K, capacity 7152K, committed 7296K, reserved 1056768K
  class space    used 579K, capacity 616K, committed 640K, reserved 1048576K
}

Deoptimization events (10 events):
Event: 3.084 Thread 0x000000001ed3c800 Uncommon trap: reason=bimorphic action=maybe_recompile pc=0x0000000003598974 method=com.android.dx.cf.code.BytecodeArray.parseInstruction(ILcom/android/dx/cf/code/BytecodeArray$Visitor;)I @ 2281
Event: 3.086 Thread 0x000000001ed39800 Uncommon trap: reason=null_assert action=make_not_entrant pc=0x000000000390798c method=com.android.dx.cf.code.RopperMachine.run(Lcom/android/dx/cf/code/Frame;II)V @ 1112
Event: 3.102 Thread 0x000000001ed39800 Uncommon trap: reason=unstable_if action=reinterpret pc=0x0000000003843800 method=com.android.dx.rop.code.RegisterSpec.equals(ILcom/android/dx/rop/type/TypeBearer;Lcom/android/dx/rop/code/LocalItem;)Z @ 42
Event: 3.108 Thread 0x000000001ed36800 Uncommon trap: reason=class_check action=maybe_recompile pc=0x0000000003616ce8 method=java.util.HashMap.putVal(ILjava/lang/Object;Ljava/lang/Object;ZZ)Ljava/lang/Object; @ 203
Event: 3.145 Thread 0x0000000002f00800 Uncommon trap: reason=unstable_if action=reinterpret pc=0x00000000035befa4 method=com.android.dx.ssa.SCCP.simulateBranch(Lcom/android/dx/ssa/SsaInsn;)V @ 64
Event: 3.208 Thread 0x000000001eddf000 Uncommon trap: reason=unstable_if action=reinterpret pc=0x00000000032c7e58 method=java.util.HashMap.putVal(ILjava/lang/Object;Ljava/lang/Object;ZZ)Ljava/lang/Object; @ 162
Event: 3.211 Thread 0x000000001eddf000 Uncommon trap: reason=unstable_if action=reinterpret pc=0x00000000038669a4 method=java.util.HashMap.getNode(ILjava/lang/Object;)Ljava/util/HashMap$Node; @ 84
Event: 3.220 Thread 0x000000001ed3c800 Uncommon trap: reason=class_check action=maybe_recompile pc=0x00000000038ae8e4 method=com.android.dx.ssa.SCCP.replaceConstants()V @ 127
Event: 3.222 Thread 0x000000001eddf000 Uncommon trap: reason=unstable_if action=reinterpret pc=0x00000000037255c0 method=java.util.HashMap.resize()[Ljava/util/HashMap$Node; @ 206
Event: 3.227 Thread 0x000000001ed39800 Uncommon trap: reason=unstable_if action=reinterpret pc=0x0000000003742118 method=com.android.dx.ssa.InterferenceRegisterMapper.interferes(III)Z @ 69

Internal exceptions (10 events):
Event: 0.207 Thread 0x0000000002f00800 Exception <a 'java/lang/NoSuchMethodError': Method sun.misc.Unsafe.prefetchRead(Ljava/lang/Object;J)V name or signature does not match> (0x000000076ab07fa8) thrown at [C:\src\android\AOSP-openjdk\external\jetbrains\jdk\hotspot\src\share\vm\prims\jni.cpp, l÷ƒñˆ‰ä?
Event: 0.642 Thread 0x000000001ed36800 Implicit null exception at 0x0000000003308d2b to 0x000000000330bc31
Event: 1.818 Thread 0x000000001eddf000 Implicit null exception at 0x00000000032fd262 to 0x00000000032fd362
Event: 2.548 Thread 0x000000001eddf000 Implicit null exception at 0x000000000364cf25 to 0x000000000364dcfd
Event: 2.548 Thread 0x000000001eddf000 Implicit null exception at 0x00000000037e1184 to 0x00000000037e1361
Event: 2.773 Thread 0x000000001eddf000 Implicit null exception at 0x0000000003645b52 to 0x0000000003646cbd
Event: 2.773 Thread 0x000000001eddf000 Implicit null exception at 0x00000000035eae2d to 0x00000000035eaff9
Event: 3.210 Thread 0x000000001eddf000 Exception <a 'java/lang/ArrayIndexOutOfBoundsException': 18> (0x000000076b2babf0) thrown at [C:\src\android\AOSP-openjdk\external\jetbrains\jdk\hotspot\src\share\vm\interpreter\interpreterRuntime.cpp, line 366]
Event: 3.210 Thread 0x000000001eddf000 Exception <a 'java/lang/ArrayIndexOutOfBoundsException': 145> (0x000000076b2bc770) thrown at [C:\src\android\AOSP-openjdk\external\jetbrains\jdk\hotspot\src\share\vm\interpreter\interpreterRuntime.cpp, line 366]
Event: 3.210 Thread 0x000000001eddf000 Exception <a 'java/lang/ArrayIndexOutOfBoundsException': 40> (0x000000076b2bda58) thrown at [C:\src\android\AOSP-openjdk\external\jetbrains\jdk\hotspot\src\share\vm\interpreter\interpreterRuntime.cpp, line 366]

Events (10 events):
Event: 3.222 Thread 0x000000001eddf000 Uncommon trap: trap_request=0xffffff65 fr.pc=0x00000000037255c0
Event: 3.222 Thread 0x000000001eddf000 DEOPT PACKING pc=0x00000000037255c0 sp=0x000000001fffe4a0
Event: 3.222 Thread 0x000000001eddf000 DEOPT UNPACKING pc=0x000000000304556a sp=0x000000001fffe408 mode 2
Event: 3.227 Thread 0x000000001ed39800 Uncommon trap: trap_request=0xffffff65 fr.pc=0x0000000003742118
Event: 3.227 Thread 0x000000001ed39800 DEOPT PACKING pc=0x0000000003742118 sp=0x00000000202fe9e0
Event: 3.227 Thread 0x000000001ed39800 DEOPT UNPACKING pc=0x000000000304556a sp=0x00000000202fe970 mode 2
Event: 3.234 Thread 0x000000001ed3c800 DEOPT PACKING pc=0x0000000003515637 sp=0x00000000203fe630
Event: 3.234 Thread 0x000000001ed3c800 DEOPT UNPACKING pc=0x00000000030475bf sp=0x00000000203fe460 mode 0
Event: 3.262 Thread 0x000000001ed39800 DEOPT PACKING pc=0x0000000003515637 sp=0x00000000202fec30
Event: 3.262 Thread 0x000000001ed39800 DEOPT UNPACKING pc=0x00000000030475bf sp=0x00000000202fea60 mode 0


Dynamic libraries:
0x00007ff6d8c70000 - 0x00007ff6d8ca1000 	C:\Program Files\Android\Android Studio\jre\bin\java.exe
0x00007ffea3040000 - 0x00007ffea3201000 	C:\WINDOWS\SYSTEM32\ntdll.dll
0x00007ffea1780000 - 0x00007ffea182d000 	C:\WINDOWS\system32\KERNEL32.DLL
0x00007ffe9ff80000 - 0x00007ffea0168000 	C:\WINDOWS\system32\KERNELBASE.dll
0x00007ffea06f0000 - 0x00007ffea0797000 	C:\WINDOWS\system32\ADVAPI32.dll
0x00007ffea0870000 - 0x00007ffea090d000 	C:\WINDOWS\system32\msvcrt.dll
0x00007ffea09d0000 - 0x00007ffea0a2b000 	C:\WINDOWS\system32\sechost.dll
0x00007ffea1830000 - 0x00007ffea194c000 	C:\WINDOWS\system32\RPCRT4.dll
0x00007ffea1620000 - 0x00007ffea1776000 	C:\WINDOWS\system32\USER32.dll
0x00007ffea0e80000 - 0x00007ffea1006000 	C:\WINDOWS\system32\GDI32.dll
0x00007ffe949a0000 - 0x00007ffe94c14000 	C:\WINDOWS\WinSxS\amd64_microsoft.windows.common-controls_6595b64144ccf1df_6.0.10586.672_none_a2d6b3cea53ff843\COMCTL32.dll
0x00007ffea1030000 - 0x00007ffea12ad000 	C:\WINDOWS\system32\combase.dll
0x00007ffe9f6d0000 - 0x00007ffe9f73a000 	C:\WINDOWS\system32\bcryptPrimitives.dll
0x00007ffea2f40000 - 0x00007ffea2f7b000 	C:\WINDOWS\system32\IMM32.DLL
0x00000000633a0000 - 0x0000000063472000 	C:\Program Files\Android\Android Studio\jre\jre\bin\msvcr100.dll
0x0000000063560000 - 0x0000000063d94000 	C:\Program Files\Android\Android Studio\jre\jre\bin\server\jvm.dll
0x00007ffea0910000 - 0x00007ffea0918000 	C:\WINDOWS\system32\PSAPI.DLL
0x00007ffe9dc30000 - 0x00007ffe9dc53000 	C:\WINDOWS\SYSTEM32\WINMM.dll
0x00007ffe8a950000 - 0x00007ffe8a959000 	C:\WINDOWS\SYSTEM32\WSOCK32.dll
0x00007ffe9bf90000 - 0x00007ffe9bf9a000 	C:\WINDOWS\SYSTEM32\VERSION.dll
0x00007ffea0570000 - 0x00007ffea05db000 	C:\WINDOWS\system32\WS2_32.dll
0x00007ffe9d8f0000 - 0x00007ffe9d91c000 	C:\WINDOWS\SYSTEM32\WINMMBASE.dll
0x00007ffea0200000 - 0x00007ffea0243000 	C:\WINDOWS\system32\cfgmgr32.dll
0x00007ffe94ff0000 - 0x00007ffe94fff000 	C:\Program Files\Android\Android Studio\jre\jre\bin\verify.dll
0x00007ffe92fe0000 - 0x00007ffe93009000 	C:\Program Files\Android\Android Studio\jre\jre\bin\java.dll
0x00007ffe94e50000 - 0x00007ffe94e66000 	C:\Program Files\Android\Android Studio\jre\jre\bin\zip.dll
0x00007ffea19d0000 - 0x00007ffea2f2c000 	C:\WINDOWS\system32\SHELL32.dll
0x00007ffe9f880000 - 0x00007ffe9fec5000 	C:\WINDOWS\system32\windows.storage.dll
0x00007ffea12b0000 - 0x00007ffea1302000 	C:\WINDOWS\system32\shlwapi.dll
0x00007ffe9f670000 - 0x00007ffe9f67f000 	C:\WINDOWS\system32\kernel.appcore.dll
0x00007ffe9f760000 - 0x00007ffe9f815000 	C:\WINDOWS\system32\shcore.dll
0x00007ffe9f680000 - 0x00007ffe9f6cb000 	C:\WINDOWS\system32\powrprof.dll
0x00007ffe9f650000 - 0x00007ffe9f664000 	C:\WINDOWS\system32\profapi.dll

VM Arguments:
jvm_args: -Djava.awt.headless=true -Xmx4g -Dfile.encoding=GBK -Duser.country=CN -Duser.language=zh -Duser.variant 
java_command: com.android.dx.command.Main --dex --num-threads=4 --multi-dex --output D:\AndroidStudioProject\GoldBowls\app\build\intermediates\transforms\dex\debug\folders\1000\10\rxjava-1.1.6_11e5c01617ee667d4a45ba948a656c898b69cbfd C:\Users\Administrator\.gradle\caches\modules-2\files-2.1\io.reactivex\rxjava\1.1.6\2586312cd2b8a511e4c6236736f5a039fc0f2273\rxjava-1.1.6.jar
java_class_path (initial): C:\Users\Administrator\AppData\Local\Android\Sdk\build-tools\24.0.0\lib\dx.jar
Launcher Type: SUN_STANDARD

Environment Variables:
JAVA_HOME=C:\Program Files (x86)\Java\jdk1.8.0_111
CLASSPATH=.;C:\Program Files (x86)\Java\jdk1.8.0_111\lib\dt.jar;C:\Program Files (x86)\Java\jdk1.8.0_111\lib\tools.jar
PATH=C:\ProgramData\Oracle\Java\javapath;C:\Program Files (x86)\Java\jdk1.8.0_111\bin;C:\Program Files (x86)\Java\jdk1.8.0_111\jre\bin;C:\Python27
USERNAME=Administrator
OS=Windows_NT
PROCESSOR_IDENTIFIER=Intel64 Family 6 Model 94 Stepping 3, GenuineIntel



---------------  S Y S T E M  ---------------

OS: Windows 10.0 , 64 bit Build 10586 (10.0.10586.589)

CPU:total 8 (4 cores per cpu, 2 threads per core) family 6 model 94 stepping 3, cmov, cx8, fxsr, mmx, sse, sse2, sse3, ssse3, sse4.1, sse4.2, popcnt, avx, avx2, aes, clmul, erms, rtm, 3dnowpref, lzcnt, ht, tsc, tscinvbit, bmi1, bmi2, adx

Memory: 4k page, physical 16722516k(7052048k free), swap 18819668k(4116k free)

vm_info: OpenJDK 64-Bit Server VM (25.76-b03) for windows-amd64 JRE (1.8.0_76-release-b03), built on Jun 29 2016 19:09:20 by "ralucas" with MS VC++ 10.0 (VS2010)

time: Mon Dec 19 16:19:21 2016
elapsed time: 3 seconds (0d 0h 0m 3s)

