#
# There is insufficient memory for the Java Runtime Environment to continue.
# Native memory allocation (malloc) failed to allocate 277216 bytes for Chunk::new
# Possible reasons:
#   The system is out of physical RAM or swap space
#   In 32 bit mode, the process size limit was hit
# Possible solutions:
#   Reduce memory load on the system
#   Increase physical memory or swap space
#   Check if swap backing store is full
#   Use 64 bit Java on a 64 bit OS
#   Decrease Java heap size (-Xmx/-Xms)
#   Decrease number of Java threads
#   Decrease Java thread stack sizes (-Xss)
#   Set larger code cache with -XX:ReservedCodeCacheSize=
# This output file may be truncated or incomplete.
#
#  Out of Memory Error (allocation.cpp:390), pid=2336, tid=0x0000000000002a98
#
# JRE version: OpenJDK Runtime Environment (8.0_76-b03) (build 1.8.0_76-release-b03)
# Java VM: OpenJDK 64-Bit Server VM (25.76-b03 mixed mode windows-amd64 compressed oops)
# Failed to write core dump. Minidumps are not enabled by default on client versions of Windows
#

---------------  T H R E A D  ---------------

Current thread (0x00000000179f7800):  JavaThread "C2 CompilerThread0" daemon [_thread_in_native, id=10904, stack(0x0000000018070000,0x0000000018170000)]

Stack: [0x0000000018070000,0x0000000018170000]
[error occurred during error reporting (printing stack bounds), id 0xc0000005]

Native frames: (J=compiled Java code, j=interpreted, Vv=VM code, C=native code)


Current CompileTask:
C2:   1239 1215       4       com.android.dx.ssa.SCCP::simulateStmt (481 bytes)


---------------  P R O C E S S  ---------------

Java Threads: ( => current thread )
  0x0000000017cc1800 JavaThread "pool-1-thread-4" [_thread_in_Java, id=19636, stack(0x0000000019270000,0x0000000019370000)]
  0x0000000017cab800 JavaThread "pool-1-thread-3" [_thread_in_Java, id=16284, stack(0x0000000019170000,0x0000000019270000)]
  0x0000000017caa800 JavaThread "pool-1-thread-2" [_thread_in_vm, id=19920, stack(0x0000000019070000,0x0000000019170000)]
  0x0000000017ca5000 JavaThread "pool-2-thread-1" [_thread_blocked, id=21148, stack(0x0000000018f70000,0x0000000019070000)]
  0x0000000017cd1800 JavaThread "pool-1-thread-1" [_thread_blocked, id=19996, stack(0x0000000018e70000,0x0000000018f70000)]
  0x0000000017a83800 JavaThread "Service Thread" daemon [_thread_blocked, id=19492, stack(0x0000000018470000,0x0000000018570000)]
  0x0000000017a5d800 JavaThread "C1 CompilerThread3" daemon [_thread_blocked, id=18764, stack(0x0000000018370000,0x0000000018470000)]
  0x0000000017a51800 JavaThread "C2 CompilerThread2" daemon [_thread_blocked, id=19280, stack(0x0000000018270000,0x0000000018370000)]
  0x0000000017a3a000 JavaThread "C2 CompilerThread1" daemon [_thread_blocked, id=8988, stack(0x0000000018170000,0x0000000018270000)]
=>0x00000000179f7800 JavaThread "C2 CompilerThread0" daemon [_thread_in_native, id=10904, stack(0x0000000018070000,0x0000000018170000)]
  0x00000000179ac000 JavaThread "Attach Listener" daemon [_thread_blocked, id=20124, stack(0x0000000017f70000,0x0000000018070000)]
  0x00000000179ab000 JavaThread "Signal Dispatcher" daemon [_thread_blocked, id=18536, stack(0x0000000017e70000,0x0000000017f70000)]
  0x0000000017990800 JavaThread "Finalizer" daemon [_thread_blocked, id=18968, stack(0x0000000017d70000,0x0000000017e70000)]
  0x0000000002f66000 JavaThread "Reference Handler" daemon [_thread_blocked, id=6948, stack(0x0000000017870000,0x0000000017970000)]
  0x0000000002e70800 JavaThread "main" [_thread_in_native, id=19588, stack(0x0000000002970000,0x0000000002a70000)]

Other Threads:
  0x0000000015a85000 VMThread [stack: 0x0000000017770000,0x0000000017870000] [id=18648]
  0x0000000017a84800 WatcherThread [stack: 0x0000000018570000,0x0000000018670000] [id=16300]

VM state:not at safepoint (normal execution)

VM Mutex/Monitor currently owned by a thread: None

Heap:
 PSYoungGen      total 76288K, used 34081K [0x00000000eab00000, 0x00000000f0000000, 0x0000000100000000)
  eden space 65536K, 52% used [0x00000000eab00000,0x00000000ecc487b0,0x00000000eeb00000)
  from space 10752K, 0% used [0x00000000ef580000,0x00000000ef580000,0x00000000f0000000)
  to   space 10752K, 0% used [0x00000000eeb00000,0x00000000eeb00000,0x00000000ef580000)
 ParOldGen       total 175104K, used 0K [0x00000000c0000000, 0x00000000cab00000, 0x00000000eab00000)
  object space 175104K, 0% used [0x00000000c0000000,0x00000000c0000000,0x00000000cab00000)
 Metaspace       used 6020K, capacity 6960K, committed 7040K, reserved 1056768K
  class space    used 579K, capacity 616K, committed 640K, reserved 1048576K

Card table byte_map: [0x0000000012330000,0x0000000012540000] byte_map_base: 0x0000000011d30000

Marking Bits: (ParMarkBitMap*) 0x0000000063d19d00
 Begin Bits: [0x0000000012ea0000, 0x0000000013ea0000)
 End Bits:   [0x0000000013ea0000, 0x0000000014ea0000)

Polling page: 0x00000000011e0000

CodeCache: size=245760Kb used=4963Kb max_used=4975Kb free=240796Kb
 bounds [0x0000000002f70000, 0x0000000003460000, 0x0000000011f70000]
 total_blobs=1492 nmethods=1221 adapters=184
 compilation: disabled (not enough contiguous free space left)

Compilation events (10 events):
Event: 1.233 Thread 0x0000000017a51800 nmethod 1219 0x0000000003415b90 code [0x0000000003415ce0, 0x0000000003415d48]
Event: 1.234 Thread 0x0000000017a5d800 nmethod 1218 0x0000000003446e90 code [0x0000000003447080, 0x0000000003447a78]
Event: 1.235 Thread 0x0000000017a5d800 1220       3       com.android.dx.cf.direct.MethodListParser::set (30 bytes)
Event: 1.235 Thread 0x0000000017a5d800 nmethod 1220 0x000000000343fe10 code [0x0000000003440000, 0x0000000003440a38]
Event: 1.235 Thread 0x0000000017a5d800 1229   !   3       com.android.dx.cf.direct.AttributeListParser::parse (323 bytes)
Event: 1.236 Thread 0x0000000017a3a000 1231   !   4       com.android.dx.rop.code.RegisterSpecSet::put (104 bytes)
Event: 1.237 Thread 0x0000000017a5d800 nmethod 1229 0x0000000003447f10 code [0x0000000003448460, 0x000000000344bba8]
Event: 1.238 Thread 0x0000000017a5d800 1223       3       com.android.dx.cf.code.LocalVariableList::set (23 bytes)
Event: 1.238 Thread 0x0000000017a5d800 nmethod 1223 0x000000000344e450 code [0x000000000344e640, 0x000000000344ef38]
Event: 1.238 Thread 0x0000000017a5d800 1225       3       com.android.dx.cf.direct.AttributeListParser::<init> (83 bytes)

GC Heap History (0 events):
No events

Deoptimization events (10 events):
Event: 0.756 Thread 0x0000000017cab800 Uncommon trap: reason=class_check action=maybe_recompile pc=0x00000000030be914 method=java.util.regex.Matcher.search(I)Z @ 86
Event: 0.756 Thread 0x0000000017cab800 Uncommon trap: reason=unstable_if action=reinterpret pc=0x00000000030be958 method=java.util.regex.Matcher.search(I)Z @ 30
Event: 0.760 Thread 0x0000000002e70800 Uncommon trap: reason=class_check action=maybe_recompile pc=0x00000000031bc3d4 method=com.android.dx.ssa.NormalSsaInsn.accept(Lcom/android/dx/ssa/SsaInsn$Visitor;)V @ 9
Event: 0.775 Thread 0x0000000017cc1800 Uncommon trap: reason=unstable_if action=reinterpret pc=0x00000000031a869c method=java.util.HashMap.getNode(ILjava/lang/Object;)Ljava/util/HashMap$Node; @ 129
Event: 0.784 Thread 0x0000000017cc1800 Uncommon trap: reason=unstable_if action=reinterpret pc=0x000000000318cd70 method=java.util.BitSet.nextSetBit(I)I @ 87
Event: 0.820 Thread 0x0000000017cab800 Uncommon trap: reason=class_check action=maybe_recompile pc=0x00000000031bc3d4 method=com.android.dx.ssa.NormalSsaInsn.accept(Lcom/android/dx/ssa/SsaInsn$Visitor;)V @ 9
Event: 0.831 Thread 0x0000000017caa800 Uncommon trap: reason=class_check action=maybe_recompile pc=0x00000000031bc3d4 method=com.android.dx.ssa.NormalSsaInsn.accept(Lcom/android/dx/ssa/SsaInsn$Visitor;)V @ 9
Event: 0.834 Thread 0x0000000017cab800 Uncommon trap: reason=class_check action=maybe_recompile pc=0x00000000031bc3d4 method=com.android.dx.ssa.NormalSsaInsn.accept(Lcom/android/dx/ssa/SsaInsn$Visitor;)V @ 9
Event: 0.849 Thread 0x0000000017caa800 Uncommon trap: reason=class_check action=maybe_recompile pc=0x00000000031aa630 method=com.android.dx.ssa.NormalSsaInsn.accept(Lcom/android/dx/ssa/SsaInsn$Visitor;)V @ 9
Event: 1.002 Thread 0x0000000017cc1800 Uncommon trap: reason=null_check action=make_not_entrant pc=0x0000000003343ff8 method=com.android.dx.ssa.SsaRenamer.getLocalForNewReg(I)Lcom/android/dx/rop/code/LocalItem; @ 19

Internal exceptions (3 events):
Event: 0.036 Thread 0x0000000002e70800 Exception <a 'java/lang/NoSuchMethodError': Method sun.misc.Unsafe.defineClass(Ljava/lang/String;[BII)Ljava/lang/Class; name or signature does not match> (0x00000000eab07cc0) thrown at [C:\src\android\AOSP-openjdk\external\jetbrains\jdk\hotspot\src\share\vÂ	8š¢ƒ¢?
Event: 0.036 Thread 0x0000000002e70800 Exception <a 'java/lang/NoSuchMethodError': Method sun.misc.Unsafe.prefetchRead(Ljava/lang/Object;J)V name or signature does not match> (0x00000000eab07fa8) thrown at [C:\src\android\AOSP-openjdk\external\jetbrains\jdk\hotspot\src\share\vm\prims\jni.cpp, lŠ!!Àð?
Event: 1.002 Thread 0x0000000017cc1800 Implicit null exception at 0x0000000003342a03 to 0x0000000003343fc5

Events (10 events):
Event: 0.834 Thread 0x0000000017cab800 DEOPT PACKING pc=0x00000000031bc3d4 sp=0x000000001926e810
Event: 0.834 Thread 0x0000000017cab800 DEOPT UNPACKING pc=0x0000000002fb556a sp=0x000000001926e750 mode 2
Event: 0.849 Thread 0x0000000017caa800 Uncommon trap: trap_request=0xffffffde fr.pc=0x00000000031aa630
Event: 0.849 Thread 0x0000000017caa800 DEOPT PACKING pc=0x00000000031aa630 sp=0x000000001916e670
Event: 0.849 Thread 0x0000000017caa800 DEOPT UNPACKING pc=0x0000000002fb556a sp=0x000000001916e600 mode 2
Event: 1.002 Thread 0x0000000017cc1800 Uncommon trap: trap_request=0xfffffff4 fr.pc=0x0000000003343ff8
Event: 1.002 Thread 0x0000000017cc1800 DEOPT PACKING pc=0x0000000003343ff8 sp=0x000000001936e880
Event: 1.002 Thread 0x0000000017cc1800 DEOPT UNPACKING pc=0x0000000002fb556a sp=0x000000001936e6d8 mode 2
Event: 1.105 Executing VM operation: ForceSafepoint
Event: 1.106 Executing VM operation: ForceSafepoint done


Dynamic libraries:
0x00007ff6d8c70000 - 0x00007ff6d8ca1000 	C:\Program Files\Android\Android Studio\jre\bin\java.exe
0x00007ffea3040000 - 0x00007ffea3201000 	C:\WINDOWS\SYSTEM32\ntdll.dll
0x00007ffea1780000 - 0x00007ffea182d000 	C:\WINDOWS\system32\KERNEL32.DLL
0x00007ffe9ff80000 - 0x00007ffea0168000 	C:\WINDOWS\system32\KERNELBASE.dll
0x00007ffea06f0000 - 0x00007ffea0797000 	C:\WINDOWS\system32\ADVAPI32.dll
0x00007ffea0870000 - 0x00007ffea090d000 	C:\WINDOWS\system32\msvcrt.dll
0x00007ffea09d0000 - 0x00007ffea0a2b000 	C:\WINDOWS\system32\sechost.dll
0x00007ffea1830000 - 0x00007ffea194c000 	C:\WINDOWS\system32\RPCRT4.dll
0x00007ffea1620000 - 0x00007ffea1776000 	C:\WINDOWS\system32\USER32.dll
0x00007ffea0e80000 - 0x00007ffea1006000 	C:\WINDOWS\system32\GDI32.dll
0x00007ffe949a0000 - 0x00007ffe94c14000 	C:\WINDOWS\WinSxS\amd64_microsoft.windows.common-controls_6595b64144ccf1df_6.0.10586.672_none_a2d6b3cea53ff843\COMCTL32.dll
0x00007ffea1030000 - 0x00007ffea12ad000 	C:\WINDOWS\system32\combase.dll
0x00007ffe9f6d0000 - 0x00007ffe9f73a000 	C:\WINDOWS\system32\bcryptPrimitives.dll
0x00007ffea2f40000 - 0x00007ffea2f7b000 	C:\WINDOWS\system32\IMM32.DLL
0x00000000633a0000 - 0x0000000063472000 	C:\Program Files\Android\Android Studio\jre\jre\bin\msvcr100.dll
0x0000000063560000 - 0x0000000063d94000 	C:\Program Files\Android\Android Studio\jre\jre\bin\server\jvm.dll
0x00007ffea0910000 - 0x00007ffea0918000 	C:\WINDOWS\system32\PSAPI.DLL
0x00007ffe8a950000 - 0x00007ffe8a959000 	C:\WINDOWS\SYSTEM32\WSOCK32.dll
0x00007ffea0570000 - 0x00007ffea05db000 	C:\WINDOWS\system32\WS2_32.dll
0x00007ffe9dc30000 - 0x00007ffe9dc53000 	C:\WINDOWS\SYSTEM32\WINMM.dll
0x00007ffe9bf90000 - 0x00007ffe9bf9a000 	C:\WINDOWS\SYSTEM32\VERSION.dll
0x00007ffe9d8f0000 - 0x00007ffe9d91c000 	C:\WINDOWS\SYSTEM32\WINMMBASE.dll
0x00007ffea0200000 - 0x00007ffea0243000 	C:\WINDOWS\system32\cfgmgr32.dll
0x00007ffe94ff0000 - 0x00007ffe94fff000 	C:\Program Files\Android\Android Studio\jre\jre\bin\verify.dll
0x00007ffe92fe0000 - 0x00007ffe93009000 	C:\Program Files\Android\Android Studio\jre\jre\bin\java.dll
0x00007ffe94e50000 - 0x00007ffe94e66000 	C:\Program Files\Android\Android Studio\jre\jre\bin\zip.dll
0x00007ffea19d0000 - 0x00007ffea2f2c000 	C:\WINDOWS\system32\SHELL32.dll
0x00007ffe9f880000 - 0x00007ffe9fec5000 	C:\WINDOWS\system32\windows.storage.dll
0x00007ffea12b0000 - 0x00007ffea1302000 	C:\WINDOWS\system32\shlwapi.dll
0x00007ffe9f670000 - 0x00007ffe9f67f000 	C:\WINDOWS\system32\kernel.appcore.dll
0x00007ffe9f760000 - 0x00007ffe9f815000 	C:\WINDOWS\system32\shcore.dll
0x00007ffe9f680000 - 0x00007ffe9f6cb000 	C:\WINDOWS\system32\powrprof.dll
0x00007ffe9f650000 - 0x00007ffe9f664000 	C:\WINDOWS\system32\profapi.dll

VM Arguments:
jvm_args: -Djava.awt.headless=true -Xmx1024M -Dfile.encoding=GBK -Duser.country=CN -Duser.language=zh -Duser.variant 
java_command: com.android.dx.command.Main --dex --num-threads=4 --output D:\AndroidStudioProject\GoldBowls\app\build\intermediates\pre-dexed\debug\haha-2.0.2_bf7137858285ff2850156bd9ad03ec720e349dec.jar C:\Users\Administrator\.gradle\caches\modules-2\files-2.1\com.squareup.haha\haha\2.0.2\fd65b84d12d6adc77ec0e4fcaca623fc391d8679\haha-2.0.2.jar
java_class_path (initial): C:\Users\Administrator\AppData\Local\Android\Sdk\build-tools\24.0.0\lib\dx.jar
Launcher Type: SUN_STANDARD

Environment Variables:
JAVA_HOME=C:\Program Files (x86)\Java\jdk1.8.0_111
CLASSPATH=.;C:\Program Files (x86)\Java\jdk1.8.0_111\lib\dt.jar;C:\Program Files (x86)\Java\jdk1.8.0_111\lib\tools.jar
PATH=C:\ProgramData\Oracle\Java\javapath;C:\Program Files (x86)\Java\jdk1.8.0_111\bin;C:\Program Files (x86)\Java\jdk1.8.0_111\jre\bin;C:\Python27
USERNAME=Administrator
OS=Windows_NT
PROCESSOR_IDENTIFIER=Intel64 Family 6 Model 94 Stepping 3, GenuineIntel



---------------  S Y S T E M  ---------------

OS: Windows 10.0 , 64 bit Build 10586 (10.0.10586.589)

CPU:total 8 (4 cores per cpu, 2 threads per core) family 6 model 94 stepping 3, cmov, cx8, fxsr, mmx, sse, sse2, sse3, ssse3, sse4.1, sse4.2, popcnt, avx, avx2, aes, clmul, erms, rtm, 3dnowpref, lzcnt, ht, tsc, tscinvbit, bmi1, bmi2, adx

Memory: 4k page, physical 16722516k(7184660k free), swap 18819668k(8024k free)

vm_info: OpenJDK 64-Bit Server VM (25.76-b03) for windows-amd64 JRE (1.8.0_76-release-b03), built on Jun 29 2016 19:09:20 by "ralucas" with MS VC++ 10.0 (VS2010)

time: Mon Dec 19 16:15:00 2016
elapsed time: 1 seconds (0d 0h 0m 1s)

