#
# There is insufficient memory for the Java Runtime Environment to continue.
# Native memory allocation (malloc) failed to allocate 814416 bytes for Chunk::new
# Possible reasons:
#   The system is out of physical RAM or swap space
#   In 32 bit mode, the process size limit was hit
# Possible solutions:
#   Reduce memory load on the system
#   Increase physical memory or swap space
#   Check if swap backing store is full
#   Use 64 bit Java on a 64 bit OS
#   Decrease Java heap size (-Xmx/-Xms)
#   Decrease number of Java threads
#   Decrease Java thread stack sizes (-Xss)
#   Set larger code cache with -XX:ReservedCodeCacheSize=
# This output file may be truncated or incomplete.
#
#  Out of Memory Error (allocation.cpp:390), pid=17532, tid=0x0000000000004cbc
#
# JRE version: OpenJDK Runtime Environment (8.0_76-b03) (build 1.8.0_76-release-b03)
# Java VM: OpenJDK 64-Bit Server VM (25.76-b03 mixed mode windows-amd64 compressed oops)
# Failed to write core dump. Minidumps are not enabled by default on client versions of Windows
#

---------------  T H R E A D  ---------------

Current thread (0x0000000018136000):  JavaThread "C2 CompilerThread1" daemon [_thread_in_native, id=19644, stack(0x0000000018900000,0x0000000018a00000)]

Stack: [0x0000000018900000,0x0000000018a00000]
[error occurred during error reporting (printing stack bounds), id 0xc0000005]

Native frames: (J=compiled Java code, j=interpreted, Vv=VM code, C=native code)


Current CompileTask:
C2:   1338 1357   !   4       com.android.dx.cf.code.BytecodeArray::parseInstruction (2764 bytes)


---------------  P R O C E S S  ---------------

Java Threads: ( => current thread )
  0x00000000184a8800 JavaThread "pool-1-thread-4" [_thread_blocked, id=21152, stack(0x0000000019a00000,0x0000000019b00000)]
  0x00000000184a8000 JavaThread "pool-1-thread-3" [_thread_blocked, id=20240, stack(0x0000000019900000,0x0000000019a00000)]
  0x00000000184a3000 JavaThread "pool-1-thread-2" [_thread_blocked, id=20060, stack(0x0000000019800000,0x0000000019900000)]
  0x0000000018e9c800 JavaThread "pool-2-thread-1" [_thread_blocked, id=19680, stack(0x0000000019700000,0x0000000019800000)]
  0x0000000018e10000 JavaThread "pool-1-thread-1" [_thread_blocked, id=19892, stack(0x0000000019600000,0x0000000019700000)]
  0x00000000181e8000 JavaThread "Service Thread" daemon [_thread_blocked, id=22204, stack(0x0000000018c00000,0x0000000018d00000)]
  0x00000000181e6800 JavaThread "C1 CompilerThread3" daemon [_thread_blocked, id=19964, stack(0x0000000018b00000,0x0000000018c00000)]
  0x00000000181e3000 JavaThread "C2 CompilerThread2" daemon [_thread_blocked, id=19988, stack(0x0000000018a00000,0x0000000018b00000)]
=>0x0000000018136000 JavaThread "C2 CompilerThread1" daemon [_thread_in_native, id=19644, stack(0x0000000018900000,0x0000000018a00000)]
  0x0000000018133000 JavaThread "C2 CompilerThread0" daemon [_thread_blocked, id=19972, stack(0x0000000018800000,0x0000000018900000)]
  0x0000000018126800 JavaThread "Attach Listener" daemon [_thread_blocked, id=20816, stack(0x0000000018700000,0x0000000018800000)]
  0x0000000018188800 JavaThread "Signal Dispatcher" daemon [_thread_blocked, id=19684, stack(0x0000000018600000,0x0000000018700000)]
  0x00000000036fe000 JavaThread "Finalizer" daemon [_thread_blocked, id=19652, stack(0x0000000018500000,0x0000000018600000)]
  0x00000000036f7000 JavaThread "Reference Handler" daemon [_thread_blocked, id=20460, stack(0x0000000018000000,0x0000000018100000)]
  0x0000000003600800 JavaThread "main" [_thread_blocked, id=19528, stack(0x0000000003500000,0x0000000003600000)]

Other Threads:
  0x0000000016215800 VMThread [stack: 0x0000000017f00000,0x0000000018000000] [id=18868]
  0x00000000181e9000 WatcherThread [stack: 0x0000000018d00000,0x0000000018e00000] [id=9036]

VM state:not at safepoint (normal execution)

VM Mutex/Monitor currently owned by a thread: None

Heap:
 PSYoungGen      total 76288K, used 57675K [0x00000000eab00000, 0x00000000f0000000, 0x0000000100000000)
  eden space 65536K, 88% used [0x00000000eab00000,0x00000000ee352d50,0x00000000eeb00000)
  from space 10752K, 0% used [0x00000000ef580000,0x00000000ef580000,0x00000000f0000000)
  to   space 10752K, 0% used [0x00000000eeb00000,0x00000000eeb00000,0x00000000ef580000)
 ParOldGen       total 175104K, used 0K [0x00000000c0000000, 0x00000000cab00000, 0x00000000eab00000)
  object space 175104K, 0% used [0x00000000c0000000,0x00000000c0000000,0x00000000cab00000)
 Metaspace       used 6069K, capacity 6960K, committed 7040K, reserved 1056768K
  class space    used 579K, capacity 616K, committed 640K, reserved 1048576K

Card table byte_map: [0x0000000012ac0000,0x0000000012cd0000] byte_map_base: 0x00000000124c0000

Marking Bits: (ParMarkBitMap*) 0x0000000063d19d00
 Begin Bits: [0x0000000013630000, 0x0000000014630000)
 End Bits:   [0x0000000014630000, 0x0000000015630000)

Polling page: 0x00000000017c0000

CodeCache: size=245760Kb used=5711Kb max_used=5722Kb free=240048Kb
 bounds [0x0000000003700000, 0x0000000003ca0000, 0x0000000012700000]
 total_blobs=1672 nmethods=1401 adapters=184
 compilation: enabled

Compilation events (10 events):
Event: 1.312 Thread 0x0000000018133000 1408       4       com.android.dx.ssa.back.FirstFitLocalCombiningAllocator::getParameterIndexForReg (55 bytes)
Event: 1.312 Thread 0x00000000181e6800 nmethod 1401 0x0000000003c93f10 code [0x0000000003c940a0, 0x0000000003c94650]
Event: 1.312 Thread 0x00000000181e6800 1402       3       com.android.dx.cf.code.Frame::adjustLocalsForSubroutines (28 bytes)
Event: 1.312 Thread 0x00000000181e6800 nmethod 1402 0x0000000003c94850 code [0x0000000003c949e0, 0x0000000003c94ee8]
Event: 1.313 Thread 0x00000000181e6800 1409       3       com.android.dx.ssa.back.SsaToRop::verifyValidExitPredecessor (53 bytes)
Event: 1.313 Thread 0x00000000181e3000 nmethod 1403 0x0000000003c98290 code [0x0000000003c98400, 0x0000000003c98a58]
Event: 1.313 Thread 0x00000000181e6800 nmethod 1409 0x0000000003c973d0 code [0x0000000003c975c0, 0x0000000003c97dd8]
Event: 1.313 Thread 0x00000000181e6800 1410       3       java.util.concurrent.locks.ReentrantLock$FairSync::tryAcquire (74 bytes)
Event: 1.314 Thread 0x00000000181e6800 nmethod 1410 0x0000000003c96850 code [0x0000000003c96a00, 0x0000000003c97238]
Event: 1.315 Thread 0x0000000018133000 nmethod 1408 0x0000000003c9ac10 code [0x0000000003c9ad80, 0x0000000003c9b068]

GC Heap History (0 events):
No events

Deoptimization events (5 events):
Event: 0.156 Thread 0x0000000003600800 Uncommon trap: reason=unstable_if action=reinterpret pc=0x000000000384c394 method=java.lang.String.compareTo(Ljava/lang/String;)I @ 38
Event: 0.181 Thread 0x0000000003600800 Uncommon trap: reason=unstable_if action=reinterpret pc=0x00000000038508d8 method=java.lang.String.indexOf(II)I @ 49
Event: 0.346 Thread 0x00000000184a3000 Uncommon trap: reason=unstable_if action=reinterpret pc=0x000000000390df70 method=java.util.BitSet.nextSetBit(I)I @ 87
Event: 0.349 Thread 0x00000000184a3000 Uncommon trap: reason=unstable_if action=reinterpret pc=0x0000000003908ca4 method=java.util.HashMap.getNode(ILjava/lang/Object;)Ljava/util/HashMap$Node; @ 129
Event: 0.583 Thread 0x0000000018e10000 Uncommon trap: reason=unstable_if action=reinterpret pc=0x00000000039a285c method=com.android.dx.rop.cst.Constant.compareTo(Lcom/android/dx/rop/cst/Constant;)I @ 12

Internal exceptions (2 events):
Event: 0.023 Thread 0x0000000003600800 Exception <a 'java/lang/NoSuchMethodError': Method sun.misc.Unsafe.defineClass(Ljava/lang/String;[BII)Ljava/lang/Class; name or signature does not match> (0x00000000eab07cc0) thrown at [C:\src\android\AOSP-openjdk\external\jetbrains\jdk\hotspot\src\share\v‡v1Ž|Ö—?
Event: 0.023 Thread 0x0000000003600800 Exception <a 'java/lang/NoSuchMethodError': Method sun.misc.Unsafe.prefetchRead(Ljava/lang/Object;J)V name or signature does not match> (0x00000000eab07fa8) thrown at [C:\src\android\AOSP-openjdk\external\jetbrains\jdk\hotspot\src\share\vm\prims\jni.cpp, l

Events (10 events):
Event: 0.594 loading class com/android/dx/dex/file/UniformListItem
Event: 0.594 loading class com/android/dx/dex/file/UniformListItem done
Event: 0.608 loading class com/android/dx/dex/file/AnnotationSetRefItem
Event: 0.608 loading class com/android/dx/dex/file/AnnotationSetRefItem done
Event: 0.616 loading class java/util/TreeMap$EntrySet
Event: 0.616 loading class java/util/TreeMap$EntrySet done
Event: 0.616 loading class java/util/TreeMap$EntryIterator
Event: 0.616 loading class java/util/TreeMap$EntryIterator done
Event: 0.639 Executing VM operation: Deoptimize
Event: 0.646 Executing VM operation: Deoptimize done


Dynamic libraries:
0x00007ff6d8c70000 - 0x00007ff6d8ca1000 	C:\Program Files\Android\Android Studio\jre\bin\java.exe
0x00007ffea3040000 - 0x00007ffea3201000 	C:\WINDOWS\SYSTEM32\ntdll.dll
0x00007ffea1780000 - 0x00007ffea182d000 	C:\WINDOWS\system32\KERNEL32.DLL
0x00007ffe9ff80000 - 0x00007ffea0168000 	C:\WINDOWS\system32\KERNELBASE.dll
0x00007ffea06f0000 - 0x00007ffea0797000 	C:\WINDOWS\system32\ADVAPI32.dll
0x00007ffea0870000 - 0x00007ffea090d000 	C:\WINDOWS\system32\msvcrt.dll
0x00007ffea09d0000 - 0x00007ffea0a2b000 	C:\WINDOWS\system32\sechost.dll
0x00007ffea1830000 - 0x00007ffea194c000 	C:\WINDOWS\system32\RPCRT4.dll
0x00007ffea1620000 - 0x00007ffea1776000 	C:\WINDOWS\system32\USER32.dll
0x00007ffea0e80000 - 0x00007ffea1006000 	C:\WINDOWS\system32\GDI32.dll
0x00007ffe949a0000 - 0x00007ffe94c14000 	C:\WINDOWS\WinSxS\amd64_microsoft.windows.common-controls_6595b64144ccf1df_6.0.10586.672_none_a2d6b3cea53ff843\COMCTL32.dll
0x00007ffea1030000 - 0x00007ffea12ad000 	C:\WINDOWS\system32\combase.dll
0x00007ffe9f6d0000 - 0x00007ffe9f73a000 	C:\WINDOWS\system32\bcryptPrimitives.dll
0x00007ffea2f40000 - 0x00007ffea2f7b000 	C:\WINDOWS\system32\IMM32.DLL
0x00000000633a0000 - 0x0000000063472000 	C:\Program Files\Android\Android Studio\jre\jre\bin\msvcr100.dll
0x0000000063560000 - 0x0000000063d94000 	C:\Program Files\Android\Android Studio\jre\jre\bin\server\jvm.dll
0x00007ffea0910000 - 0x00007ffea0918000 	C:\WINDOWS\system32\PSAPI.DLL
0x00007ffe8a950000 - 0x00007ffe8a959000 	C:\WINDOWS\SYSTEM32\WSOCK32.dll
0x00007ffe9dc30000 - 0x00007ffe9dc53000 	C:\WINDOWS\SYSTEM32\WINMM.dll
0x00007ffe9bf90000 - 0x00007ffe9bf9a000 	C:\WINDOWS\SYSTEM32\VERSION.dll
0x00007ffea0570000 - 0x00007ffea05db000 	C:\WINDOWS\system32\WS2_32.dll
0x00007ffe9d8f0000 - 0x00007ffe9d91c000 	C:\WINDOWS\SYSTEM32\WINMMBASE.dll
0x00007ffea0200000 - 0x00007ffea0243000 	C:\WINDOWS\system32\cfgmgr32.dll
0x00007ffe94ff0000 - 0x00007ffe94fff000 	C:\Program Files\Android\Android Studio\jre\jre\bin\verify.dll
0x00007ffe92fe0000 - 0x00007ffe93009000 	C:\Program Files\Android\Android Studio\jre\jre\bin\java.dll
0x00007ffe94e50000 - 0x00007ffe94e66000 	C:\Program Files\Android\Android Studio\jre\jre\bin\zip.dll
0x00007ffea19d0000 - 0x00007ffea2f2c000 	C:\WINDOWS\system32\SHELL32.dll
0x00007ffe9f880000 - 0x00007ffe9fec5000 	C:\WINDOWS\system32\windows.storage.dll
0x00007ffea12b0000 - 0x00007ffea1302000 	C:\WINDOWS\system32\shlwapi.dll
0x00007ffe9f670000 - 0x00007ffe9f67f000 	C:\WINDOWS\system32\kernel.appcore.dll
0x00007ffe9f760000 - 0x00007ffe9f815000 	C:\WINDOWS\system32\shcore.dll
0x00007ffe9f680000 - 0x00007ffe9f6cb000 	C:\WINDOWS\system32\powrprof.dll
0x00007ffe9f650000 - 0x00007ffe9f664000 	C:\WINDOWS\system32\profapi.dll

VM Arguments:
jvm_args: -Djava.awt.headless=true -Xmx1024M -Dfile.encoding=GBK -Duser.country=CN -Duser.language=zh -Duser.variant 
java_command: com.android.dx.command.Main --dex --num-threads=4 --output D:\AndroidStudioProject\GoldBowls\app\build\intermediates\pre-dexed\debug\internal_impl-24.1.1_4653d4993199acf4b8aa302c0004ceffd007b40d.jar D:\AndroidStudioProject\GoldBowls\app\build\intermediates\exploded-aar\com.android.support\support-v4\24.1.1\jars\libs\internal_impl-24.1.1.jar
java_class_path (initial): C:\Users\Administrator\AppData\Local\Android\Sdk\build-tools\24.0.0\lib\dx.jar
Launcher Type: SUN_STANDARD

Environment Variables:
JAVA_HOME=C:\Program Files (x86)\Java\jdk1.8.0_111
CLASSPATH=.;C:\Program Files (x86)\Java\jdk1.8.0_111\lib\dt.jar;C:\Program Files (x86)\Java\jdk1.8.0_111\lib\tools.jar
PATH=C:\ProgramData\Oracle\Java\javapath;C:\Program Files (x86)\Java\jdk1.8.0_111\bin;C:\Program Files (x86)\Java\jdk1.8.0_111\jre\bin;C:\Python27
USERNAME=Administrator
OS=Windows_NT
PROCESSOR_IDENTIFIER=Intel64 Family 6 Model 94 Stepping 3, GenuineIntel



---------------  S Y S T E M  ---------------

OS: Windows 10.0 , 64 bit Build 10586 (10.0.10586.589)

CPU:total 8 (4 cores per cpu, 2 threads per core) family 6 model 94 stepping 3, cmov, cx8, fxsr, mmx, sse, sse2, sse3, ssse3, sse4.1, sse4.2, popcnt, avx, avx2, aes, clmul, erms, rtm, 3dnowpref, lzcnt, ht, tsc, tscinvbit, bmi1, bmi2, adx

Memory: 4k page, physical 16722516k(7135948k free), swap 18819668k(5340k free)

vm_info: OpenJDK 64-Bit Server VM (25.76-b03) for windows-amd64 JRE (1.8.0_76-release-b03), built on Jun 29 2016 19:09:20 by "ralucas" with MS VC++ 10.0 (VS2010)

time: Mon Dec 19 16:15:01 2016
elapsed time: 1 seconds (0d 0h 0m 1s)

