#
# There is insufficient memory for the Java Runtime Environment to continue.
# Native memory allocation (malloc) failed to allocate 318096 bytes for Chunk::new
# Possible reasons:
#   The system is out of physical RAM or swap space
#   In 32 bit mode, the process size limit was hit
# Possible solutions:
#   Reduce memory load on the system
#   Increase physical memory or swap space
#   Check if swap backing store is full
#   Use 64 bit Java on a 64 bit OS
#   Decrease Java heap size (-Xmx/-Xms)
#   Decrease number of Java threads
#   Decrease Java thread stack sizes (-Xss)
#   Set larger code cache with -XX:ReservedCodeCacheSize=
# This output file may be truncated or incomplete.
#
#  Out of Memory Error (allocation.cpp:390), pid=22716, tid=0x0000000000005bdc
#
# JRE version: OpenJDK Runtime Environment (8.0_76-b03) (build 1.8.0_76-release-b03)
# Java VM: OpenJDK 64-Bit Server VM (25.76-b03 mixed mode windows-amd64 compressed oops)
# Failed to write core dump. Minidumps are not enabled by default on client versions of Windows
#

---------------  T H R E A D  ---------------

Current thread (0x000000001762f800):  JavaThread "C2 CompilerThread1" daemon [_thread_in_native, id=23516, stack(0x0000000017df0000,0x0000000017ef0000)]

Stack: [0x0000000017df0000,0x0000000017ef0000]
[error occurred during error reporting (printing stack bounds), id 0xc0000005]

Native frames: (J=compiled Java code, j=interpreted, Vv=VM code, C=native code)


Current CompileTask:
C2:    412  712   !   4       com.android.dx.rop.code.RegisterSpec::intern (70 bytes)


---------------  P R O C E S S  ---------------

Java Threads: ( => current thread )
  0x00000000178fa800 JavaThread "pool-1-thread-4" [_thread_blocked, id=14744, stack(0x00000000186f0000,0x00000000187f0000)]
  0x00000000178f8000 JavaThread "pool-1-thread-3" [_thread_in_Java, id=19388, stack(0x00000000185f0000,0x00000000186f0000)]
  0x00000000178e0800 JavaThread "pool-1-thread-2" [_thread_blocked, id=14616, stack(0x00000000184f0000,0x00000000185f0000)]
  0x00000000178df800 JavaThread "pool-2-thread-1" [_thread_blocked, id=15580, stack(0x00000000183f0000,0x00000000184f0000)]
  0x00000000177ef000 JavaThread "pool-1-thread-1" [_thread_in_Java, id=12220, stack(0x00000000182f0000,0x00000000183f0000)]
  0x0000000017712000 JavaThread "Service Thread" daemon [_thread_blocked, id=3268, stack(0x00000000180f0000,0x00000000181f0000)]
  0x0000000017687800 JavaThread "C1 CompilerThread3" daemon [_thread_in_native, id=23024, stack(0x0000000017ff0000,0x00000000180f0000)]
  0x000000001573d800 JavaThread "C2 CompilerThread2" daemon [_thread_in_native, id=5496, stack(0x0000000017ef0000,0x0000000017ff0000)]
=>0x000000001762f800 JavaThread "C2 CompilerThread1" daemon [_thread_in_native, id=23516, stack(0x0000000017df0000,0x0000000017ef0000)]
  0x0000000017629800 JavaThread "C2 CompilerThread0" daemon [_thread_in_vm, id=23000, stack(0x0000000017cf0000,0x0000000017df0000)]
  0x0000000017628800 JavaThread "Attach Listener" daemon [_thread_blocked, id=22760, stack(0x0000000017bf0000,0x0000000017cf0000)]
  0x0000000017680800 JavaThread "Signal Dispatcher" daemon [_thread_blocked, id=22832, stack(0x0000000017af0000,0x0000000017bf0000)]
  0x0000000017610800 JavaThread "Finalizer" daemon [_thread_blocked, id=22460, stack(0x00000000179f0000,0x0000000017af0000)]
  0x0000000002c08800 JavaThread "Reference Handler" daemon [_thread_blocked, id=23220, stack(0x00000000174f0000,0x00000000175f0000)]
  0x0000000002b10800 JavaThread "main" [_thread_blocked, id=22876, stack(0x0000000002640000,0x0000000002740000)]

Other Threads:
  0x0000000015725000 VMThread [stack: 0x00000000173f0000,0x00000000174f0000] [id=22276]
  0x0000000017699000 WatcherThread [stack: 0x00000000181f0000,0x00000000182f0000] [id=22844]

VM state:not at safepoint (normal execution)

VM Mutex/Monitor currently owned by a thread: None

Heap:
 PSYoungGen      total 76288K, used 19922K [0x00000000eab00000, 0x00000000f0000000, 0x0000000100000000)
  eden space 65536K, 30% used [0x00000000eab00000,0x00000000ebe74a60,0x00000000eeb00000)
  from space 10752K, 0% used [0x00000000ef580000,0x00000000ef580000,0x00000000f0000000)
  to   space 10752K, 0% used [0x00000000eeb00000,0x00000000eeb00000,0x00000000ef580000)
 ParOldGen       total 175104K, used 0K [0x00000000c0000000, 0x00000000cab00000, 0x00000000eab00000)
  object space 175104K, 0% used [0x00000000c0000000,0x00000000c0000000,0x00000000cab00000)
 Metaspace       used 5687K, capacity 6640K, committed 6784K, reserved 1056768K
  class space    used 575K, capacity 616K, committed 640K, reserved 1048576K

Card table byte_map: [0x0000000011fd0000,0x00000000121e0000] byte_map_base: 0x00000000119d0000

Marking Bits: (ParMarkBitMap*) 0x0000000063d19d00
 Begin Bits: [0x0000000012b40000, 0x0000000013b40000)
 End Bits:   [0x0000000013b40000, 0x0000000014b40000)

Polling page: 0x0000000000900000

CodeCache: size=245760Kb used=2703Kb max_used=2715Kb free=243056Kb
 bounds [0x0000000002c10000, 0x0000000002ec0000, 0x0000000011c10000]
 total_blobs=979 nmethods=709 adapters=184
 compilation: enabled

Compilation events (10 events):
Event: 0.402 Thread 0x0000000017629800 nmethod 726 0x0000000002e6ae10 code [0x0000000002e6af40, 0x0000000002e6afd8]
Event: 0.402 Thread 0x0000000017629800  735       4       com.android.dx.rop.cst.Constant::compareTo (33 bytes)
Event: 0.403 Thread 0x0000000017629800 nmethod 735 0x0000000002eb6850 code [0x0000000002eb69a0, 0x0000000002eb6bd8]
Event: 0.403 Thread 0x0000000017629800  715       4       com.android.dx.rop.type.Type::getBasicFrameType (60 bytes)
Event: 0.403 Thread 0x0000000017629800 nmethod 715 0x0000000002e88c90 code [0x0000000002e88dc0, 0x0000000002e88e38]
Event: 0.404 Thread 0x0000000017629800  743   !   4       com.android.dx.util.IntList::<init> (37 bytes)
Event: 0.406 Thread 0x0000000017629800 nmethod 743 0x0000000002eb6510 code [0x0000000002eb6660, 0x0000000002eb6798]
Event: 0.406 Thread 0x0000000017629800  745       4       java.util.Collections$UnmodifiableCollection$1::hasNext (10 bytes)
Event: 0.406 Thread 0x0000000017629800 nmethod 745 0x0000000002eb61d0 code [0x0000000002eb6320, 0x0000000002eb63f8]
Event: 0.406 Thread 0x0000000017629800  747       4       com.android.dx.rop.code.RegisterSpecSet::mutableCopy (57 bytes)

GC Heap History (0 events):
No events

Deoptimization events (2 events):
Event: 0.123 Thread 0x0000000002b10800 Uncommon trap: reason=unstable_if action=reinterpret pc=0x0000000002d51c54 method=java.lang.String.indexOf(II)I @ 49
Event: 0.349 Thread 0x00000000178f8000 Uncommon trap: reason=unstable_if action=reinterpret pc=0x0000000002e1ca30 method=java.util.BitSet.nextSetBit(I)I @ 87

Internal exceptions (2 events):
Event: 0.021 Thread 0x0000000002b10800 Exception <a 'java/lang/NoSuchMethodError': Method sun.misc.Unsafe.defineClass(Ljava/lang/String;[BII)Ljava/lang/Class; name or signature does not match> (0x00000000eab07cc0) thrown at [C:\src\android\AOSP-openjdk\external\jetbrains\jdk\hotspot\src\share\vvÉÏôVŠ•?
Event: 0.021 Thread 0x0000000002b10800 Exception <a 'java/lang/NoSuchMethodError': Method sun.misc.Unsafe.prefetchRead(Ljava/lang/Object;J)V name or signature does not match> (0x00000000eab07fa8) thrown at [C:\src\android\AOSP-openjdk\external\jetbrains\jdk\hotspot\src\share\vm\prims\jni.cpp, lð

Events (10 events):
Event: 0.334 loading class java/util/TreeMap$EntrySet done
Event: 0.334 loading class java/util/TreeMap$EntryIterator
Event: 0.334 loading class java/util/TreeMap$EntryIterator done
Event: 0.345 loading class java/util/ArrayList$1
Event: 0.345 loading class java/util/ArrayList$1 done
Event: 0.349 Thread 0x00000000178f8000 Uncommon trap: trap_request=0xffffff65 fr.pc=0x0000000002e1ca30
Event: 0.349 Thread 0x00000000178f8000 DEOPT PACKING pc=0x0000000002e1ca30 sp=0x00000000186ee820
Event: 0.349 Thread 0x00000000178f8000 DEOPT UNPACKING pc=0x0000000002c5556a sp=0x00000000186ee7b8 mode 2
Event: 0.364 Executing VM operation: ForceSafepoint
Event: 0.388 Executing VM operation: ForceSafepoint done


Dynamic libraries:
0x00007ff6d8c70000 - 0x00007ff6d8ca1000 	C:\Program Files\Android\Android Studio\jre\bin\java.exe
0x00007ffea3040000 - 0x00007ffea3201000 	C:\WINDOWS\SYSTEM32\ntdll.dll
0x00007ffea1780000 - 0x00007ffea182d000 	C:\WINDOWS\system32\KERNEL32.DLL
0x00007ffe9ff80000 - 0x00007ffea0168000 	C:\WINDOWS\system32\KERNELBASE.dll
0x00007ffea06f0000 - 0x00007ffea0797000 	C:\WINDOWS\system32\ADVAPI32.dll
0x00007ffea0870000 - 0x00007ffea090d000 	C:\WINDOWS\system32\msvcrt.dll
0x00007ffea09d0000 - 0x00007ffea0a2b000 	C:\WINDOWS\system32\sechost.dll
0x00007ffea1830000 - 0x00007ffea194c000 	C:\WINDOWS\system32\RPCRT4.dll
0x00007ffea1620000 - 0x00007ffea1776000 	C:\WINDOWS\system32\USER32.dll
0x00007ffea0e80000 - 0x00007ffea1006000 	C:\WINDOWS\system32\GDI32.dll
0x00007ffe949a0000 - 0x00007ffe94c14000 	C:\WINDOWS\WinSxS\amd64_microsoft.windows.common-controls_6595b64144ccf1df_6.0.10586.672_none_a2d6b3cea53ff843\COMCTL32.dll
0x00007ffea1030000 - 0x00007ffea12ad000 	C:\WINDOWS\system32\combase.dll
0x00007ffe9f6d0000 - 0x00007ffe9f73a000 	C:\WINDOWS\system32\bcryptPrimitives.dll
0x00007ffea2f40000 - 0x00007ffea2f7b000 	C:\WINDOWS\system32\IMM32.DLL
0x00000000633a0000 - 0x0000000063472000 	C:\Program Files\Android\Android Studio\jre\jre\bin\msvcr100.dll
0x0000000063560000 - 0x0000000063d94000 	C:\Program Files\Android\Android Studio\jre\jre\bin\server\jvm.dll
0x00007ffea0910000 - 0x00007ffea0918000 	C:\WINDOWS\system32\PSAPI.DLL
0x00007ffe8a950000 - 0x00007ffe8a959000 	C:\WINDOWS\SYSTEM32\WSOCK32.dll
0x00007ffe9dc30000 - 0x00007ffe9dc53000 	C:\WINDOWS\SYSTEM32\WINMM.dll
0x00007ffe9bf90000 - 0x00007ffe9bf9a000 	C:\WINDOWS\SYSTEM32\VERSION.dll
0x00007ffea0570000 - 0x00007ffea05db000 	C:\WINDOWS\system32\WS2_32.dll
0x0000000000e70000 - 0x0000000000e9c000 	C:\WINDOWS\SYSTEM32\WINMMBASE.dll
0x00007ffea0200000 - 0x00007ffea0243000 	C:\WINDOWS\system32\cfgmgr32.dll
0x00007ffe94ff0000 - 0x00007ffe94fff000 	C:\Program Files\Android\Android Studio\jre\jre\bin\verify.dll
0x00007ffe92fe0000 - 0x00007ffe93009000 	C:\Program Files\Android\Android Studio\jre\jre\bin\java.dll
0x00007ffe94e50000 - 0x00007ffe94e66000 	C:\Program Files\Android\Android Studio\jre\jre\bin\zip.dll
0x00007ffea19d0000 - 0x00007ffea2f2c000 	C:\WINDOWS\system32\SHELL32.dll
0x00007ffe9f880000 - 0x00007ffe9fec5000 	C:\WINDOWS\system32\windows.storage.dll
0x00007ffea12b0000 - 0x00007ffea1302000 	C:\WINDOWS\system32\shlwapi.dll
0x00007ffe9f670000 - 0x00007ffe9f67f000 	C:\WINDOWS\system32\kernel.appcore.dll
0x00007ffe9f760000 - 0x00007ffe9f815000 	C:\WINDOWS\system32\shcore.dll
0x00007ffe9f680000 - 0x00007ffe9f6cb000 	C:\WINDOWS\system32\powrprof.dll
0x00007ffe9f650000 - 0x00007ffe9f664000 	C:\WINDOWS\system32\profapi.dll

VM Arguments:
jvm_args: -Djava.awt.headless=true -Xmx1024M -Dfile.encoding=GBK -Duser.country=CN -Duser.language=zh -Duser.variant 
java_command: com.android.dx.command.Main --dex --num-threads=4 --output D:\AndroidStudioProject\GoldBowls\app\build\intermediates\pre-dexed\debug\com.getkeepsafe.relinker-relinker-1.2.1_eaee2b7149d3bec0425c1f7012eee24132490cae.jar D:\AndroidStudioProject\GoldBowls\app\build\intermediates\exploded-aar\com.getkeepsafe.relinker\relinker\1.2.1\jars\classes.jar
java_class_path (initial): C:\Users\Administrator\AppData\Local\Android\Sdk\build-tools\24.0.0\lib\dx.jar
Launcher Type: SUN_STANDARD

Environment Variables:
JAVA_HOME=C:\Program Files (x86)\Java\jdk1.8.0_111
CLASSPATH=.;C:\Program Files (x86)\Java\jdk1.8.0_111\lib\dt.jar;C:\Program Files (x86)\Java\jdk1.8.0_111\lib\tools.jar
PATH=C:\ProgramData\Oracle\Java\javapath;C:\Program Files (x86)\Java\jdk1.8.0_111\bin;C:\Program Files (x86)\Java\jdk1.8.0_111\jre\bin;C:\Python27
USERNAME=Administrator
OS=Windows_NT
PROCESSOR_IDENTIFIER=Intel64 Family 6 Model 94 Stepping 3, GenuineIntel



---------------  S Y S T E M  ---------------

OS: Windows 10.0 , 64 bit Build 10586 (10.0.10586.589)

CPU:total 8 (4 cores per cpu, 2 threads per core) family 6 model 94 stepping 3, cmov, cx8, fxsr, mmx, sse, sse2, sse3, ssse3, sse4.1, sse4.2, popcnt, avx, avx2, aes, clmul, erms, rtm, 3dnowpref, lzcnt, ht, tsc, tscinvbit, bmi1, bmi2, adx

Memory: 4k page, physical 16722516k(7141368k free), swap 18819668k(5236k free)

vm_info: OpenJDK 64-Bit Server VM (25.76-b03) for windows-amd64 JRE (1.8.0_76-release-b03), built on Jun 29 2016 19:09:20 by "ralucas" with MS VC++ 10.0 (VS2010)

time: Mon Dec 19 16:12:06 2016
elapsed time: 0 seconds (0d 0h 0m 0s)

