#
# There is insufficient memory for the Java Runtime Environment to continue.
# Native memory allocation (malloc) failed to allocate 1435376 bytes for Chunk::new
# Possible reasons:
#   The system is out of physical RAM or swap space
#   In 32 bit mode, the process size limit was hit
# Possible solutions:
#   Reduce memory load on the system
#   Increase physical memory or swap space
#   Check if swap backing store is full
#   Use 64 bit Java on a 64 bit OS
#   Decrease Java heap size (-Xmx/-Xms)
#   Decrease number of Java threads
#   Decrease Java thread stack sizes (-Xss)
#   Set larger code cache with -XX:ReservedCodeCacheSize=
# This output file may be truncated or incomplete.
#
#  Out of Memory Error (allocation.cpp:390), pid=14616, tid=0x0000000000001c30
#
# JRE version: OpenJDK Runtime Environment (8.0_76-b03) (build 1.8.0_76-release-b03)
# Java VM: OpenJDK 64-Bit Server VM (25.76-b03 mixed mode windows-amd64 compressed oops)
# Failed to write core dump. Minidumps are not enabled by default on client versions of Windows
#

---------------  T H R E A D  ---------------

Current thread (0x000000001edbc000):  JavaThread "C2 CompilerThread1" daemon [_thread_in_native, id=7216, stack(0x000000001f580000,0x000000001f680000)]

Stack: [0x000000001f580000,0x000000001f680000]
[error occurred during error reporting (printing stack bounds), id 0xc0000005]

Native frames: (J=compiled Java code, j=interpreted, Vv=VM code, C=native code)


Current CompileTask:
C2:   1620 1763   !   4       com.android.dx.cf.code.Ropper::processBlock (1101 bytes)


---------------  P R O C E S S  ---------------

Java Threads: ( => current thread )
  0x000000001f078000 JavaThread "pool-2-thread-4" [_thread_in_Java, id=18996, stack(0x0000000020680000,0x0000000020780000)]
  0x000000001f077800 JavaThread "pool-2-thread-3" [_thread_in_Java, id=22936, stack(0x0000000020580000,0x0000000020680000)]
  0x000000001f123800 JavaThread "pool-2-thread-2" [_thread_in_Java, id=22556, stack(0x0000000020480000,0x0000000020580000)]
  0x000000001f0bf800 JavaThread "pool-3-thread-1" [_thread_blocked, id=22744, stack(0x0000000020380000,0x0000000020480000)]
  0x000000001f0bb800 JavaThread "pool-2-thread-1" [_thread_in_Java, id=21776, stack(0x0000000020280000,0x0000000020380000)]
  0x000000001ee96000 JavaThread "Service Thread" daemon [_thread_blocked, id=20912, stack(0x000000001f880000,0x000000001f980000)]
  0x000000001ee71000 JavaThread "C1 CompilerThread3" daemon [_thread_blocked, id=22680, stack(0x000000001f780000,0x000000001f880000)]
  0x000000001ee61800 JavaThread "C2 CompilerThread2" daemon [_thread_in_native, id=18916, stack(0x000000001f680000,0x000000001f780000)]
=>0x000000001edbc000 JavaThread "C2 CompilerThread1" daemon [_thread_in_native, id=7216, stack(0x000000001f580000,0x000000001f680000)]
  0x000000001ceae800 JavaThread "C2 CompilerThread0" daemon [_thread_in_native, id=23064, stack(0x000000001f480000,0x000000001f580000)]
  0x000000001edb9000 JavaThread "Attach Listener" daemon [_thread_blocked, id=23516, stack(0x000000001f380000,0x000000001f480000)]
  0x000000001ee08800 JavaThread "Signal Dispatcher" daemon [_thread_blocked, id=17876, stack(0x000000001f280000,0x000000001f380000)]
  0x0000000003378800 JavaThread "Finalizer" daemon [_thread_blocked, id=12516, stack(0x000000001f180000,0x000000001f280000)]
  0x000000001ce9b000 JavaThread "Reference Handler" daemon [_thread_blocked, id=21748, stack(0x000000001ec80000,0x000000001ed80000)]
  0x0000000003280800 JavaThread "main" [_thread_in_Java, id=23340, stack(0x0000000003180000,0x0000000003280000)]

Other Threads:
  0x000000001ce97800 VMThread [stack: 0x000000001eb80000,0x000000001ec80000] [id=13596]
  0x000000001ee96800 WatcherThread [stack: 0x000000001f980000,0x000000001fa80000] [id=17456]

VM state:not at safepoint (normal execution)

VM Mutex/Monitor currently owned by a thread: None

Heap:
 PSYoungGen      total 141824K, used 40168K [0x000000076ab00000, 0x000000077c000000, 0x00000007c0000000)
  eden space 131072K, 22% used [0x000000076ab00000,0x000000076c7bb170,0x0000000772b00000)
  from space 10752K, 99% used [0x0000000772b00000,0x000000077357efa8,0x0000000773580000)
  to   space 10752K, 0% used [0x000000077b580000,0x000000077b580000,0x000000077c000000)
 ParOldGen       total 175104K, used 26118K [0x00000006c0000000, 0x00000006cab00000, 0x000000076ab00000)
  object space 175104K, 14% used [0x00000006c0000000,0x00000006c1981a68,0x00000006cab00000)
 Metaspace       used 6463K, capacity 7220K, committed 7296K, reserved 1056768K
  class space    used 601K, capacity 620K, committed 640K, reserved 1048576K

Card table byte_map: [0x0000000012740000,0x0000000012f50000] byte_map_base: 0x000000000f140000

Marking Bits: (ParMarkBitMap*) 0x0000000063d19d00
 Begin Bits: [0x0000000013cb0000, 0x0000000017cb0000)
 End Bits:   [0x0000000017cb0000, 0x000000001bcb0000)

Polling page: 0x0000000001100000

CodeCache: size=245760Kb used=7525Kb max_used=7525Kb free=238235Kb
 bounds [0x0000000003380000, 0x0000000003af0000, 0x0000000012380000]
 total_blobs=2251 nmethods=1980 adapters=184
 compilation: enabled

Compilation events (10 events):
Event: 1.614 Thread 0x000000001ee71000 2033       2       com.android.dx.command.dexer.Main$ClassTranslatorTask::call (14 bytes)
Event: 1.614 Thread 0x000000001ee71000 nmethod 2033 0x0000000003aded50 code [0x0000000003adeec0, 0x0000000003adf048]
Event: 1.614 Thread 0x000000001ee71000 2034       2       com.android.dx.command.dexer.Main::access$2700 (6 bytes)
Event: 1.614 Thread 0x000000001ee71000 nmethod 2034 0x0000000003adf110 code [0x0000000003adf260, 0x0000000003adf3a8]
Event: 1.614 Thread 0x000000001ee71000 2035   !   2       com.android.dx.command.dexer.Main::translateClass (65 bytes)
Event: 1.615 Thread 0x000000001ee71000 nmethod 2035 0x0000000003adf450 code [0x0000000003adf600, 0x0000000003adfa88]
Event: 1.615 Thread 0x000000001ee71000 2036   !   2       com.android.dx.dex.cf.CfTranslator::translate (44 bytes)
Event: 1.615 Thread 0x000000001ee71000 nmethod 2036 0x0000000003adfd50 code [0x0000000003adff00, 0x0000000003ae0288]
Event: 1.615 Thread 0x000000001ee71000 2037       2       com.android.dx.dex.file.ClassDataItem::<init> (96 bytes)
Event: 1.615 Thread 0x000000001ee71000 nmethod 2037 0x0000000003ae0550 code [0x0000000003ae0740, 0x0000000003ae0ce8]

GC Heap History (6 events):
Event: 0.748 GC heap before
{Heap before GC invocations=1 (full 0):
 PSYoungGen      total 76288K, used 65536K [0x000000076ab00000, 0x0000000770000000, 0x00000007c0000000)
  eden space 65536K, 100% used [0x000000076ab00000,0x000000076eb00000,0x000000076eb00000)
  from space 10752K, 0% used [0x000000076f580000,0x000000076f580000,0x0000000770000000)
  to   space 10752K, 0% used [0x000000076eb00000,0x000000076eb00000,0x000000076f580000)
 ParOldGen       total 175104K, used 0K [0x00000006c0000000, 0x00000006cab00000, 0x000000076ab00000)
  object space 175104K, 0% used [0x00000006c0000000,0x00000006c0000000,0x00000006cab00000)
 Metaspace       used 6047K, capacity 6960K, committed 7040K, reserved 1056768K
  class space    used 582K, capacity 616K, committed 640K, reserved 1048576K
Event: 0.764 GC heap after
Heap after GC invocations=1 (full 0):
 PSYoungGen      total 76288K, used 9995K [0x000000076ab00000, 0x0000000774000000, 0x00000007c0000000)
  eden space 65536K, 0% used [0x000000076ab00000,0x000000076ab00000,0x000000076eb00000)
  from space 10752K, 92% used [0x000000076eb00000,0x000000076f4c2f20,0x000000076f580000)
  to   space 10752K, 0% used [0x0000000773580000,0x0000000773580000,0x0000000774000000)
 ParOldGen       total 175104K, used 8K [0x00000006c0000000, 0x00000006cab00000, 0x000000076ab00000)
  object space 175104K, 0% used [0x00000006c0000000,0x00000006c0002000,0x00000006cab00000)
 Metaspace       used 6047K, capacity 6960K, committed 7040K, reserved 1056768K
  class space    used 582K, capacity 616K, committed 640K, reserved 1048576K
}
Event: 1.134 GC heap before
{Heap before GC invocations=2 (full 0):
 PSYoungGen      total 76288K, used 75531K [0x000000076ab00000, 0x0000000774000000, 0x00000007c0000000)
  eden space 65536K, 100% used [0x000000076ab00000,0x000000076eb00000,0x000000076eb00000)
  from space 10752K, 92% used [0x000000076eb00000,0x000000076f4c2f20,0x000000076f580000)
  to   space 10752K, 0% used [0x0000000773580000,0x0000000773580000,0x0000000774000000)
 ParOldGen       total 175104K, used 8K [0x00000006c0000000, 0x00000006cab00000, 0x000000076ab00000)
  object space 175104K, 0% used [0x00000006c0000000,0x00000006c0002000,0x00000006cab00000)
 Metaspace       used 6226K, capacity 7088K, committed 7296K, reserved 1056768K
  class space    used 583K, capacity 616K, committed 640K, reserved 1048576K
Event: 1.164 GC heap after
Heap after GC invocations=2 (full 0):
 PSYoungGen      total 141824K, used 10732K [0x000000076ab00000, 0x0000000774000000, 0x00000007c0000000)
  eden space 131072K, 0% used [0x000000076ab00000,0x000000076ab00000,0x0000000772b00000)
  from space 10752K, 99% used [0x0000000773580000,0x0000000773ffb138,0x0000000774000000)
  to   space 10752K, 0% used [0x0000000772b00000,0x0000000772b00000,0x0000000773580000)
 ParOldGen       total 175104K, used 5734K [0x00000006c0000000, 0x00000006cab00000, 0x000000076ab00000)
  object space 175104K, 3% used [0x00000006c0000000,0x00000006c0599930,0x00000006cab00000)
 Metaspace       used 6226K, capacity 7088K, committed 7296K, reserved 1056768K
  class space    used 583K, capacity 616K, committed 640K, reserved 1048576K
}
Event: 1.556 GC heap before
{Heap before GC invocations=3 (full 0):
 PSYoungGen      total 141824K, used 141804K [0x000000076ab00000, 0x0000000774000000, 0x00000007c0000000)
  eden space 131072K, 100% used [0x000000076ab00000,0x0000000772b00000,0x0000000772b00000)
  from space 10752K, 99% used [0x0000000773580000,0x0000000773ffb138,0x0000000774000000)
  to   space 10752K, 0% used [0x0000000772b00000,0x0000000772b00000,0x0000000773580000)
 ParOldGen       total 175104K, used 5734K [0x00000006c0000000, 0x00000006cab00000, 0x000000076ab00000)
  object space 175104K, 3% used [0x00000006c0000000,0x00000006c0599930,0x00000006cab00000)
 Metaspace       used 6362K, capacity 7152K, committed 7296K, reserved 1056768K
  class space    used 583K, capacity 616K, committed 640K, reserved 1048576K
Event: 1.577 GC heap after
Heap after GC invocations=3 (full 0):
 PSYoungGen      total 141824K, used 10747K [0x000000076ab00000, 0x000000077c000000, 0x00000007c0000000)
  eden space 131072K, 0% used [0x000000076ab00000,0x000000076ab00000,0x0000000772b00000)
  from space 10752K, 99% used [0x0000000772b00000,0x000000077357efa8,0x0000000773580000)
  to   space 10752K, 0% used [0x000000077b580000,0x000000077b580000,0x000000077c000000)
 ParOldGen       total 175104K, used 26118K [0x00000006c0000000, 0x00000006cab00000, 0x000000076ab00000)
  object space 175104K, 14% used [0x00000006c0000000,0x00000006c1981a68,0x00000006cab00000)
 Metaspace       used 6362K, capacity 7152K, committed 7296K, reserved 1056768K
  class space    used 583K, capacity 616K, committed 640K, reserved 1048576K
}

Deoptimization events (10 events):
Event: 0.983 Thread 0x000000001f123800 Uncommon trap: reason=unstable_if action=reinterpret pc=0x000000000372b30c method=com.android.dx.util.IntList.binarysearch(I)I @ 105
Event: 1.025 Thread 0x000000001f123800 Uncommon trap: reason=bimorphic action=maybe_recompile pc=0x00000000039307bc method=com.android.dx.cf.code.BytecodeArray.parseInstruction(ILcom/android/dx/cf/code/BytecodeArray$Visitor;)I @ 1501
Event: 1.026 Thread 0x000000001f123800 Uncommon trap: reason=bimorphic action=maybe_recompile pc=0x00000000039307bc method=com.android.dx.cf.code.BytecodeArray.parseInstruction(ILcom/android/dx/cf/code/BytecodeArray$Visitor;)I @ 1501
Event: 1.048 Thread 0x000000001f123800 Uncommon trap: reason=unstable_if action=reinterpret pc=0x00000000039625dc method=com.android.dx.ssa.LocalVariableExtractor.processBlock(I)V @ 251
Event: 1.338 Thread 0x000000001f123800 Uncommon trap: reason=bimorphic action=maybe_recompile pc=0x00000000039d5c1c method=com.android.dx.cf.code.BytecodeArray.parseInstruction(ILcom/android/dx/cf/code/BytecodeArray$Visitor;)I @ 1130
Event: 1.338 Thread 0x000000001f123800 Uncommon trap: reason=bimorphic action=maybe_recompile pc=0x00000000039d5c1c method=com.android.dx.cf.code.BytecodeArray.parseInstruction(ILcom/android/dx/cf/code/BytecodeArray$Visitor;)I @ 1130
Event: 1.444 Thread 0x000000001f123800 Uncommon trap: reason=unstable_if action=reinterpret pc=0x0000000003889380 method=com.android.dx.ssa.SCCP.simulateStmt(Lcom/android/dx/ssa/SsaInsn;)V @ 53
Event: 1.449 Thread 0x000000001f123800 Uncommon trap: reason=class_check action=maybe_recompile pc=0x00000000036f77b4 method=java.util.HashMap.putVal(ILjava/lang/Object;Ljava/lang/Object;ZZ)Ljava/lang/Object; @ 203
Event: 1.534 Thread 0x0000000003280800 Uncommon trap: reason=unstable_if action=reinterpret pc=0x0000000003996898 method=com.android.dx.rop.code.LocalItem.compareHandlesNulls(Lcom/android/dx/rop/cst/CstString;Lcom/android/dx/rop/cst/CstString;)I @ 14
Event: 1.603 Thread 0x000000001f123800 Uncommon trap: reason=unstable_if action=reinterpret pc=0x0000000003a9c35c method=java.util.HashMap.putVal(ILjava/lang/Object;Ljava/lang/Object;ZZ)Ljava/lang/Object; @ 94

Internal exceptions (7 events):
Event: 0.033 Thread 0x0000000003280800 Exception <a 'java/lang/NoSuchMethodError': Method sun.misc.Unsafe.defineClass(Ljava/lang/String;[BII)Ljava/lang/Class; name or signature does not match> (0x000000076ab07cc0) thrown at [C:\src\android\AOSP-openjdk\external\jetbrains\jdk\hotspot\src\share\vO®OFïî ?
Event: 0.033 Thread 0x0000000003280800 Exception <a 'java/lang/NoSuchMethodError': Method sun.misc.Unsafe.prefetchRead(Ljava/lang/Object;J)V name or signature does not match> (0x000000076ab07fa8) thrown at [C:\src\android\AOSP-openjdk\external\jetbrains\jdk\hotspot\src\share\vm\prims\jni.cpp, l™h–b´ë?
Event: 0.866 Thread 0x000000001f077800 Implicit null exception at 0x0000000003695569 to 0x0000000003697b95
Event: 1.534 Thread 0x0000000003280800 Implicit null exception at 0x0000000003995421 to 0x0000000003996869
Event: 1.608 Thread 0x0000000003280800 Exception <a 'java/lang/ArrayIndexOutOfBoundsException': 18> (0x000000076bfbc628) thrown at [C:\src\android\AOSP-openjdk\external\jetbrains\jdk\hotspot\src\share\vm\interpreter\interpreterRuntime.cpp, line 366]
Event: 1.609 Thread 0x0000000003280800 Exception <a 'java/lang/ArrayIndexOutOfBoundsException': 145> (0x000000076bfbe1a8) thrown at [C:\src\android\AOSP-openjdk\external\jetbrains\jdk\hotspot\src\share\vm\interpreter\interpreterRuntime.cpp, line 366]
Event: 1.609 Thread 0x0000000003280800 Exception <a 'java/lang/ArrayIndexOutOfBoundsException': 40> (0x000000076bfbf490) thrown at [C:\src\android\AOSP-openjdk\external\jetbrains\jdk\hotspot\src\share\vm\interpreter\interpreterRuntime.cpp, line 366]

Events (10 events):
Event: 1.609 loading class sun/reflect/generics/reflectiveObjects/ParameterizedTypeImpl
Event: 1.609 loading class java/lang/reflect/ParameterizedType
Event: 1.609 loading class java/lang/reflect/ParameterizedType done
Event: 1.609 loading class sun/reflect/generics/reflectiveObjects/ParameterizedTypeImpl done
Event: 1.609 loading class java/lang/reflect/TypeVariable
Event: 1.609 loading class java/lang/reflect/TypeVariable done
Event: 1.609 loading class sun/reflect/generics/reflectiveObjects/TypeVariableImpl
Event: 1.609 loading class sun/reflect/generics/reflectiveObjects/LazyReflectiveObjectGenerator
Event: 1.609 loading class sun/reflect/generics/reflectiveObjects/LazyReflectiveObjectGenerator done
Event: 1.609 loading class sun/reflect/generics/reflectiveObjects/TypeVariableImpl done


Dynamic libraries:
0x00007ff6d8c70000 - 0x00007ff6d8ca1000 	C:\Program Files\Android\Android Studio\jre\bin\java.exe
0x00007ffea3040000 - 0x00007ffea3201000 	C:\WINDOWS\SYSTEM32\ntdll.dll
0x00007ffea1780000 - 0x00007ffea182d000 	C:\WINDOWS\system32\KERNEL32.DLL
0x00007ffe9ff80000 - 0x00007ffea0168000 	C:\WINDOWS\system32\KERNELBASE.dll
0x00007ffea06f0000 - 0x00007ffea0797000 	C:\WINDOWS\system32\ADVAPI32.dll
0x00007ffea0870000 - 0x00007ffea090d000 	C:\WINDOWS\system32\msvcrt.dll
0x00007ffea09d0000 - 0x00007ffea0a2b000 	C:\WINDOWS\system32\sechost.dll
0x00007ffea1830000 - 0x00007ffea194c000 	C:\WINDOWS\system32\RPCRT4.dll
0x00007ffea1620000 - 0x00007ffea1776000 	C:\WINDOWS\system32\USER32.dll
0x00007ffea0e80000 - 0x00007ffea1006000 	C:\WINDOWS\system32\GDI32.dll
0x00007ffe949a0000 - 0x00007ffe94c14000 	C:\WINDOWS\WinSxS\amd64_microsoft.windows.common-controls_6595b64144ccf1df_6.0.10586.672_none_a2d6b3cea53ff843\COMCTL32.dll
0x00007ffea1030000 - 0x00007ffea12ad000 	C:\WINDOWS\system32\combase.dll
0x00007ffe9f6d0000 - 0x00007ffe9f73a000 	C:\WINDOWS\system32\bcryptPrimitives.dll
0x00007ffea2f40000 - 0x00007ffea2f7b000 	C:\WINDOWS\system32\IMM32.DLL
0x00000000633a0000 - 0x0000000063472000 	C:\Program Files\Android\Android Studio\jre\jre\bin\msvcr100.dll
0x0000000063560000 - 0x0000000063d94000 	C:\Program Files\Android\Android Studio\jre\jre\bin\server\jvm.dll
0x00007ffea0910000 - 0x00007ffea0918000 	C:\WINDOWS\system32\PSAPI.DLL
0x00007ffe8a950000 - 0x00007ffe8a959000 	C:\WINDOWS\SYSTEM32\WSOCK32.dll
0x00007ffea0570000 - 0x00007ffea05db000 	C:\WINDOWS\system32\WS2_32.dll
0x00007ffe9dc30000 - 0x00007ffe9dc53000 	C:\WINDOWS\SYSTEM32\WINMM.dll
0x00007ffe9bf90000 - 0x00007ffe9bf9a000 	C:\WINDOWS\SYSTEM32\VERSION.dll
0x00007ffe9d8f0000 - 0x00007ffe9d91c000 	C:\WINDOWS\SYSTEM32\WINMMBASE.dll
0x00007ffea0200000 - 0x00007ffea0243000 	C:\WINDOWS\system32\cfgmgr32.dll
0x00007ffe94ff0000 - 0x00007ffe94fff000 	C:\Program Files\Android\Android Studio\jre\jre\bin\verify.dll
0x00007ffe92fe0000 - 0x00007ffe93009000 	C:\Program Files\Android\Android Studio\jre\jre\bin\java.dll
0x00007ffe94e50000 - 0x00007ffe94e66000 	C:\Program Files\Android\Android Studio\jre\jre\bin\zip.dll
0x00007ffea19d0000 - 0x00007ffea2f2c000 	C:\WINDOWS\system32\SHELL32.dll
0x00007ffe9f880000 - 0x00007ffe9fec5000 	C:\WINDOWS\system32\windows.storage.dll
0x00007ffea12b0000 - 0x00007ffea1302000 	C:\WINDOWS\system32\shlwapi.dll
0x00007ffe9f670000 - 0x00007ffe9f67f000 	C:\WINDOWS\system32\kernel.appcore.dll
0x00007ffe9f760000 - 0x00007ffe9f815000 	C:\WINDOWS\system32\shcore.dll
0x00007ffe9f680000 - 0x00007ffe9f6cb000 	C:\WINDOWS\system32\powrprof.dll
0x00007ffe9f650000 - 0x00007ffe9f664000 	C:\WINDOWS\system32\profapi.dll

VM Arguments:
jvm_args: -Djava.awt.headless=true -Xmx4g -Dfile.encoding=GBK -Duser.country=CN -Duser.language=zh -Duser.variant 
java_command: com.android.dx.command.Main --dex --num-threads=4 --multi-dex --output D:\AndroidStudioProject\GoldBowls\app\build\intermediates\transforms\dex\debug\folders\1000\10\com.android.support-support-v4-24.1.1_615dc88d79c94bf286a9c0b7a2cd3eb8218d6023 D:\AndroidStudioProject\GoldBowls\app\build\intermediates\exploded-aar\com.android.support\support-v4\24.1.1\jars\classes.jar
java_class_path (initial): C:\Users\Administrator\AppData\Local\Android\Sdk\build-tools\24.0.0\lib\dx.jar
Launcher Type: SUN_STANDARD

Environment Variables:
JAVA_HOME=C:\Program Files (x86)\Java\jdk1.8.0_111
CLASSPATH=.;C:\Program Files (x86)\Java\jdk1.8.0_111\lib\dt.jar;C:\Program Files (x86)\Java\jdk1.8.0_111\lib\tools.jar
PATH=C:\ProgramData\Oracle\Java\javapath;C:\Program Files (x86)\Java\jdk1.8.0_111\bin;C:\Program Files (x86)\Java\jdk1.8.0_111\jre\bin;C:\Python27
USERNAME=Administrator
OS=Windows_NT
PROCESSOR_IDENTIFIER=Intel64 Family 6 Model 94 Stepping 3, GenuineIntel



---------------  S Y S T E M  ---------------

OS: Windows 10.0 , 64 bit Build 10586 (10.0.10586.589)

CPU:total 8 (4 cores per cpu, 2 threads per core) family 6 model 94 stepping 3, cmov, cx8, fxsr, mmx, sse, sse2, sse3, ssse3, sse4.1, sse4.2, popcnt, avx, avx2, aes, clmul, erms, rtm, 3dnowpref, lzcnt, ht, tsc, tscinvbit, bmi1, bmi2, adx

Memory: 4k page, physical 16722516k(7078640k free), swap 18819668k(5416k free)

vm_info: OpenJDK 64-Bit Server VM (25.76-b03) for windows-amd64 JRE (1.8.0_76-release-b03), built on Jun 29 2016 19:09:20 by "ralucas" with MS VC++ 10.0 (VS2010)

time: Mon Dec 19 16:19:23 2016
elapsed time: 1 seconds (0d 0h 0m 1s)

