#
# There is insufficient memory for the Java Runtime Environment to continue.
# Native memory allocation (malloc) failed to allocate 509840 bytes for Chunk::new
# Possible reasons:
#   The system is out of physical RAM or swap space
#   In 32 bit mode, the process size limit was hit
# Possible solutions:
#   Reduce memory load on the system
#   Increase physical memory or swap space
#   Check if swap backing store is full
#   Use 64 bit Java on a 64 bit OS
#   Decrease Java heap size (-Xmx/-Xms)
#   Decrease number of Java threads
#   Decrease Java thread stack sizes (-Xss)
#   Set larger code cache with -XX:ReservedCodeCacheSize=
# This output file may be truncated or incomplete.
#
#  Out of Memory Error (allocation.cpp:390), pid=17332, tid=0x0000000000002f44
#
# JRE version: OpenJDK Runtime Environment (8.0_76-b03) (build 1.8.0_76-release-b03)
# Java VM: OpenJDK 64-Bit Server VM (25.76-b03 mixed mode windows-amd64 compressed oops)
# Failed to write core dump. Minidumps are not enabled by default on client versions of Windows
#

---------------  T H R E A D  ---------------

Current thread (0x00000000177f5800):  JavaThread "C2 CompilerThread2" daemon [_thread_in_native, id=12100, stack(0x0000000018070000,0x0000000018170000)]

Stack: [0x0000000018070000,0x0000000018170000]
[error occurred during error reporting (printing stack bounds), id 0xc0000005]

Native frames: (J=compiled Java code, j=interpreted, Vv=VM code, C=native code)


Current CompileTask:
C2:   1308 1818   !   4       com.android.dx.cf.cst.ConstantPoolParser::parse0 (731 bytes)


---------------  P R O C E S S  ---------------

Java Threads: ( => current thread )
  0x00000000177fc000 JavaThread "Service Thread" daemon [_thread_blocked, id=232, stack(0x0000000018270000,0x0000000018370000)]
  0x00000000177f9800 JavaThread "C1 CompilerThread3" daemon [_thread_blocked, id=18952, stack(0x0000000018170000,0x0000000018270000)]
=>0x00000000177f5800 JavaThread "C2 CompilerThread2" daemon [_thread_in_native, id=12100, stack(0x0000000018070000,0x0000000018170000)]
  0x00000000177f0800 JavaThread "C2 CompilerThread1" daemon [_thread_in_native, id=18960, stack(0x0000000017f70000,0x0000000018070000)]
  0x000000001774b000 JavaThread "C2 CompilerThread0" daemon [_thread_in_native, id=6152, stack(0x0000000017e70000,0x0000000017f70000)]
  0x000000001774a000 JavaThread "Attach Listener" daemon [_thread_blocked, id=18492, stack(0x0000000017d70000,0x0000000017e70000)]
  0x0000000017798800 JavaThread "Signal Dispatcher" daemon [_thread_blocked, id=22980, stack(0x0000000017c70000,0x0000000017d70000)]
  0x0000000017730800 JavaThread "Finalizer" daemon [_thread_blocked, id=12948, stack(0x0000000017b10000,0x0000000017c10000)]
  0x0000000002cd6000 JavaThread "Reference Handler" daemon [_thread_blocked, id=22628, stack(0x0000000017610000,0x0000000017710000)]
  0x0000000002be0800 JavaThread "main" [_thread_in_Java, id=15140, stack(0x0000000002ae0000,0x0000000002be0000)]

Other Threads:
  0x0000000015815000 VMThread [stack: 0x0000000017510000,0x0000000017610000] [id=20912]
  0x00000000177fe800 WatcherThread [stack: 0x0000000018370000,0x0000000018470000] [id=15380]

VM state:not at safepoint (normal execution)

VM Mutex/Monitor currently owned by a thread: None

Heap:
 PSYoungGen      total 141824K, used 64626K [0x00000000eab00000, 0x00000000f4000000, 0x0000000100000000)
  eden space 131072K, 41% used [0x00000000eab00000,0x00000000edfa11c8,0x00000000f2b00000)
  from space 10752K, 99% used [0x00000000f3580000,0x00000000f3ffb640,0x00000000f4000000)
  to   space 10752K, 0% used [0x00000000f2b00000,0x00000000f2b00000,0x00000000f3580000)
 ParOldGen       total 175104K, used 9564K [0x00000000c0000000, 0x00000000cab00000, 0x00000000eab00000)
  object space 175104K, 5% used [0x00000000c0000000,0x00000000c09573e8,0x00000000cab00000)
 Metaspace       used 6552K, capacity 7256K, committed 7424K, reserved 1056768K
  class space    used 610K, capacity 656K, committed 768K, reserved 1048576K

Card table byte_map: [0x00000000120a0000,0x00000000122b0000] byte_map_base: 0x0000000011aa0000

Marking Bits: (ParMarkBitMap*) 0x0000000063d19d00
 Begin Bits: [0x0000000012c10000, 0x0000000013c10000)
 End Bits:   [0x0000000013c10000, 0x0000000014c10000)

Polling page: 0x0000000002690000

CodeCache: size=245760Kb used=7412Kb max_used=7412Kb free=238348Kb
 bounds [0x0000000002ce0000, 0x0000000003430000, 0x0000000011ce0000]
 total_blobs=2236 nmethods=1965 adapters=184
 compilation: enabled

Compilation events (10 events):
Event: 1.279 Thread 0x00000000177f9800 2017       3       com.android.dx.dex.code.OutputFinisher::getAllConstants (47 bytes)
Event: 1.280 Thread 0x00000000177f9800 nmethod 2017 0x000000000341c590 code [0x000000000341c7c0, 0x000000000341d108]
Event: 1.280 Thread 0x00000000177f9800 2018 %     3       com.android.dx.dex.code.OutputFinisher::addConstants @ 47 (93 bytes)
Event: 1.280 Thread 0x00000000177f9800 nmethod 2018% 0x000000000341d650 code [0x000000000341d8a0, 0x000000000341eaf8]
Event: 1.280 Thread 0x00000000177f9800 2019       3       com.android.dx.dex.code.OutputFinisher::addConstants (93 bytes)
Event: 1.281 Thread 0x00000000177f9800 nmethod 2019 0x000000000341f190 code [0x000000000341f3e0, 0x0000000003420578]
Event: 1.305 Thread 0x00000000177f9800 2021       2       com.android.dx.dex.code.StdCatchBuilder::getCatchTypes (97 bytes)
Event: 1.306 Thread 0x00000000177f9800 nmethod 2021 0x0000000003420bd0 code [0x0000000003420de0, 0x0000000003421378]
Event: 1.306 Thread 0x00000000177f9800 2022 %     3       com.android.dx.dex.code.StdCatchBuilder::hasAnyCatches @ 15 (57 bytes)
Event: 1.306 Thread 0x00000000177f9800 nmethod 2022% 0x0000000003421ad0 code [0x0000000003421cc0, 0x0000000003422a38]

GC Heap History (4 events):
Event: 0.926 GC heap before
{Heap before GC invocations=1 (full 0):
 PSYoungGen      total 76288K, used 65536K [0x00000000eab00000, 0x00000000f0000000, 0x0000000100000000)
  eden space 65536K, 100% used [0x00000000eab00000,0x00000000eeb00000,0x00000000eeb00000)
  from space 10752K, 0% used [0x00000000ef580000,0x00000000ef580000,0x00000000f0000000)
  to   space 10752K, 0% used [0x00000000eeb00000,0x00000000eeb00000,0x00000000ef580000)
 ParOldGen       total 175104K, used 0K [0x00000000c0000000, 0x00000000cab00000, 0x00000000eab00000)
  object space 175104K, 0% used [0x00000000c0000000,0x00000000c0000000,0x00000000cab00000)
 Metaspace       used 6202K, capacity 7030K, committed 7296K, reserved 1056768K
  class space    used 603K, capacity 622K, committed 640K, reserved 1048576K
Event: 0.945 GC heap after
Heap after GC invocations=1 (full 0):
 PSYoungGen      total 76288K, used 10734K [0x00000000eab00000, 0x00000000f4000000, 0x0000000100000000)
  eden space 65536K, 0% used [0x00000000eab00000,0x00000000eab00000,0x00000000eeb00000)
  from space 10752K, 99% used [0x00000000eeb00000,0x00000000ef57bbd0,0x00000000ef580000)
  to   space 10752K, 0% used [0x00000000f3580000,0x00000000f3580000,0x00000000f4000000)
 ParOldGen       total 175104K, used 696K [0x00000000c0000000, 0x00000000cab00000, 0x00000000eab00000)
  object space 175104K, 0% used [0x00000000c0000000,0x00000000c00ae3a0,0x00000000cab00000)
 Metaspace       used 6202K, capacity 7030K, committed 7296K, reserved 1056768K
  class space    used 603K, capacity 622K, committed 640K, reserved 1048576K
}
Event: 1.126 GC heap before
{Heap before GC invocations=2 (full 0):
 PSYoungGen      total 76288K, used 76270K [0x00000000eab00000, 0x00000000f4000000, 0x0000000100000000)
  eden space 65536K, 100% used [0x00000000eab00000,0x00000000eeb00000,0x00000000eeb00000)
  from space 10752K, 99% used [0x00000000eeb00000,0x00000000ef57bbd0,0x00000000ef580000)
  to   space 10752K, 0% used [0x00000000f3580000,0x00000000f3580000,0x00000000f4000000)
 ParOldGen       total 175104K, used 696K [0x00000000c0000000, 0x00000000cab00000, 0x00000000eab00000)
  object space 175104K, 0% used [0x00000000c0000000,0x00000000c00ae3a0,0x00000000cab00000)
 Metaspace       used 6406K, capacity 7158K, committed 7296K, reserved 1056768K
  class space    used 603K, capacity 622K, committed 640K, reserved 1048576K
Event: 1.139 GC heap after
Heap after GC invocations=2 (full 0):
 PSYoungGen      total 141824K, used 10733K [0x00000000eab00000, 0x00000000f4000000, 0x0000000100000000)
  eden space 131072K, 0% used [0x00000000eab00000,0x00000000eab00000,0x00000000f2b00000)
  from space 10752K, 99% used [0x00000000f3580000,0x00000000f3ffb640,0x00000000f4000000)
  to   space 10752K, 0% used [0x00000000f2b00000,0x00000000f2b00000,0x00000000f3580000)
 ParOldGen       total 175104K, used 9564K [0x00000000c0000000, 0x00000000cab00000, 0x00000000eab00000)
  object space 175104K, 5% used [0x00000000c0000000,0x00000000c09573e8,0x00000000cab00000)
 Metaspace       used 6406K, capacity 7158K, committed 7296K, reserved 1056768K
  class space    used 603K, capacity 622K, committed 640K, reserved 1048576K
}

Deoptimization events (10 events):
Event: 1.250 Thread 0x0000000002be0800 Uncommon trap: reason=class_check action=maybe_recompile pc=0x000000000327f574 method=java.util.Arrays.hashCode([Ljava/lang/Object;)I @ 43
Event: 1.252 Thread 0x0000000002be0800 Uncommon trap: reason=bimorphic action=maybe_recompile pc=0x00000000030f4678 method=java.util.HashMap.getNode(ILjava/lang/Object;)Ljava/util/HashMap$Node; @ 126
Event: 1.253 Thread 0x0000000002be0800 Uncommon trap: reason=bimorphic action=maybe_recompile pc=0x00000000030f4678 method=java.util.HashMap.getNode(ILjava/lang/Object;)Ljava/util/HashMap$Node; @ 126
Event: 1.253 Thread 0x0000000002be0800 Uncommon trap: reason=bimorphic action=maybe_recompile pc=0x00000000030f4678 method=java.util.HashMap.getNode(ILjava/lang/Object;)Ljava/util/HashMap$Node; @ 126
Event: 1.253 Thread 0x0000000002be0800 Uncommon trap: reason=bimorphic action=maybe_recompile pc=0x00000000030f4678 method=java.util.HashMap.getNode(ILjava/lang/Object;)Ljava/util/HashMap$Node; @ 126
Event: 1.253 Thread 0x0000000002be0800 Uncommon trap: reason=bimorphic action=maybe_recompile pc=0x0000000003135d88 method=java.util.HashMap.getNode(ILjava/lang/Object;)Ljava/util/HashMap$Node; @ 126
Event: 1.261 Thread 0x0000000002be0800 Uncommon trap: reason=class_check action=maybe_recompile pc=0x0000000003306fb8 method=java.util.HashMap.putVal(ILjava/lang/Object;Ljava/lang/Object;ZZ)Ljava/lang/Object; @ 203
Event: 1.261 Thread 0x0000000002be0800 Uncommon trap: reason=class_check action=maybe_recompile pc=0x0000000003306fb8 method=java.util.HashMap.putVal(ILjava/lang/Object;Ljava/lang/Object;ZZ)Ljava/lang/Object; @ 203
Event: 1.262 Thread 0x0000000002be0800 Uncommon trap: reason=class_check action=maybe_recompile pc=0x0000000003306fb8 method=java.util.HashMap.putVal(ILjava/lang/Object;Ljava/lang/Object;ZZ)Ljava/lang/Object; @ 203
Event: 1.263 Thread 0x0000000002be0800 Uncommon trap: reason=class_check action=maybe_recompile pc=0x0000000003306fb8 method=java.util.HashMap.putVal(ILjava/lang/Object;Ljava/lang/Object;ZZ)Ljava/lang/Object; @ 203

Internal exceptions (7 events):
Event: 0.023 Thread 0x0000000002be0800 Exception <a 'java/lang/NoSuchMethodError': Method sun.misc.Unsafe.defineClass(Ljava/lang/String;[BII)Ljava/lang/Class; name or signature does not match> (0x00000000eab07cc0) thrown at [C:\src\android\AOSP-openjdk\external\jetbrains\jdk\hotspot\src\share\výM6ž}›—?
Event: 0.023 Thread 0x0000000002be0800 Exception <a 'java/lang/NoSuchMethodError': Method sun.misc.Unsafe.prefetchRead(Ljava/lang/Object;J)V name or signature does not match> (0x00000000eab07fa8) thrown at [C:\src\android\AOSP-openjdk\external\jetbrains\jdk\hotspot\src\share\vm\prims\jni.cpp, l7Ìi ™,è?
Event: 0.755 Thread 0x00000000184de800 Exception <a 'java/lang/ArrayIndexOutOfBoundsException': 18> (0x00000000ecb9d1b0) thrown at [C:\src\android\AOSP-openjdk\external\jetbrains\jdk\hotspot\src\share\vm\interpreter\interpreterRuntime.cpp, line 366]
Event: 0.756 Thread 0x00000000184de800 Exception <a 'java/lang/ArrayIndexOutOfBoundsException': 145> (0x00000000ecb9ed30) thrown at [C:\src\android\AOSP-openjdk\external\jetbrains\jdk\hotspot\src\share\vm\interpreter\interpreterRuntime.cpp, line 366]
Event: 0.756 Thread 0x00000000184de800 Exception <a 'java/lang/ArrayIndexOutOfBoundsException': 40> (0x00000000ecba0018) thrown at [C:\src\android\AOSP-openjdk\external\jetbrains\jdk\hotspot\src\share\vm\interpreter\interpreterRuntime.cpp, line 366]
Event: 1.238 Thread 0x00000000184de800 Implicit null exception at 0x00000000032c5ac5 to 0x00000000032c956d
Event: 1.238 Thread 0x00000000184de800 Implicit null exception at 0x00000000032a581d to 0x00000000032a9055

Events (10 events):
Event: 1.262 Thread 0x0000000002be0800 Uncommon trap: trap_request=0xffffffde fr.pc=0x0000000003306fb8
Event: 1.262 Thread 0x0000000002be0800 DEOPT PACKING pc=0x0000000003306fb8 sp=0x0000000002bdef30
Event: 1.262 Thread 0x0000000002be0800 DEOPT UNPACKING pc=0x0000000002d2556a sp=0x0000000002bdeeb8 mode 2
Event: 1.263 Thread 0x0000000002be0800 Uncommon trap: trap_request=0xffffffde fr.pc=0x0000000003306fb8
Event: 1.263 Thread 0x0000000002be0800 DEOPT PACKING pc=0x0000000003306fb8 sp=0x0000000002bdef30
Event: 1.263 Thread 0x0000000002be0800 DEOPT UNPACKING pc=0x0000000002d2556a sp=0x0000000002bdeeb8 mode 2
Event: 1.271 loading class com/android/dx/dex/file/CatchStructs
Event: 1.271 loading class com/android/dx/dex/file/CatchStructs done
Event: 1.279 Thread 0x0000000002be0800 DEOPT PACKING pc=0x0000000003418394 sp=0x0000000002bdef70
Event: 1.279 Thread 0x0000000002be0800 DEOPT UNPACKING pc=0x0000000002d275bf sp=0x0000000002bded00 mode 0


Dynamic libraries:
0x00007ff6d8c70000 - 0x00007ff6d8ca1000 	C:\Program Files\Android\Android Studio\jre\bin\java.exe
0x00007ffea3040000 - 0x00007ffea3201000 	C:\WINDOWS\SYSTEM32\ntdll.dll
0x00007ffea1780000 - 0x00007ffea182d000 	C:\WINDOWS\system32\KERNEL32.DLL
0x00007ffe9ff80000 - 0x00007ffea0168000 	C:\WINDOWS\system32\KERNELBASE.dll
0x00007ffea06f0000 - 0x00007ffea0797000 	C:\WINDOWS\system32\ADVAPI32.dll
0x00007ffea0870000 - 0x00007ffea090d000 	C:\WINDOWS\system32\msvcrt.dll
0x00007ffea09d0000 - 0x00007ffea0a2b000 	C:\WINDOWS\system32\sechost.dll
0x00007ffea1830000 - 0x00007ffea194c000 	C:\WINDOWS\system32\RPCRT4.dll
0x00007ffea1620000 - 0x00007ffea1776000 	C:\WINDOWS\system32\USER32.dll
0x00007ffea0e80000 - 0x00007ffea1006000 	C:\WINDOWS\system32\GDI32.dll
0x00007ffe949a0000 - 0x00007ffe94c14000 	C:\WINDOWS\WinSxS\amd64_microsoft.windows.common-controls_6595b64144ccf1df_6.0.10586.672_none_a2d6b3cea53ff843\COMCTL32.dll
0x00007ffea1030000 - 0x00007ffea12ad000 	C:\WINDOWS\system32\combase.dll
0x00007ffe9f6d0000 - 0x00007ffe9f73a000 	C:\WINDOWS\system32\bcryptPrimitives.dll
0x00007ffea2f40000 - 0x00007ffea2f7b000 	C:\WINDOWS\system32\IMM32.DLL
0x00000000633a0000 - 0x0000000063472000 	C:\Program Files\Android\Android Studio\jre\jre\bin\msvcr100.dll
0x0000000063560000 - 0x0000000063d94000 	C:\Program Files\Android\Android Studio\jre\jre\bin\server\jvm.dll
0x00007ffea0910000 - 0x00007ffea0918000 	C:\WINDOWS\system32\PSAPI.DLL
0x00007ffe8a950000 - 0x00007ffe8a959000 	C:\WINDOWS\SYSTEM32\WSOCK32.dll
0x00007ffe9dc30000 - 0x00007ffe9dc53000 	C:\WINDOWS\SYSTEM32\WINMM.dll
0x00007ffe9bf90000 - 0x00007ffe9bf9a000 	C:\WINDOWS\SYSTEM32\VERSION.dll
0x00007ffea0570000 - 0x00007ffea05db000 	C:\WINDOWS\system32\WS2_32.dll
0x0000000002a30000 - 0x0000000002a5c000 	C:\WINDOWS\SYSTEM32\WINMMBASE.dll
0x00007ffea0200000 - 0x00007ffea0243000 	C:\WINDOWS\system32\cfgmgr32.dll
0x00007ffe94ff0000 - 0x00007ffe94fff000 	C:\Program Files\Android\Android Studio\jre\jre\bin\verify.dll
0x00007ffe92fe0000 - 0x00007ffe93009000 	C:\Program Files\Android\Android Studio\jre\jre\bin\java.dll
0x00007ffe94e50000 - 0x00007ffe94e66000 	C:\Program Files\Android\Android Studio\jre\jre\bin\zip.dll
0x00007ffea19d0000 - 0x00007ffea2f2c000 	C:\WINDOWS\system32\SHELL32.dll
0x00007ffe9f880000 - 0x00007ffe9fec5000 	C:\WINDOWS\system32\windows.storage.dll
0x00007ffea12b0000 - 0x00007ffea1302000 	C:\WINDOWS\system32\shlwapi.dll
0x00007ffe9f670000 - 0x00007ffe9f67f000 	C:\WINDOWS\system32\kernel.appcore.dll
0x00007ffe9f760000 - 0x00007ffe9f815000 	C:\WINDOWS\system32\shcore.dll
0x00007ffe9f680000 - 0x00007ffe9f6cb000 	C:\WINDOWS\system32\powrprof.dll
0x00007ffe9f650000 - 0x00007ffe9f664000 	C:\WINDOWS\system32\profapi.dll

VM Arguments:
jvm_args: -Djava.awt.headless=true -Xmx1024M -Dfile.encoding=GBK -Duser.country=CN -Duser.language=zh -Duser.variant 
java_command: com.android.dx.command.Main --dex --num-threads=4 --output D:\AndroidStudioProject\GoldBowls\app\build\intermediates\pre-dexed\debug\stetho-1.3.1_188774134423d3687d973af0cf97acae42053549.jar C:\Users\Administrator\.gradle\caches\modules-2\files-2.1\com.facebook.stetho\stetho\1.3.1\2c4076b466a0eb4d6ddf5721edd35cd1adc1f317\stetho-1.3.1.jar
java_class_path (initial): C:\Users\Administrator\AppData\Local\Android\Sdk\build-tools\24.0.0\lib\dx.jar
Launcher Type: SUN_STANDARD

Environment Variables:
JAVA_HOME=C:\Program Files (x86)\Java\jdk1.8.0_111
CLASSPATH=.;C:\Program Files (x86)\Java\jdk1.8.0_111\lib\dt.jar;C:\Program Files (x86)\Java\jdk1.8.0_111\lib\tools.jar
PATH=C:\ProgramData\Oracle\Java\javapath;C:\Program Files (x86)\Java\jdk1.8.0_111\bin;C:\Program Files (x86)\Java\jdk1.8.0_111\jre\bin;C:\Python27
USERNAME=Administrator
OS=Windows_NT
PROCESSOR_IDENTIFIER=Intel64 Family 6 Model 94 Stepping 3, GenuineIntel



---------------  S Y S T E M  ---------------

OS: Windows 10.0 , 64 bit Build 10586 (10.0.10586.589)

CPU:total 8 (4 cores per cpu, 2 threads per core) family 6 model 94 stepping 3, cmov, cx8, fxsr, mmx, sse, sse2, sse3, ssse3, sse4.1, sse4.2, popcnt, avx, avx2, aes, clmul, erms, rtm, 3dnowpref, lzcnt, ht, tsc, tscinvbit, bmi1, bmi2, adx

Memory: 4k page, physical 16722516k(7179328k free), swap 18819668k(322016k free)

vm_info: OpenJDK 64-Bit Server VM (25.76-b03) for windows-amd64 JRE (1.8.0_76-release-b03), built on Jun 29 2016 19:09:20 by "ralucas" with MS VC++ 10.0 (VS2010)

time: Mon Dec 19 16:12:12 2016
elapsed time: 1 seconds (0d 0h 0m 1s)

