#
# There is insufficient memory for the Java Runtime Environment to continue.
# Native memory allocation (malloc) failed to allocate 431056 bytes for Chunk::new
# Possible reasons:
#   The system is out of physical RAM or swap space
#   In 32 bit mode, the process size limit was hit
# Possible solutions:
#   Reduce memory load on the system
#   Increase physical memory or swap space
#   Check if swap backing store is full
#   Use 64 bit Java on a 64 bit OS
#   Decrease Java heap size (-Xmx/-Xms)
#   Decrease number of Java threads
#   Decrease Java thread stack sizes (-Xss)
#   Set larger code cache with -XX:ReservedCodeCacheSize=
# This output file may be truncated or incomplete.
#
#  Out of Memory Error (allocation.cpp:390), pid=20112, tid=0x0000000000004e7c
#
# JRE version: OpenJDK Runtime Environment (8.0_76-b03) (build 1.8.0_76-release-b03)
# Java VM: OpenJDK 64-Bit Server VM (25.76-b03 mixed mode windows-amd64 compressed oops)
# Failed to write core dump. Minidumps are not enabled by default on client versions of Windows
#

---------------  T H R E A D  ---------------

Current thread (0x000000001606a000):  JavaThread "C2 CompilerThread1" daemon [_thread_in_native, id=20092, stack(0x0000000018730000,0x0000000018830000)]

Stack: [0x0000000018730000,0x0000000018830000]
[error occurred during error reporting (printing stack bounds), id 0xc0000005]

Native frames: (J=compiled Java code, j=interpreted, Vv=VM code, C=native code)


Current CompileTask:
C2:   1729 1744       4       com.android.dx.ssa.LocalVariableExtractor::processBlock (383 bytes)


---------------  P R O C E S S  ---------------

Java Threads: ( => current thread )
  0x000000001826f000 JavaThread "pool-1-thread-4" [_thread_blocked, id=20604, stack(0x0000000019030000,0x0000000019130000)]
  0x000000001826b000 JavaThread "pool-1-thread-3" [_thread_blocked, id=20580, stack(0x0000000018f30000,0x0000000019030000)]
  0x0000000018268000 JavaThread "pool-1-thread-2" [_thread_blocked, id=16960, stack(0x0000000018e30000,0x0000000018f30000)]
  0x0000000018263800 JavaThread "pool-2-thread-1" [_thread_blocked, id=20384, stack(0x0000000018d30000,0x0000000018e30000)]
  0x000000001825e800 JavaThread "pool-1-thread-1" [_thread_in_Java, id=15724, stack(0x0000000018c30000,0x0000000018d30000)]
  0x000000001804d000 JavaThread "Service Thread" daemon [_thread_blocked, id=4436, stack(0x0000000018a30000,0x0000000018b30000)]
  0x0000000017ff6000 JavaThread "C1 CompilerThread3" daemon [_thread_blocked, id=19512, stack(0x0000000018930000,0x0000000018a30000)]
  0x0000000017fbb000 JavaThread "C2 CompilerThread2" daemon [_thread_in_native, id=20256, stack(0x0000000018830000,0x0000000018930000)]
=>0x000000001606a000 JavaThread "C2 CompilerThread1" daemon [_thread_in_native, id=20092, stack(0x0000000018730000,0x0000000018830000)]
  0x0000000017f6a000 JavaThread "C2 CompilerThread0" daemon [_thread_in_native, id=20352, stack(0x0000000018630000,0x0000000018730000)]
  0x0000000017f68800 JavaThread "Attach Listener" daemon [_thread_blocked, id=20268, stack(0x0000000018530000,0x0000000018630000)]
  0x0000000017fb8800 JavaThread "Signal Dispatcher" daemon [_thread_blocked, id=20700, stack(0x0000000018430000,0x0000000018530000)]
  0x0000000017f50800 JavaThread "Finalizer" daemon [_thread_blocked, id=19660, stack(0x0000000018330000,0x0000000018430000)]
  0x0000000003536000 JavaThread "Reference Handler" daemon [_thread_blocked, id=19612, stack(0x0000000017e30000,0x0000000017f30000)]
  0x0000000003440800 JavaThread "main" [_thread_in_Java, id=20288, stack(0x0000000003340000,0x0000000003440000)]

Other Threads:
  0x0000000016055000 VMThread [stack: 0x0000000017d30000,0x0000000017e30000] [id=19720]
  0x000000001804d800 WatcherThread [stack: 0x0000000018b30000,0x0000000018c30000] [id=15028]

VM state:not at safepoint (normal execution)

VM Mutex/Monitor currently owned by a thread: None

Heap:
 PSYoungGen      total 76288K, used 54604K [0x00000000eab00000, 0x00000000f0000000, 0x0000000100000000)
  eden space 65536K, 66% used [0x00000000eab00000,0x00000000ed5d8bf8,0x00000000eeb00000)
  from space 10752K, 99% used [0x00000000eeb00000,0x00000000ef57a478,0x00000000ef580000)
  to   space 10752K, 0% used [0x00000000ef580000,0x00000000ef580000,0x00000000f0000000)
 ParOldGen       total 175104K, used 136K [0x00000000c0000000, 0x00000000cab00000, 0x00000000eab00000)
  object space 175104K, 0% used [0x00000000c0000000,0x00000000c00220f8,0x00000000cab00000)
 Metaspace       used 6231K, capacity 7088K, committed 7296K, reserved 1056768K
  class space    used 577K, capacity 616K, committed 640K, reserved 1048576K

Card table byte_map: [0x0000000012900000,0x0000000012b10000] byte_map_base: 0x0000000012300000

Marking Bits: (ParMarkBitMap*) 0x0000000063d19d00
 Begin Bits: [0x0000000013470000, 0x0000000014470000)
 End Bits:   [0x0000000014470000, 0x0000000015470000)

Polling page: 0x0000000001640000

CodeCache: size=245760Kb used=7122Kb max_used=7144Kb free=238637Kb
 bounds [0x0000000003540000, 0x0000000003c50000, 0x0000000012540000]
 total_blobs=1992 nmethods=1721 adapters=184
 compilation: enabled

Compilation events (10 events):
Event: 1.638 Thread 0x0000000017ff6000 1735       3       com.android.dx.util.IntList::equals (82 bytes)
Event: 1.639 Thread 0x0000000017ff6000 nmethod 1735 0x0000000003c31290 code [0x0000000003c31420, 0x0000000003c319d0]
Event: 1.639 Thread 0x0000000017ff6000 1729       3       com.android.dx.cf.attrib.InnerClassList::get (9 bytes)
Event: 1.639 Thread 0x0000000017ff6000 nmethod 1729 0x0000000003c30d90 code [0x0000000003c30f00, 0x0000000003c311e8]
Event: 1.639 Thread 0x0000000017ff6000 1727       3       java.util.concurrent.ThreadPoolExecutor::runStateAtLeast (11 bytes)
Event: 1.639 Thread 0x0000000017ff6000 nmethod 1727 0x0000000003c27f50 code [0x0000000003c280a0, 0x0000000003c28230]
Event: 1.639 Thread 0x0000000017ff6000 1728       3       java.util.concurrent.ThreadPoolExecutor::beforeExecute (1 bytes)
Event: 1.639 Thread 0x0000000017ff6000 nmethod 1728 0x0000000003c2fa50 code [0x0000000003c2fba0, 0x0000000003c2fcf0]
Event: 1.696 Thread 0x000000001606a000 nmethod 1648 0x0000000003c39a50 code [0x0000000003c39d60, 0x0000000003c3c6f0]
Event: 1.696 Thread 0x000000001606a000 1744       4       com.android.dx.ssa.LocalVariableExtractor::processBlock (383 bytes)

GC Heap History (2 events):
Event: 1.209 GC heap before
{Heap before GC invocations=1 (full 0):
 PSYoungGen      total 76288K, used 65536K [0x00000000eab00000, 0x00000000f0000000, 0x0000000100000000)
  eden space 65536K, 100% used [0x00000000eab00000,0x00000000eeb00000,0x00000000eeb00000)
  from space 10752K, 0% used [0x00000000ef580000,0x00000000ef580000,0x00000000f0000000)
  to   space 10752K, 0% used [0x00000000eeb00000,0x00000000eeb00000,0x00000000ef580000)
 ParOldGen       total 175104K, used 0K [0x00000000c0000000, 0x00000000cab00000, 0x00000000eab00000)
  object space 175104K, 0% used [0x00000000c0000000,0x00000000c0000000,0x00000000cab00000)
 Metaspace       used 6122K, capacity 7024K, committed 7296K, reserved 1056768K
  class space    used 577K, capacity 616K, committed 640K, reserved 1048576K
Event: 1.232 GC heap after
Heap after GC invocations=1 (full 0):
 PSYoungGen      total 76288K, used 10729K [0x00000000eab00000, 0x00000000f0000000, 0x0000000100000000)
  eden space 65536K, 0% used [0x00000000eab00000,0x00000000eab00000,0x00000000eeb00000)
  from space 10752K, 99% used [0x00000000eeb00000,0x00000000ef57a478,0x00000000ef580000)
  to   space 10752K, 0% used [0x00000000ef580000,0x00000000ef580000,0x00000000f0000000)
 ParOldGen       total 175104K, used 136K [0x00000000c0000000, 0x00000000cab00000, 0x00000000eab00000)
  object space 175104K, 0% used [0x00000000c0000000,0x00000000c00220f8,0x00000000cab00000)
 Metaspace       used 6122K, capacity 7024K, committed 7296K, reserved 1056768K
  class space    used 577K, capacity 616K, committed 640K, reserved 1048576K
}

Deoptimization events (10 events):
Event: 1.580 Thread 0x000000001826b000 Uncommon trap: reason=class_check action=maybe_recompile pc=0x0000000003b909b0 method=com.android.dx.rop.code.RegisterSpec.withSimpleType()Lcom/android/dx/rop/code/RegisterSpec; @ 21
Event: 1.582 Thread 0x000000001826b000 Uncommon trap: reason=bimorphic action=maybe_recompile pc=0x00000000037baed8 method=java.util.HashMap.getNode(ILjava/lang/Object;)Ljava/util/HashMap$Node; @ 126
Event: 1.583 Thread 0x000000001826f000 Uncommon trap: reason=unstable_if action=reinterpret pc=0x00000000038ff6bc method=com.android.dx.util.IntList.binarysearch(I)I @ 105
Event: 1.584 Thread 0x000000001826f000 Uncommon trap: reason=unstable_if action=reinterpret pc=0x0000000003b6e684 method=java.util.BitSet.clone()Ljava/lang/Object; @ 4
Event: 1.584 Thread 0x000000001826b000 Uncommon trap: reason=class_check action=maybe_recompile pc=0x0000000003b389c4 method=java.util.HashMap.putVal(ILjava/lang/Object;Ljava/lang/Object;ZZ)Ljava/lang/Object; @ 203
Event: 1.584 Thread 0x000000001826b000 Uncommon trap: reason=unstable_if action=reinterpret pc=0x00000000039ef91c method=com.android.dx.rop.cst.Constant.compareTo(Lcom/android/dx/rop/cst/Constant;)I @ 12
Event: 1.584 Thread 0x000000001826b000 Uncommon trap: reason=bimorphic action=maybe_recompile pc=0x0000000003787144 method=java.util.HashMap.getNode(ILjava/lang/Object;)Ljava/util/HashMap$Node; @ 126
Event: 1.589 Thread 0x000000001826b000 Uncommon trap: reason=class_check action=maybe_recompile pc=0x0000000003b909b0 method=com.android.dx.rop.code.RegisterSpec.withSimpleType()Lcom/android/dx/rop/code/RegisterSpec; @ 21
Event: 1.589 Thread 0x000000001826b000 Uncommon trap: reason=class_check action=maybe_recompile pc=0x0000000003b909b0 method=com.android.dx.rop.code.RegisterSpec.withSimpleType()Lcom/android/dx/rop/code/RegisterSpec; @ 21
Event: 1.591 Thread 0x000000001826b000 Uncommon trap: reason=unstable_if action=reinterpret pc=0x0000000003b38978 method=java.util.HashMap.putVal(ILjava/lang/Object;Ljava/lang/Object;ZZ)Ljava/lang/Object; @ 94

Internal exceptions (3 events):
Event: 0.382 Thread 0x0000000003440800 Exception <a 'java/lang/NoSuchMethodError': Method sun.misc.Unsafe.defineClass(Ljava/lang/String;[BII)Ljava/lang/Class; name or signature does not match> (0x00000000eab07cc0) thrown at [C:\src\android\AOSP-openjdk\external\jetbrains\jdk\hotspot\src\share\v¿_Å¸ªyÿ?
Event: 0.382 Thread 0x0000000003440800 Exception <a 'java/lang/NoSuchMethodError': Method sun.misc.Unsafe.prefetchRead(Ljava/lang/Object;J)V name or signature does not match> (0x00000000eab07fa8) thrown at [C:\src\android\AOSP-openjdk\external\jetbrains\jdk\hotspot\src\share\vm\prims\jni.cpp, lSªîˆ©\Ì?
Event: 0.918 Thread 0x000000001825e800 Implicit null exception at 0x0000000003853ed7 to 0x0000000003856559

Events (10 events):
Event: 1.585 Thread 0x000000001826b000 DEOPT UNPACKING pc=0x000000000358556a sp=0x000000001902e598 mode 2
Event: 1.589 Thread 0x000000001826b000 Uncommon trap: trap_request=0xffffffde fr.pc=0x0000000003b909b0
Event: 1.589 Thread 0x000000001826b000 DEOPT PACKING pc=0x0000000003b909b0 sp=0x000000001902e910
Event: 1.589 Thread 0x000000001826b000 DEOPT UNPACKING pc=0x000000000358556a sp=0x000000001902e878 mode 2
Event: 1.589 Thread 0x000000001826b000 Uncommon trap: trap_request=0xffffffde fr.pc=0x0000000003b909b0
Event: 1.589 Thread 0x000000001826b000 DEOPT PACKING pc=0x0000000003b909b0 sp=0x000000001902e910
Event: 1.589 Thread 0x000000001826b000 DEOPT UNPACKING pc=0x000000000358556a sp=0x000000001902e878 mode 2
Event: 1.591 Thread 0x000000001826b000 Uncommon trap: trap_request=0xffffff65 fr.pc=0x0000000003b38978
Event: 1.591 Thread 0x000000001826b000 DEOPT PACKING pc=0x0000000003b38978 sp=0x000000001902e5f0
Event: 1.591 Thread 0x000000001826b000 DEOPT UNPACKING pc=0x000000000358556a sp=0x000000001902e580 mode 2


Dynamic libraries:
0x00007ff6d8c70000 - 0x00007ff6d8ca1000 	C:\Program Files\Android\Android Studio\jre\bin\java.exe
0x00007ffea3040000 - 0x00007ffea3201000 	C:\WINDOWS\SYSTEM32\ntdll.dll
0x00007ffea1780000 - 0x00007ffea182d000 	C:\WINDOWS\system32\KERNEL32.DLL
0x00007ffe9ff80000 - 0x00007ffea0168000 	C:\WINDOWS\system32\KERNELBASE.dll
0x00007ffea06f0000 - 0x00007ffea0797000 	C:\WINDOWS\system32\ADVAPI32.dll
0x00007ffea0870000 - 0x00007ffea090d000 	C:\WINDOWS\system32\msvcrt.dll
0x00007ffea09d0000 - 0x00007ffea0a2b000 	C:\WINDOWS\system32\sechost.dll
0x00007ffea1830000 - 0x00007ffea194c000 	C:\WINDOWS\system32\RPCRT4.dll
0x00007ffea1620000 - 0x00007ffea1776000 	C:\WINDOWS\system32\USER32.dll
0x00007ffea0e80000 - 0x00007ffea1006000 	C:\WINDOWS\system32\GDI32.dll
0x00007ffe949a0000 - 0x00007ffe94c14000 	C:\WINDOWS\WinSxS\amd64_microsoft.windows.common-controls_6595b64144ccf1df_6.0.10586.672_none_a2d6b3cea53ff843\COMCTL32.dll
0x00007ffea1030000 - 0x00007ffea12ad000 	C:\WINDOWS\system32\combase.dll
0x00007ffe9f6d0000 - 0x00007ffe9f73a000 	C:\WINDOWS\system32\bcryptPrimitives.dll
0x00007ffea2f40000 - 0x00007ffea2f7b000 	C:\WINDOWS\system32\IMM32.DLL
0x00000000633a0000 - 0x0000000063472000 	C:\Program Files\Android\Android Studio\jre\jre\bin\msvcr100.dll
0x0000000063560000 - 0x0000000063d94000 	C:\Program Files\Android\Android Studio\jre\jre\bin\server\jvm.dll
0x00007ffea0910000 - 0x00007ffea0918000 	C:\WINDOWS\system32\PSAPI.DLL
0x00007ffe9dc30000 - 0x00007ffe9dc53000 	C:\WINDOWS\SYSTEM32\WINMM.dll
0x00007ffe8a950000 - 0x00007ffe8a959000 	C:\WINDOWS\SYSTEM32\WSOCK32.dll
0x00007ffea0570000 - 0x00007ffea05db000 	C:\WINDOWS\system32\WS2_32.dll
0x00007ffe9bf90000 - 0x00007ffe9bf9a000 	C:\WINDOWS\SYSTEM32\VERSION.dll
0x0000000001660000 - 0x000000000168c000 	C:\WINDOWS\SYSTEM32\WINMMBASE.dll
0x00007ffea0200000 - 0x00007ffea0243000 	C:\WINDOWS\system32\cfgmgr32.dll
0x00007ffe94ff0000 - 0x00007ffe94fff000 	C:\Program Files\Android\Android Studio\jre\jre\bin\verify.dll
0x00007ffe92fe0000 - 0x00007ffe93009000 	C:\Program Files\Android\Android Studio\jre\jre\bin\java.dll
0x00007ffe94e50000 - 0x00007ffe94e66000 	C:\Program Files\Android\Android Studio\jre\jre\bin\zip.dll
0x00007ffea19d0000 - 0x00007ffea2f2c000 	C:\WINDOWS\system32\SHELL32.dll
0x00007ffe9f880000 - 0x00007ffe9fec5000 	C:\WINDOWS\system32\windows.storage.dll
0x00007ffea12b0000 - 0x00007ffea1302000 	C:\WINDOWS\system32\shlwapi.dll
0x00007ffe9f670000 - 0x00007ffe9f67f000 	C:\WINDOWS\system32\kernel.appcore.dll
0x00007ffe9f760000 - 0x00007ffe9f815000 	C:\WINDOWS\system32\shcore.dll
0x00007ffe9f680000 - 0x00007ffe9f6cb000 	C:\WINDOWS\system32\powrprof.dll
0x00007ffe9f650000 - 0x00007ffe9f664000 	C:\WINDOWS\system32\profapi.dll

VM Arguments:
jvm_args: -Djava.awt.headless=true -Xmx1024M -Dfile.encoding=GBK -Duser.country=CN -Duser.language=zh -Duser.variant 
java_command: com.android.dx.command.Main --dex --num-threads=4 --output D:\AndroidStudioProject\GoldBowls\app\build\intermediates\pre-dexed\debug\rxjava-1.1.6_11e5c01617ee667d4a45ba948a656c898b69cbfd.jar C:\Users\Administrator\.gradle\caches\modules-2\files-2.1\io.reactivex\rxjava\1.1.6\2586312cd2b8a511e4c6236736f5a039fc0f2273\rxjava-1.1.6.jar
java_class_path (initial): C:\Users\Administrator\AppData\Local\Android\Sdk\build-tools\24.0.0\lib\dx.jar
Launcher Type: SUN_STANDARD

Environment Variables:
JAVA_HOME=C:\Program Files (x86)\Java\jdk1.8.0_111
CLASSPATH=.;C:\Program Files (x86)\Java\jdk1.8.0_111\lib\dt.jar;C:\Program Files (x86)\Java\jdk1.8.0_111\lib\tools.jar
PATH=C:\ProgramData\Oracle\Java\javapath;C:\Program Files (x86)\Java\jdk1.8.0_111\bin;C:\Program Files (x86)\Java\jdk1.8.0_111\jre\bin;C:\Python27
USERNAME=Administrator
OS=Windows_NT
PROCESSOR_IDENTIFIER=Intel64 Family 6 Model 94 Stepping 3, GenuineIntel



---------------  S Y S T E M  ---------------

OS: Windows 10.0 , 64 bit Build 10586 (10.0.10586.589)

CPU:total 8 (4 cores per cpu, 2 threads per core) family 6 model 94 stepping 3, cmov, cx8, fxsr, mmx, sse, sse2, sse3, ssse3, sse4.1, sse4.2, popcnt, avx, avx2, aes, clmul, erms, rtm, 3dnowpref, lzcnt, ht, tsc, tscinvbit, bmi1, bmi2, adx

Memory: 4k page, physical 16722516k(7092248k free), swap 18819668k(5208k free)

vm_info: OpenJDK 64-Bit Server VM (25.76-b03) for windows-amd64 JRE (1.8.0_76-release-b03), built on Jun 29 2016 19:09:20 by "ralucas" with MS VC++ 10.0 (VS2010)

time: Mon Dec 19 16:14:53 2016
elapsed time: 1 seconds (0d 0h 0m 1s)

