#
# There is insufficient memory for the Java Runtime Environment to continue.
# Native memory allocation (malloc) failed to allocate 65552 bytes for Chunk::new
# Possible reasons:
#   The system is out of physical RAM or swap space
#   In 32 bit mode, the process size limit was hit
# Possible solutions:
#   Reduce memory load on the system
#   Increase physical memory or swap space
#   Check if swap backing store is full
#   Use 64 bit Java on a 64 bit OS
#   Decrease Java heap size (-Xmx/-Xms)
#   Decrease number of Java threads
#   Decrease Java thread stack sizes (-Xss)
#   Set larger code cache with -XX:ReservedCodeCacheSize=
# This output file may be truncated or incomplete.
#
#  Out of Memory Error (allocation.cpp:390), pid=23252, tid=0x0000000000004a30
#
# JRE version: OpenJDK Runtime Environment (8.0_76-b03) (build 1.8.0_76-release-b03)
# Java VM: OpenJDK 64-Bit Server VM (25.76-b03 mixed mode windows-amd64 compressed oops)
# Failed to write core dump. Minidumps are not enabled by default on client versions of Windows
#

---------------  T H R E A D  ---------------

Current thread (0x00000000177ec800):  JavaThread "C2 CompilerThread2" daemon [_thread_in_native, id=18992, stack(0x0000000018060000,0x0000000018160000)]

Stack: [0x0000000018060000,0x0000000018160000]
[error occurred during error reporting (printing stack bounds), id 0xc0000005]

Native frames: (J=compiled Java code, j=interpreted, Vv=VM code, C=native code)


Current CompileTask:
C2:    439  806   !   4       com.android.dx.rop.code.RegisterSpec::intern (70 bytes)


---------------  P R O C E S S  ---------------

Java Threads: ( => current thread )
  0x0000000018472000 JavaThread "pool-1-thread-4" [_thread_in_Java, id=18628, stack(0x0000000019060000,0x0000000019160000)]
  0x0000000018469800 JavaThread "pool-1-thread-3" [_thread_in_Java, id=9856, stack(0x0000000018f60000,0x0000000019060000)]
  0x0000000018469000 JavaThread "pool-1-thread-2" [_thread_blocked, id=17876, stack(0x0000000018e60000,0x0000000018f60000)]
  0x0000000017ab1800 JavaThread "pool-2-thread-1" [_thread_blocked, id=16988, stack(0x0000000018d60000,0x0000000018e60000)]
  0x0000000017ab0800 JavaThread "pool-1-thread-1" [_thread_blocked, id=17676, stack(0x0000000018c60000,0x0000000018d60000)]
  0x000000001788d000 JavaThread "Service Thread" daemon [_thread_blocked, id=19440, stack(0x0000000018260000,0x0000000018360000)]
  0x0000000017801000 JavaThread "C1 CompilerThread3" daemon [_thread_in_vm, id=22136, stack(0x0000000018160000,0x0000000018260000)]
=>0x00000000177ec800 JavaThread "C2 CompilerThread2" daemon [_thread_in_native, id=18992, stack(0x0000000018060000,0x0000000018160000)]
  0x00000000158ae000 JavaThread "C2 CompilerThread1" daemon [_thread_in_native, id=21556, stack(0x0000000017f60000,0x0000000018060000)]
  0x000000001779b800 JavaThread "C2 CompilerThread0" daemon [_thread_in_vm, id=22704, stack(0x0000000017e60000,0x0000000017f60000)]
  0x000000001779a800 JavaThread "Attach Listener" daemon [_thread_blocked, id=22768, stack(0x0000000017d60000,0x0000000017e60000)]
  0x00000000177e8800 JavaThread "Signal Dispatcher" daemon [_thread_blocked, id=6904, stack(0x0000000017c60000,0x0000000017d60000)]
  0x0000000017780800 JavaThread "Finalizer" daemon [_thread_blocked, id=18252, stack(0x0000000017b60000,0x0000000017c60000)]
  0x0000000002d77000 JavaThread "Reference Handler" daemon [_thread_blocked, id=18884, stack(0x0000000017660000,0x0000000017760000)]
  0x0000000002c80800 JavaThread "main" [_thread_blocked, id=22216, stack(0x0000000002750000,0x0000000002850000)]

Other Threads:
  0x0000000015895800 VMThread [stack: 0x0000000017560000,0x0000000017660000] [id=13944]
  0x0000000017840000 WatcherThread [stack: 0x0000000018360000,0x0000000018460000] [id=18132]

VM state:not at safepoint (normal execution)

VM Mutex/Monitor currently owned by a thread: None

Heap:
 PSYoungGen      total 76288K, used 22296K [0x00000000eab00000, 0x00000000f0000000, 0x0000000100000000)
  eden space 65536K, 34% used [0x00000000eab00000,0x00000000ec0c6220,0x00000000eeb00000)
  from space 10752K, 0% used [0x00000000ef580000,0x00000000ef580000,0x00000000f0000000)
  to   space 10752K, 0% used [0x00000000eeb00000,0x00000000eeb00000,0x00000000ef580000)
 ParOldGen       total 175104K, used 0K [0x00000000c0000000, 0x00000000cab00000, 0x00000000eab00000)
  object space 175104K, 0% used [0x00000000c0000000,0x00000000c0000000,0x00000000cab00000)
 Metaspace       used 5787K, capacity 6704K, committed 6784K, reserved 1056768K
  class space    used 581K, capacity 616K, committed 640K, reserved 1048576K

Card table byte_map: [0x0000000012140000,0x0000000012350000] byte_map_base: 0x0000000011b40000

Marking Bits: (ParMarkBitMap*) 0x0000000063d19d00
 Begin Bits: [0x0000000012cb0000, 0x0000000013cb0000)
 End Bits:   [0x0000000013cb0000, 0x0000000014cb0000)

Polling page: 0x0000000000f20000

CodeCache: size=245760Kb used=3070Kb max_used=3081Kb free=242689Kb
 bounds [0x0000000002d80000, 0x0000000003090000, 0x0000000011d80000]
 total_blobs=1076 nmethods=806 adapters=184
 compilation: enabled

Compilation events (10 events):
Event: 0.438 Thread 0x0000000017801000 nmethod 811 0x000000000307b9d0 code [0x000000000307bba0, 0x000000000307c3f8]
Event: 0.438 Thread 0x0000000017801000  817       3       java.util.Collections$UnmodifiableCollection::<init> (22 bytes)
Event: 0.438 Thread 0x0000000017801000 nmethod 817 0x000000000307b490 code [0x000000000307b600, 0x000000000307b8c8]
Event: 0.438 Thread 0x0000000017801000  783       3       com.android.dx.ssa.SsaRenamer$BlockRenamer$RenamingMapper::<init> (10 bytes)
Event: 0.438 Thread 0x0000000017801000 nmethod 783 0x000000000307e050 code [0x000000000307e1c0, 0x000000000307e3f0]
Event: 0.438 Thread 0x0000000017801000  792       3       com.android.dx.cf.code.ConcreteMethod::getCatches (8 bytes)
Event: 0.439 Thread 0x0000000017801000 nmethod 792 0x000000000307e4d0 code [0x000000000307e620, 0x000000000307e810]
Event: 0.439 Thread 0x0000000017801000  784       3       com.android.dx.cf.code.ExecutionStack::pop (54 bytes)
Event: 0.439 Thread 0x0000000017801000 nmethod 784 0x000000000307e8d0 code [0x000000000307eaa0, 0x000000000307f1b8]
Event: 0.439 Thread 0x0000000017801000  773       3       com.android.dx.ssa.back.InterferenceGraph::mergeInterferenceSet (29 bytes)

GC Heap History (0 events):
No events

Deoptimization events (2 events):
Event: 0.114 Thread 0x0000000002c80800 Uncommon trap: reason=unstable_if action=reinterpret pc=0x0000000002ed3694 method=java.lang.String.compareTo(Ljava/lang/String;)I @ 38
Event: 0.144 Thread 0x0000000002c80800 Uncommon trap: reason=unstable_if action=reinterpret pc=0x0000000002ec0b90 method=java.lang.String.indexOf(II)I @ 49

Internal exceptions (2 events):
Event: 0.018 Thread 0x0000000002c80800 Exception <a 'java/lang/NoSuchMethodError': Method sun.misc.Unsafe.defineClass(Ljava/lang/String;[BII)Ljava/lang/Class; name or signature does not match> (0x00000000eab07cc0) thrown at [C:\src\android\AOSP-openjdk\external\jetbrains\jdk\hotspot\src\share\v^0•Zµ¢’?
Event: 0.018 Thread 0x0000000002c80800 Exception <a 'java/lang/NoSuchMethodError': Method sun.misc.Unsafe.prefetchRead(Ljava/lang/Object;J)V name or signature does not match> (0x00000000eab07fa8) thrown at [C:\src\android\AOSP-openjdk\external\jetbrains\jdk\hotspot\src\share\vm\prims\jni.cpp, lð

Events (10 events):
Event: 0.306 loading class java/util/TreeMap$EntrySet
Event: 0.306 loading class java/util/TreeMap$EntrySet done
Event: 0.306 loading class java/util/TreeMap$EntryIterator
Event: 0.307 loading class java/util/TreeMap$EntryIterator done
Event: 0.313 loading class java/util/DualPivotQuicksort
Event: 0.313 loading class java/util/DualPivotQuicksort done
Event: 0.325 loading class java/util/ArrayList$1
Event: 0.325 loading class java/util/ArrayList$1 done
Event: 0.376 Executing VM operation: ForceSafepoint
Event: 0.384 Executing VM operation: ForceSafepoint done


Dynamic libraries:
0x00007ff6d8c70000 - 0x00007ff6d8ca1000 	C:\Program Files\Android\Android Studio\jre\bin\java.exe
0x00007ffea3040000 - 0x00007ffea3201000 	C:\WINDOWS\SYSTEM32\ntdll.dll
0x00007ffea1780000 - 0x00007ffea182d000 	C:\WINDOWS\system32\KERNEL32.DLL
0x00007ffe9ff80000 - 0x00007ffea0168000 	C:\WINDOWS\system32\KERNELBASE.dll
0x00007ffea06f0000 - 0x00007ffea0797000 	C:\WINDOWS\system32\ADVAPI32.dll
0x00007ffea0870000 - 0x00007ffea090d000 	C:\WINDOWS\system32\msvcrt.dll
0x00007ffea09d0000 - 0x00007ffea0a2b000 	C:\WINDOWS\system32\sechost.dll
0x00007ffea1830000 - 0x00007ffea194c000 	C:\WINDOWS\system32\RPCRT4.dll
0x00007ffea1620000 - 0x00007ffea1776000 	C:\WINDOWS\system32\USER32.dll
0x00007ffea0e80000 - 0x00007ffea1006000 	C:\WINDOWS\system32\GDI32.dll
0x00007ffe949a0000 - 0x00007ffe94c14000 	C:\WINDOWS\WinSxS\amd64_microsoft.windows.common-controls_6595b64144ccf1df_6.0.10586.672_none_a2d6b3cea53ff843\COMCTL32.dll
0x00007ffea1030000 - 0x00007ffea12ad000 	C:\WINDOWS\system32\combase.dll
0x00007ffe9f6d0000 - 0x00007ffe9f73a000 	C:\WINDOWS\system32\bcryptPrimitives.dll
0x00007ffea2f40000 - 0x00007ffea2f7b000 	C:\WINDOWS\system32\IMM32.DLL
0x00000000633a0000 - 0x0000000063472000 	C:\Program Files\Android\Android Studio\jre\jre\bin\msvcr100.dll
0x0000000063560000 - 0x0000000063d94000 	C:\Program Files\Android\Android Studio\jre\jre\bin\server\jvm.dll
0x00007ffea0910000 - 0x00007ffea0918000 	C:\WINDOWS\system32\PSAPI.DLL
0x00007ffe8a950000 - 0x00007ffe8a959000 	C:\WINDOWS\SYSTEM32\WSOCK32.dll
0x00007ffe9bf90000 - 0x00007ffe9bf9a000 	C:\WINDOWS\SYSTEM32\VERSION.dll
0x00007ffe9dc30000 - 0x00007ffe9dc53000 	C:\WINDOWS\SYSTEM32\WINMM.dll
0x00007ffea0570000 - 0x00007ffea05db000 	C:\WINDOWS\system32\WS2_32.dll
0x00007ffe9d8f0000 - 0x00007ffe9d91c000 	C:\WINDOWS\SYSTEM32\WINMMBASE.dll
0x00007ffea0200000 - 0x00007ffea0243000 	C:\WINDOWS\system32\cfgmgr32.dll
0x00007ffe94ff0000 - 0x00007ffe94fff000 	C:\Program Files\Android\Android Studio\jre\jre\bin\verify.dll
0x00007ffe92fe0000 - 0x00007ffe93009000 	C:\Program Files\Android\Android Studio\jre\jre\bin\java.dll
0x00007ffe94e50000 - 0x00007ffe94e66000 	C:\Program Files\Android\Android Studio\jre\jre\bin\zip.dll
0x00007ffea19d0000 - 0x00007ffea2f2c000 	C:\WINDOWS\system32\SHELL32.dll
0x00007ffe9f880000 - 0x00007ffe9fec5000 	C:\WINDOWS\system32\windows.storage.dll
0x00007ffea12b0000 - 0x00007ffea1302000 	C:\WINDOWS\system32\shlwapi.dll
0x00007ffe9f670000 - 0x00007ffe9f67f000 	C:\WINDOWS\system32\kernel.appcore.dll
0x00007ffe9f760000 - 0x00007ffe9f815000 	C:\WINDOWS\system32\shcore.dll
0x00007ffe9f680000 - 0x00007ffe9f6cb000 	C:\WINDOWS\system32\powrprof.dll
0x00007ffe9f650000 - 0x00007ffe9f664000 	C:\WINDOWS\system32\profapi.dll

VM Arguments:
jvm_args: -Djava.awt.headless=true -Xmx1024M -Dfile.encoding=GBK -Duser.country=CN -Duser.language=zh -Duser.variant 
java_command: com.android.dx.command.Main --dex --num-threads=4 --output D:\AndroidStudioProject\GoldBowls\app\build\intermediates\pre-dexed\debug\com.facebook.fresco-imagepipeline-0.11.0_8c599a17abdecf2d5737b80ece096a434f3280da.jar D:\AndroidStudioProject\GoldBowls\app\build\intermediates\exploded-aar\com.facebook.fresco\imagepipeline\0.11.0\jars\classes.jar
java_class_path (initial): C:\Users\Administrator\AppData\Local\Android\Sdk\build-tools\24.0.0\lib\dx.jar
Launcher Type: SUN_STANDARD

Environment Variables:
JAVA_HOME=C:\Program Files (x86)\Java\jdk1.8.0_111
CLASSPATH=.;C:\Program Files (x86)\Java\jdk1.8.0_111\lib\dt.jar;C:\Program Files (x86)\Java\jdk1.8.0_111\lib\tools.jar
PATH=C:\ProgramData\Oracle\Java\javapath;C:\Program Files (x86)\Java\jdk1.8.0_111\bin;C:\Program Files (x86)\Java\jdk1.8.0_111\jre\bin;C:\Python27
USERNAME=Administrator
OS=Windows_NT
PROCESSOR_IDENTIFIER=Intel64 Family 6 Model 94 Stepping 3, GenuineIntel



---------------  S Y S T E M  ---------------

OS: Windows 10.0 , 64 bit Build 10586 (10.0.10586.589)

CPU:total 8 (4 cores per cpu, 2 threads per core) family 6 model 94 stepping 3, cmov, cx8, fxsr, mmx, sse, sse2, sse3, ssse3, sse4.1, sse4.2, popcnt, avx, avx2, aes, clmul, erms, rtm, 3dnowpref, lzcnt, ht, tsc, tscinvbit, bmi1, bmi2, adx

Memory: 4k page, physical 16722516k(7135816k free), swap 18819668k(3836k free)

vm_info: OpenJDK 64-Bit Server VM (25.76-b03) for windows-amd64 JRE (1.8.0_76-release-b03), built on Jun 29 2016 19:09:20 by "ralucas" with MS VC++ 10.0 (VS2010)

time: Mon Dec 19 16:12:06 2016
elapsed time: 0 seconds (0d 0h 0m 0s)

