#
# There is insufficient memory for the Java Runtime Environment to continue.
# Native memory allocation (malloc) failed to allocate 329776 bytes for Chunk::new
# Possible reasons:
#   The system is out of physical RAM or swap space
#   In 32 bit mode, the process size limit was hit
# Possible solutions:
#   Reduce memory load on the system
#   Increase physical memory or swap space
#   Check if swap backing store is full
#   Use 64 bit Java on a 64 bit OS
#   Decrease Java heap size (-Xmx/-Xms)
#   Decrease number of Java threads
#   Decrease Java thread stack sizes (-Xss)
#   Set larger code cache with -XX:ReservedCodeCacheSize=
# This output file may be truncated or incomplete.
#
#  Out of Memory Error (allocation.cpp:390), pid=22028, tid=0x0000000000004620
#
# JRE version: OpenJDK Runtime Environment (8.0_76-b03) (build 1.8.0_76-release-b03)
# Java VM: OpenJDK 64-Bit Server VM (25.76-b03 mixed mode windows-amd64 compressed oops)
# Failed to write core dump. Minidumps are not enabled by default on client versions of Windows
#

---------------  T H R E A D  ---------------

Current thread (0x000000001603b000):  JavaThread "C2 CompilerThread1" daemon [_thread_in_native, id=17952, stack(0x0000000018750000,0x0000000018850000)]

Stack: [0x0000000018750000,0x0000000018850000]
[error occurred during error reporting (printing stack bounds), id 0xc0000005]

Native frames: (J=compiled Java code, j=interpreted, Vv=VM code, C=native code)


Current CompileTask:
C2:   1282 1426   !   4       com.android.dx.cf.code.BytecodeArray::parseInstruction (2764 bytes)


---------------  P R O C E S S  ---------------

Java Threads: ( => current thread )
  0x0000000018015800 JavaThread "Service Thread" daemon [_thread_blocked, id=19516, stack(0x0000000018a50000,0x0000000018b50000)]
  0x0000000017fae800 JavaThread "C1 CompilerThread3" daemon [_thread_blocked, id=16368, stack(0x0000000018950000,0x0000000018a50000)]
  0x0000000017f7d800 JavaThread "C2 CompilerThread2" daemon [_thread_in_native, id=19696, stack(0x0000000018850000,0x0000000018950000)]
=>0x000000001603b000 JavaThread "C2 CompilerThread1" daemon [_thread_in_native, id=17952, stack(0x0000000018750000,0x0000000018850000)]
  0x0000000017f2b000 JavaThread "C2 CompilerThread0" daemon [_thread_in_native, id=20292, stack(0x0000000018650000,0x0000000018750000)]
  0x0000000017f2a000 JavaThread "Attach Listener" daemon [_thread_blocked, id=20444, stack(0x0000000018550000,0x0000000018650000)]
  0x0000000016039800 JavaThread "Signal Dispatcher" daemon [_thread_blocked, id=16268, stack(0x0000000018450000,0x0000000018550000)]
  0x0000000017f10800 JavaThread "Finalizer" daemon [_thread_blocked, id=18120, stack(0x00000000182f0000,0x00000000183f0000)]
  0x0000000003506000 JavaThread "Reference Handler" daemon [_thread_blocked, id=18040, stack(0x0000000017df0000,0x0000000017ef0000)]
  0x0000000003410800 JavaThread "main" [_thread_blocked, id=14548, stack(0x0000000003310000,0x0000000003410000)]

Other Threads:
  0x0000000016025000 VMThread [stack: 0x0000000017cf0000,0x0000000017df0000] [id=15920]
  0x0000000018016800 WatcherThread [stack: 0x0000000018b50000,0x0000000018c50000] [id=19540]

VM state:not at safepoint (normal execution)

VM Mutex/Monitor currently owned by a thread: None

Heap:
 PSYoungGen      total 76288K, used 58991K [0x00000000eab00000, 0x00000000f0000000, 0x0000000100000000)
  eden space 65536K, 90% used [0x00000000eab00000,0x00000000ee49bd70,0x00000000eeb00000)
  from space 10752K, 0% used [0x00000000ef580000,0x00000000ef580000,0x00000000f0000000)
  to   space 10752K, 0% used [0x00000000eeb00000,0x00000000eeb00000,0x00000000ef580000)
 ParOldGen       total 175104K, used 0K [0x00000000c0000000, 0x00000000cab00000, 0x00000000eab00000)
  object space 175104K, 0% used [0x00000000c0000000,0x00000000c0000000,0x00000000cab00000)
 Metaspace       used 6214K, capacity 7088K, committed 7296K, reserved 1056768K
  class space    used 586K, capacity 616K, committed 640K, reserved 1048576K

Card table byte_map: [0x00000000128d0000,0x0000000012ae0000] byte_map_base: 0x00000000122d0000

Marking Bits: (ParMarkBitMap*) 0x0000000063d19d00
 Begin Bits: [0x0000000013440000, 0x0000000014440000)
 End Bits:   [0x0000000014440000, 0x0000000015440000)

Polling page: 0x0000000002de0000

CodeCache: size=245760Kb used=6239Kb max_used=6253Kb free=239520Kb
 bounds [0x0000000003510000, 0x0000000003b40000, 0x0000000012510000]
 total_blobs=1766 nmethods=1496 adapters=184
 compilation: enabled

Compilation events (10 events):
Event: 1.237 Thread 0x0000000017fae800 1511       3       com.android.dx.dex.code.StdCatchBuilder::hasAnyCatches (57 bytes)
Event: 1.238 Thread 0x0000000017fae800 nmethod 1511 0x0000000003b2ad50 code [0x0000000003b2af40, 0x0000000003b2bc78]
Event: 1.238 Thread 0x0000000017fae800 1512       3       java.util.HashSet::iterator (13 bytes)
Event: 1.238 Thread 0x0000000017fae800 nmethod 1512 0x0000000003b2c1d0 code [0x0000000003b2c340, 0x0000000003b2c618]
Event: 1.238 Thread 0x0000000017fae800 1513       3       java.util.HashMap::keySet (25 bytes)
Event: 1.238 Thread 0x0000000017fae800 nmethod 1513 0x0000000003b2c710 code [0x0000000003b2c880, 0x0000000003b2cc10]
Event: 1.254 Thread 0x0000000017f2b000 nmethod 1505 0x0000000003b30890 code [0x0000000003b30a40, 0x0000000003b318d8]
Event: 1.254 Thread 0x0000000017f2b000 1507       4       com.android.dx.rop.code.RegisterSpecSet::size (49 bytes)
Event: 1.255 Thread 0x0000000017f2b000 nmethod 1507 0x0000000003b2d810 code [0x0000000003b2d940, 0x0000000003b2da78]
Event: 1.255 Thread 0x0000000017f2b000 1510       4       com.android.dx.dex.code.OutputFinisher::addConstants (93 bytes)

GC Heap History (0 events):
No events

Deoptimization events (10 events):
Event: 1.226 Thread 0x0000000003410800 Uncommon trap: reason=class_check action=maybe_recompile pc=0x000000000399c048 method=java.util.Arrays.hashCode([Ljava/lang/Object;)I @ 43
Event: 1.226 Thread 0x0000000003410800 Uncommon trap: reason=class_check action=maybe_recompile pc=0x000000000399c048 method=java.util.Arrays.hashCode([Ljava/lang/Object;)I @ 43
Event: 1.227 Thread 0x0000000003410800 Uncommon trap: reason=bimorphic action=maybe_recompile pc=0x00000000038fd53c method=java.util.HashMap.getNode(ILjava/lang/Object;)Ljava/util/HashMap$Node; @ 126
Event: 1.230 Thread 0x0000000003410800 Uncommon trap: reason=bimorphic action=maybe_recompile pc=0x00000000038fd53c method=java.util.HashMap.getNode(ILjava/lang/Object;)Ljava/util/HashMap$Node; @ 126
Event: 1.230 Thread 0x0000000003410800 Uncommon trap: reason=bimorphic action=maybe_recompile pc=0x00000000038fd53c method=java.util.HashMap.getNode(ILjava/lang/Object;)Ljava/util/HashMap$Node; @ 126
Event: 1.230 Thread 0x0000000003410800 Uncommon trap: reason=bimorphic action=maybe_recompile pc=0x00000000038fd53c method=java.util.HashMap.getNode(ILjava/lang/Object;)Ljava/util/HashMap$Node; @ 126
Event: 1.230 Thread 0x0000000003410800 Uncommon trap: reason=bimorphic action=maybe_recompile pc=0x00000000039054e8 method=java.util.HashMap.getNode(ILjava/lang/Object;)Ljava/util/HashMap$Node; @ 126
Event: 1.231 Thread 0x0000000003410800 Uncommon trap: reason=class_check action=maybe_recompile pc=0x0000000003a09ba4 method=java.util.HashMap.putVal(ILjava/lang/Object;Ljava/lang/Object;ZZ)Ljava/lang/Object; @ 203
Event: 1.231 Thread 0x0000000003410800 Uncommon trap: reason=class_check action=maybe_recompile pc=0x0000000003a09ba4 method=java.util.HashMap.putVal(ILjava/lang/Object;Ljava/lang/Object;ZZ)Ljava/lang/Object; @ 203
Event: 1.235 Thread 0x0000000003410800 Uncommon trap: reason=class_check action=maybe_recompile pc=0x00000000039497a4 method=java.util.HashMap.putVal(ILjava/lang/Object;Ljava/lang/Object;ZZ)Ljava/lang/Object; @ 203

Internal exceptions (2 events):
Event: 0.031 Thread 0x0000000003410800 Exception <a 'java/lang/NoSuchMethodError': Method sun.misc.Unsafe.defineClass(Ljava/lang/String;[BII)Ljava/lang/Class; name or signature does not match> (0x00000000eab07cc0) thrown at [C:\src\android\AOSP-openjdk\external\jetbrains\jdk\hotspot\src\share\v€5êD—⁄ü?
Event: 0.031 Thread 0x0000000003410800 Exception <a 'java/lang/NoSuchMethodError': Method sun.misc.Unsafe.prefetchRead(Ljava/lang/Object;J)V name or signature does not match> (0x00000000eab07fa8) thrown at [C:\src\android\AOSP-openjdk\external\jetbrains\jdk\hotspot\src\share\vm\prims\jni.cpp, l

Events (10 events):
Event: 1.231 Thread 0x0000000003410800 DEOPT PACKING pc=0x0000000003a09ba4 sp=0x000000000340f110
Event: 1.231 Thread 0x0000000003410800 DEOPT UNPACKING pc=0x000000000355556a sp=0x000000000340f038 mode 2
Event: 1.231 Thread 0x0000000003410800 Uncommon trap: trap_request=0xffffffde fr.pc=0x0000000003a09ba4
Event: 1.231 Thread 0x0000000003410800 DEOPT PACKING pc=0x0000000003a09ba4 sp=0x000000000340f110
Event: 1.231 Thread 0x0000000003410800 DEOPT UNPACKING pc=0x000000000355556a sp=0x000000000340f038 mode 2
Event: 1.232 loading class com/android/dx/dex/file/CatchStructs
Event: 1.232 loading class com/android/dx/dex/file/CatchStructs done
Event: 1.235 Thread 0x0000000003410800 Uncommon trap: trap_request=0xffffffde fr.pc=0x00000000039497a4
Event: 1.235 Thread 0x0000000003410800 DEOPT PACKING pc=0x00000000039497a4 sp=0x000000000340efe0
Event: 1.235 Thread 0x0000000003410800 DEOPT UNPACKING pc=0x000000000355556a sp=0x000000000340ef68 mode 2


Dynamic libraries:
0x00007ff6d8c70000 - 0x00007ff6d8ca1000 	C:\Program Files\Android\Android Studio\jre\bin\java.exe
0x00007ffea3040000 - 0x00007ffea3201000 	C:\WINDOWS\SYSTEM32\ntdll.dll
0x00007ffea1780000 - 0x00007ffea182d000 	C:\WINDOWS\system32\KERNEL32.DLL
0x00007ffe9ff80000 - 0x00007ffea0168000 	C:\WINDOWS\system32\KERNELBASE.dll
0x00007ffea06f0000 - 0x00007ffea0797000 	C:\WINDOWS\system32\ADVAPI32.dll
0x00007ffea0870000 - 0x00007ffea090d000 	C:\WINDOWS\system32\msvcrt.dll
0x00007ffea09d0000 - 0x00007ffea0a2b000 	C:\WINDOWS\system32\sechost.dll
0x00007ffea1830000 - 0x00007ffea194c000 	C:\WINDOWS\system32\RPCRT4.dll
0x00007ffea1620000 - 0x00007ffea1776000 	C:\WINDOWS\system32\USER32.dll
0x00007ffea0e80000 - 0x00007ffea1006000 	C:\WINDOWS\system32\GDI32.dll
0x00007ffe949a0000 - 0x00007ffe94c14000 	C:\WINDOWS\WinSxS\amd64_microsoft.windows.common-controls_6595b64144ccf1df_6.0.10586.672_none_a2d6b3cea53ff843\COMCTL32.dll
0x00007ffea1030000 - 0x00007ffea12ad000 	C:\WINDOWS\system32\combase.dll
0x00007ffe9f6d0000 - 0x00007ffe9f73a000 	C:\WINDOWS\system32\bcryptPrimitives.dll
0x00007ffea2f40000 - 0x00007ffea2f7b000 	C:\WINDOWS\system32\IMM32.DLL
0x00000000633a0000 - 0x0000000063472000 	C:\Program Files\Android\Android Studio\jre\jre\bin\msvcr100.dll
0x0000000063560000 - 0x0000000063d94000 	C:\Program Files\Android\Android Studio\jre\jre\bin\server\jvm.dll
0x00007ffea0910000 - 0x00007ffea0918000 	C:\WINDOWS\system32\PSAPI.DLL
0x00007ffe8a950000 - 0x00007ffe8a959000 	C:\WINDOWS\SYSTEM32\WSOCK32.dll
0x00007ffe9dc30000 - 0x00007ffe9dc53000 	C:\WINDOWS\SYSTEM32\WINMM.dll
0x00007ffe9bf90000 - 0x00007ffe9bf9a000 	C:\WINDOWS\SYSTEM32\VERSION.dll
0x00007ffea0570000 - 0x00007ffea05db000 	C:\WINDOWS\system32\WS2_32.dll
0x0000000002e10000 - 0x0000000002e3c000 	C:\WINDOWS\SYSTEM32\WINMMBASE.dll
0x00007ffea0200000 - 0x00007ffea0243000 	C:\WINDOWS\system32\cfgmgr32.dll
0x00007ffe94ff0000 - 0x00007ffe94fff000 	C:\Program Files\Android\Android Studio\jre\jre\bin\verify.dll
0x00007ffe92fe0000 - 0x00007ffe93009000 	C:\Program Files\Android\Android Studio\jre\jre\bin\java.dll
0x00007ffe94e50000 - 0x00007ffe94e66000 	C:\Program Files\Android\Android Studio\jre\jre\bin\zip.dll
0x00007ffea19d0000 - 0x00007ffea2f2c000 	C:\WINDOWS\system32\SHELL32.dll
0x00007ffe9f880000 - 0x00007ffe9fec5000 	C:\WINDOWS\system32\windows.storage.dll
0x00007ffea12b0000 - 0x00007ffea1302000 	C:\WINDOWS\system32\shlwapi.dll
0x00007ffe9f670000 - 0x00007ffe9f67f000 	C:\WINDOWS\system32\kernel.appcore.dll
0x00007ffe9f760000 - 0x00007ffe9f815000 	C:\WINDOWS\system32\shcore.dll
0x00007ffe9f680000 - 0x00007ffe9f6cb000 	C:\WINDOWS\system32\powrprof.dll
0x00007ffe9f650000 - 0x00007ffe9f664000 	C:\WINDOWS\system32\profapi.dll

VM Arguments:
jvm_args: -Djava.awt.headless=true -Xmx1024M -Dfile.encoding=GBK -Duser.country=CN -Duser.language=zh -Duser.variant 
java_command: com.android.dx.command.Main --dex --num-threads=4 --output D:\AndroidStudioProject\GoldBowls\app\build\intermediates\pre-dexed\debug\com.facebook.fresco-fbcore-0.11.0_4e298b5f2743ff3942a8a38cca4244142be0e829.jar D:\AndroidStudioProject\GoldBowls\app\build\intermediates\exploded-aar\com.facebook.fresco\fbcore\0.11.0\jars\classes.jar
java_class_path (initial): C:\Users\Administrator\AppData\Local\Android\Sdk\build-tools\24.0.0\lib\dx.jar
Launcher Type: SUN_STANDARD

Environment Variables:
JAVA_HOME=C:\Program Files (x86)\Java\jdk1.8.0_111
CLASSPATH=.;C:\Program Files (x86)\Java\jdk1.8.0_111\lib\dt.jar;C:\Program Files (x86)\Java\jdk1.8.0_111\lib\tools.jar
PATH=C:\ProgramData\Oracle\Java\javapath;C:\Program Files (x86)\Java\jdk1.8.0_111\bin;C:\Program Files (x86)\Java\jdk1.8.0_111\jre\bin;C:\Python27
USERNAME=Administrator
OS=Windows_NT
PROCESSOR_IDENTIFIER=Intel64 Family 6 Model 94 Stepping 3, GenuineIntel



---------------  S Y S T E M  ---------------

OS: Windows 10.0 , 64 bit Build 10586 (10.0.10586.589)

CPU:total 8 (4 cores per cpu, 2 threads per core) family 6 model 94 stepping 3, cmov, cx8, fxsr, mmx, sse, sse2, sse3, ssse3, sse4.1, sse4.2, popcnt, avx, avx2, aes, clmul, erms, rtm, 3dnowpref, lzcnt, ht, tsc, tscinvbit, bmi1, bmi2, adx

Memory: 4k page, physical 16722516k(7184660k free), swap 18819668k(8024k free)

vm_info: OpenJDK 64-Bit Server VM (25.76-b03) for windows-amd64 JRE (1.8.0_76-release-b03), built on Jun 29 2016 19:09:20 by "ralucas" with MS VC++ 10.0 (VS2010)

time: Mon Dec 19 16:15:00 2016
elapsed time: 1 seconds (0d 0h 0m 1s)

