#
# There is insufficient memory for the Java Runtime Environment to continue.
# Native memory allocation (malloc) failed to allocate 433216 bytes for Chunk::new
# Possible reasons:
#   The system is out of physical RAM or swap space
#   In 32 bit mode, the process size limit was hit
# Possible solutions:
#   Reduce memory load on the system
#   Increase physical memory or swap space
#   Check if swap backing store is full
#   Use 64 bit Java on a 64 bit OS
#   Decrease Java heap size (-Xmx/-Xms)
#   Decrease number of Java threads
#   Decrease Java thread stack sizes (-Xss)
#   Set larger code cache with -XX:ReservedCodeCacheSize=
# This output file may be truncated or incomplete.
#
#  Out of Memory Error (allocation.cpp:390), pid=19564, tid=0x00000000000050f4
#
# JRE version: OpenJDK Runtime Environment (8.0_76-b03) (build 1.8.0_76-release-b03)
# Java VM: OpenJDK 64-Bit Server VM (25.76-b03 mixed mode windows-amd64 compressed oops)
# Failed to write core dump. Minidumps are not enabled by default on client versions of Windows
#

---------------  T H R E A D  ---------------

Current thread (0x00000000153cb000):  JavaThread "C2 CompilerThread1" daemon [_thread_in_native, id=20724, stack(0x0000000017b00000,0x0000000017c00000)]

Stack: [0x0000000017b00000,0x0000000017c00000]
[error occurred during error reporting (printing stack bounds), id 0xc0000005]

Native frames: (J=compiled Java code, j=interpreted, Vv=VM code, C=native code)


Current CompileTask:
C2:   2108 1579       4       com.android.dx.ssa.SCCP::simulateBlock (54 bytes)


---------------  P R O C E S S  ---------------

Java Threads: ( => current thread )
  0x000000001803c000 JavaThread "pool-1-thread-4" [_thread_blocked, id=19764, stack(0x0000000018c00000,0x0000000018d00000)]
  0x0000000018039000 JavaThread "pool-1-thread-3" [_thread_blocked, id=20104, stack(0x0000000018b00000,0x0000000018c00000)]
  0x000000001803e800 JavaThread "pool-1-thread-2" [_thread_blocked, id=20040, stack(0x0000000018a00000,0x0000000018b00000)]
  0x000000001764a800 JavaThread "pool-2-thread-1" [_thread_in_Java, id=14728, stack(0x0000000018900000,0x0000000018a00000)]
  0x0000000017647800 JavaThread "pool-1-thread-1" [_thread_blocked, id=12228, stack(0x0000000018800000,0x0000000018900000)]
  0x00000000173c6800 JavaThread "Service Thread" daemon [_thread_blocked, id=20196, stack(0x0000000017e00000,0x0000000017f00000)]
  0x000000001733b800 JavaThread "C1 CompilerThread3" daemon [_thread_blocked, id=20768, stack(0x0000000017d00000,0x0000000017e00000)]
  0x000000001732b800 JavaThread "C2 CompilerThread2" daemon [_thread_in_native, id=20496, stack(0x0000000017c00000,0x0000000017d00000)]
=>0x00000000153cb000 JavaThread "C2 CompilerThread1" daemon [_thread_in_native, id=20724, stack(0x0000000017b00000,0x0000000017c00000)]
  0x00000000172db000 JavaThread "C2 CompilerThread0" daemon [_thread_in_native, id=20624, stack(0x0000000017a00000,0x0000000017b00000)]
  0x00000000172da000 JavaThread "Attach Listener" daemon [_thread_blocked, id=20596, stack(0x0000000017900000,0x0000000017a00000)]
  0x00000000153c9800 JavaThread "Signal Dispatcher" daemon [_thread_blocked, id=9408, stack(0x0000000017800000,0x0000000017900000)]
  0x00000000172c0800 JavaThread "Finalizer" daemon [_thread_blocked, id=15016, stack(0x00000000176a0000,0x00000000177a0000)]
  0x0000000002896000 JavaThread "Reference Handler" daemon [_thread_blocked, id=12592, stack(0x00000000171a0000,0x00000000172a0000)]
  0x00000000027a0800 JavaThread "main" [_thread_in_Java, id=20396, stack(0x00000000026a0000,0x00000000027a0000)]

Other Threads:
  0x00000000153b5000 VMThread [stack: 0x00000000170a0000,0x00000000171a0000] [id=19712]
  0x00000000173c7000 WatcherThread [stack: 0x0000000017f00000,0x0000000018000000] [id=19392]

VM state:not at safepoint (normal execution)

VM Mutex/Monitor currently owned by a thread: None

Heap:
 PSYoungGen      total 76288K, used 44269K [0x00000000eab00000, 0x00000000f4000000, 0x0000000100000000)
  eden space 65536K, 51% used [0x00000000eab00000,0x00000000ecc2ad80,0x00000000eeb00000)
  from space 10752K, 95% used [0x00000000eeb00000,0x00000000ef510680,0x00000000ef580000)
  to   space 10752K, 0% used [0x00000000f3580000,0x00000000f3580000,0x00000000f4000000)
 ParOldGen       total 175104K, used 16K [0x00000000c0000000, 0x00000000cab00000, 0x00000000eab00000)
  object space 175104K, 0% used [0x00000000c0000000,0x00000000c0004000,0x00000000cab00000)
 Metaspace       used 6176K, capacity 7088K, committed 7296K, reserved 1056768K
  class space    used 582K, capacity 616K, committed 640K, reserved 1048576K

Card table byte_map: [0x0000000011c60000,0x0000000011e70000] byte_map_base: 0x0000000011660000

Marking Bits: (ParMarkBitMap*) 0x0000000063d19d00
 Begin Bits: [0x00000000127d0000, 0x00000000137d0000)
 End Bits:   [0x00000000137d0000, 0x00000000147d0000)

Polling page: 0x0000000000bd0000

CodeCache: size=245760Kb used=6444Kb max_used=6457Kb free=239315Kb
 bounds [0x00000000028a0000, 0x0000000002f00000, 0x00000000118a0000]
 total_blobs=1839 nmethods=1568 adapters=184
 compilation: enabled

Compilation events (10 events):
Event: 2.103 Thread 0x000000001733b800 1596       2       com.android.dx.rop.code.SourcePosition::equals (46 bytes)
Event: 2.103 Thread 0x000000001733b800 nmethod 1596 0x0000000002e9c5d0 code [0x0000000002e9c740, 0x0000000002e9c988]
Event: 2.103 Thread 0x000000001733b800 1597       2       com.android.dx.util.LabeledList::removeLabel (10 bytes)
Event: 2.103 Thread 0x000000001733b800 nmethod 1597 0x0000000002ec36d0 code [0x0000000002ec3840, 0x0000000002ec39c8]
Event: 2.104 Thread 0x000000001733b800 1598       2       com.android.dx.util.IntList::binarysearch (124 bytes)
Event: 2.104 Thread 0x000000001733b800 nmethod 1598 0x0000000002ec2f90 code [0x0000000002ec3100, 0x0000000002ec3410]
Event: 2.106 Thread 0x000000001733b800 1599       2       com.android.dx.ssa.PhiInsn::mapSourceRegisters (78 bytes)
Event: 2.106 Thread 0x000000001733b800 nmethod 1599 0x0000000002ec2790 code [0x0000000002ec2920, 0x0000000002ec2cc8]
Event: 2.107 Thread 0x000000001733b800 1600       2       com.android.dx.rop.type.StdTypeList::equalContents (56 bytes)
Event: 2.107 Thread 0x000000001733b800 nmethod 1600 0x0000000002ec0b90 code [0x0000000002ec0d40, 0x0000000002ec1068]

GC Heap History (2 events):
Event: 1.530 GC heap before
{Heap before GC invocations=1 (full 0):
 PSYoungGen      total 76288K, used 65536K [0x00000000eab00000, 0x00000000f0000000, 0x0000000100000000)
  eden space 65536K, 100% used [0x00000000eab00000,0x00000000eeb00000,0x00000000eeb00000)
  from space 10752K, 0% used [0x00000000ef580000,0x00000000ef580000,0x00000000f0000000)
  to   space 10752K, 0% used [0x00000000eeb00000,0x00000000eeb00000,0x00000000ef580000)
 ParOldGen       total 175104K, used 0K [0x00000000c0000000, 0x00000000cab00000, 0x00000000eab00000)
  object space 175104K, 0% used [0x00000000c0000000,0x00000000c0000000,0x00000000cab00000)
 Metaspace       used 6088K, capacity 7024K, committed 7296K, reserved 1056768K
  class space    used 582K, capacity 616K, committed 640K, reserved 1048576K
Event: 1.689 GC heap after
Heap after GC invocations=1 (full 0):
 PSYoungGen      total 76288K, used 10305K [0x00000000eab00000, 0x00000000f4000000, 0x0000000100000000)
  eden space 65536K, 0% used [0x00000000eab00000,0x00000000eab00000,0x00000000eeb00000)
  from space 10752K, 95% used [0x00000000eeb00000,0x00000000ef510680,0x00000000ef580000)
  to   space 10752K, 0% used [0x00000000f3580000,0x00000000f3580000,0x00000000f4000000)
 ParOldGen       total 175104K, used 16K [0x00000000c0000000, 0x00000000cab00000, 0x00000000eab00000)
  object space 175104K, 0% used [0x00000000c0000000,0x00000000c0004000,0x00000000cab00000)
 Metaspace       used 6088K, capacity 7024K, committed 7296K, reserved 1056768K
  class space    used 582K, capacity 616K, committed 640K, reserved 1048576K
}

Deoptimization events (10 events):
Event: 1.260 Thread 0x00000000027a0800 Uncommon trap: reason=class_check action=maybe_recompile pc=0x0000000002b066ec method=com.android.dx.rop.type.Type.equals(Ljava/lang/Object;)Z @ 8
Event: 1.260 Thread 0x00000000027a0800 Uncommon trap: reason=class_check action=maybe_recompile pc=0x0000000002b066ec method=com.android.dx.rop.type.Type.equals(Ljava/lang/Object;)Z @ 8
Event: 1.260 Thread 0x00000000027a0800 Uncommon trap: reason=unstable_if action=reinterpret pc=0x0000000002ceb6f8 method=com.android.dx.cf.code.Ropper.labelToResultIndex(I)I @ 34
Event: 1.261 Thread 0x00000000027a0800 Uncommon trap: reason=class_check action=maybe_recompile pc=0x0000000002b614a8 method=com.android.dx.rop.type.Type.equals(Ljava/lang/Object;)Z @ 8
Event: 1.261 Thread 0x00000000027a0800 Uncommon trap: reason=unstable_if action=reinterpret pc=0x0000000002b0545c method=com.android.dx.rop.cst.Constant.compareTo(Lcom/android/dx/rop/cst/Constant;)I @ 12
Event: 1.283 Thread 0x000000001803c000 Uncommon trap: reason=class_check action=maybe_recompile pc=0x0000000002bb8850 method=com.android.dx.rop.type.Type.equals(Ljava/lang/Object;)Z @ 8
Event: 1.321 Thread 0x0000000017647800 Uncommon trap: reason=class_check action=maybe_recompile pc=0x0000000002b066ec method=com.android.dx.rop.type.Type.equals(Ljava/lang/Object;)Z @ 8
Event: 1.778 Thread 0x0000000017647800 Uncommon trap: reason=unstable_if action=reinterpret pc=0x0000000002dff2dc method=com.android.dx.ssa.SCCP.simulateStmt(Lcom/android/dx/ssa/SsaInsn;)V @ 59
Event: 2.100 Thread 0x00000000027a0800 Uncommon trap: reason=unstable_if action=reinterpret pc=0x0000000002d2aa3c method=com.android.dx.util.IntList.binarysearch(I)I @ 105
Event: 2.102 Thread 0x00000000027a0800 Uncommon trap: reason=unstable_if action=reinterpret pc=0x0000000002ec4e1c method=com.android.dx.ssa.SsaMethod.blockIndexToRopLabel(I)I @ 1

Internal exceptions (3 events):
Event: 0.710 Thread 0x00000000027a0800 Exception <a 'java/lang/NoSuchMethodError': Method sun.misc.Unsafe.defineClass(Ljava/lang/String;[BII)Ljava/lang/Class; name or signature does not match> (0x00000000eab07cc0) thrown at [C:\src\android\AOSP-openjdk\external\jetbrains\jdk\hotspot\src\share\v0†„µæ?
Event: 0.710 Thread 0x00000000027a0800 Exception <a 'java/lang/NoSuchMethodError': Method sun.misc.Unsafe.prefetchRead(Ljava/lang/Object;J)V name or signature does not match> (0x00000000eab07fa8) thrown at [C:\src\android\AOSP-openjdk\external\jetbrains\jdk\hotspot\src\share\vm\prims\jni.cpp, l†Wa_mò?
Event: 1.152 Thread 0x000000001803c000 Implicit null exception at 0x0000000002bb9fe2 to 0x0000000002bba0e9

Events (10 events):
Event: 1.778 Thread 0x0000000017647800 DEOPT PACKING pc=0x0000000002dff2dc sp=0x00000000188fe950
Event: 1.778 Thread 0x0000000017647800 DEOPT UNPACKING pc=0x00000000028e556a sp=0x00000000188fe938 mode 2
Event: 1.931 loading class com/android/dx/rop/code/RegisterSpec$1
Event: 1.931 loading class com/android/dx/rop/code/RegisterSpec$1 done
Event: 2.100 Thread 0x00000000027a0800 Uncommon trap: trap_request=0xffffff65 fr.pc=0x0000000002d2aa3c
Event: 2.100 Thread 0x00000000027a0800 DEOPT PACKING pc=0x0000000002d2aa3c sp=0x000000000279e4e0
Event: 2.100 Thread 0x00000000027a0800 DEOPT UNPACKING pc=0x00000000028e556a sp=0x000000000279e458 mode 2
Event: 2.102 Thread 0x00000000027a0800 Uncommon trap: trap_request=0xffffff65 fr.pc=0x0000000002ec4e1c
Event: 2.102 Thread 0x00000000027a0800 DEOPT PACKING pc=0x0000000002ec4e1c sp=0x000000000279e630
Event: 2.102 Thread 0x00000000027a0800 DEOPT UNPACKING pc=0x00000000028e556a sp=0x000000000279e558 mode 2


Dynamic libraries:
0x00007ff6d8c70000 - 0x00007ff6d8ca1000 	C:\Program Files\Android\Android Studio\jre\bin\java.exe
0x00007ffea3040000 - 0x00007ffea3201000 	C:\WINDOWS\SYSTEM32\ntdll.dll
0x00007ffea1780000 - 0x00007ffea182d000 	C:\WINDOWS\system32\KERNEL32.DLL
0x00007ffe9ff80000 - 0x00007ffea0168000 	C:\WINDOWS\system32\KERNELBASE.dll
0x00007ffea06f0000 - 0x00007ffea0797000 	C:\WINDOWS\system32\ADVAPI32.dll
0x00007ffea0870000 - 0x00007ffea090d000 	C:\WINDOWS\system32\msvcrt.dll
0x00007ffea09d0000 - 0x00007ffea0a2b000 	C:\WINDOWS\system32\sechost.dll
0x00007ffea1830000 - 0x00007ffea194c000 	C:\WINDOWS\system32\RPCRT4.dll
0x00007ffea1620000 - 0x00007ffea1776000 	C:\WINDOWS\system32\USER32.dll
0x00007ffea0e80000 - 0x00007ffea1006000 	C:\WINDOWS\system32\GDI32.dll
0x00007ffe949a0000 - 0x00007ffe94c14000 	C:\WINDOWS\WinSxS\amd64_microsoft.windows.common-controls_6595b64144ccf1df_6.0.10586.672_none_a2d6b3cea53ff843\COMCTL32.dll
0x00007ffea1030000 - 0x00007ffea12ad000 	C:\WINDOWS\system32\combase.dll
0x00007ffe9f6d0000 - 0x00007ffe9f73a000 	C:\WINDOWS\system32\bcryptPrimitives.dll
0x00007ffea2f40000 - 0x00007ffea2f7b000 	C:\WINDOWS\system32\IMM32.DLL
0x00000000633a0000 - 0x0000000063472000 	C:\Program Files\Android\Android Studio\jre\jre\bin\msvcr100.dll
0x0000000063560000 - 0x0000000063d94000 	C:\Program Files\Android\Android Studio\jre\jre\bin\server\jvm.dll
0x00007ffea0910000 - 0x00007ffea0918000 	C:\WINDOWS\system32\PSAPI.DLL
0x00007ffe8a950000 - 0x00007ffe8a959000 	C:\WINDOWS\SYSTEM32\WSOCK32.dll
0x00007ffea0570000 - 0x00007ffea05db000 	C:\WINDOWS\system32\WS2_32.dll
0x00007ffe9dc30000 - 0x00007ffe9dc53000 	C:\WINDOWS\SYSTEM32\WINMM.dll
0x00007ffe9bf90000 - 0x00007ffe9bf9a000 	C:\WINDOWS\SYSTEM32\VERSION.dll
0x00007ffe9d8f0000 - 0x00007ffe9d91c000 	C:\WINDOWS\SYSTEM32\WINMMBASE.dll
0x00007ffea0200000 - 0x00007ffea0243000 	C:\WINDOWS\system32\cfgmgr32.dll
0x00007ffe94ff0000 - 0x00007ffe94fff000 	C:\Program Files\Android\Android Studio\jre\jre\bin\verify.dll
0x00007ffe92fe0000 - 0x00007ffe93009000 	C:\Program Files\Android\Android Studio\jre\jre\bin\java.dll
0x00007ffe94e50000 - 0x00007ffe94e66000 	C:\Program Files\Android\Android Studio\jre\jre\bin\zip.dll
0x00007ffea19d0000 - 0x00007ffea2f2c000 	C:\WINDOWS\system32\SHELL32.dll
0x00007ffe9f880000 - 0x00007ffe9fec5000 	C:\WINDOWS\system32\windows.storage.dll
0x00007ffea12b0000 - 0x00007ffea1302000 	C:\WINDOWS\system32\shlwapi.dll
0x00007ffe9f670000 - 0x00007ffe9f67f000 	C:\WINDOWS\system32\kernel.appcore.dll
0x00007ffe9f760000 - 0x00007ffe9f815000 	C:\WINDOWS\system32\shcore.dll
0x00007ffe9f680000 - 0x00007ffe9f6cb000 	C:\WINDOWS\system32\powrprof.dll
0x00007ffe9f650000 - 0x00007ffe9f664000 	C:\WINDOWS\system32\profapi.dll

VM Arguments:
jvm_args: -Djava.awt.headless=true -Xmx1024M -Dfile.encoding=GBK -Duser.country=CN -Duser.language=zh -Duser.variant 
java_command: com.android.dx.command.Main --dex --num-threads=4 --output D:\AndroidStudioProject\GoldBowls\app\build\intermediates\pre-dexed\debug\com.android.support-support-v4-24.1.1_615dc88d79c94bf286a9c0b7a2cd3eb8218d6023.jar D:\AndroidStudioProject\GoldBowls\app\build\intermediates\exploded-aar\com.android.support\support-v4\24.1.1\jars\classes.jar
java_class_path (initial): C:\Users\Administrator\AppData\Local\Android\Sdk\build-tools\24.0.0\lib\dx.jar
Launcher Type: SUN_STANDARD

Environment Variables:
JAVA_HOME=C:\Program Files (x86)\Java\jdk1.8.0_111
CLASSPATH=.;C:\Program Files (x86)\Java\jdk1.8.0_111\lib\dt.jar;C:\Program Files (x86)\Java\jdk1.8.0_111\lib\tools.jar
PATH=C:\ProgramData\Oracle\Java\javapath;C:\Program Files (x86)\Java\jdk1.8.0_111\bin;C:\Program Files (x86)\Java\jdk1.8.0_111\jre\bin;C:\Python27
USERNAME=Administrator
OS=Windows_NT
PROCESSOR_IDENTIFIER=Intel64 Family 6 Model 94 Stepping 3, GenuineIntel



---------------  S Y S T E M  ---------------

OS: Windows 10.0 , 64 bit Build 10586 (10.0.10586.589)

CPU:total 8 (4 cores per cpu, 2 threads per core) family 6 model 94 stepping 3, cmov, cx8, fxsr, mmx, sse, sse2, sse3, ssse3, sse4.1, sse4.2, popcnt, avx, avx2, aes, clmul, erms, rtm, 3dnowpref, lzcnt, ht, tsc, tscinvbit, bmi1, bmi2, adx

Memory: 4k page, physical 16722516k(7132268k free), swap 18819668k(6560k free)

vm_info: OpenJDK 64-Bit Server VM (25.76-b03) for windows-amd64 JRE (1.8.0_76-release-b03), built on Jun 29 2016 19:09:20 by "ralucas" with MS VC++ 10.0 (VS2010)

time: Mon Dec 19 16:15:01 2016
elapsed time: 2 seconds (0d 0h 0m 2s)

