#
# There is insufficient memory for the Java Runtime Environment to continue.
# Native memory allocation (malloc) failed to allocate 272336 bytes for Chunk::new
# Possible reasons:
#   The system is out of physical RAM or swap space
#   In 32 bit mode, the process size limit was hit
# Possible solutions:
#   Reduce memory load on the system
#   Increase physical memory or swap space
#   Check if swap backing store is full
#   Use 64 bit Java on a 64 bit OS
#   Decrease Java heap size (-Xmx/-Xms)
#   Decrease number of Java threads
#   Decrease Java thread stack sizes (-Xss)
#   Set larger code cache with -XX:ReservedCodeCacheSize=
# This output file may be truncated or incomplete.
#
#  Out of Memory Error (allocation.cpp:390), pid=23288, tid=0x000000000000587c
#
# JRE version: OpenJDK Runtime Environment (8.0_76-b03) (build 1.8.0_76-release-b03)
# Java VM: OpenJDK 64-Bit Server VM (25.76-b03 mixed mode windows-amd64 compressed oops)
# Failed to write core dump. Minidumps are not enabled by default on client versions of Windows
#

---------------  T H R E A D  ---------------

Current thread (0x000000001530a800):  JavaThread "C2 CompilerThread1" daemon [_thread_in_native, id=22652, stack(0x00000000179d0000,0x0000000017ad0000)]

Stack: [0x00000000179d0000,0x0000000017ad0000]
[error occurred during error reporting (printing stack bounds), id 0xc0000005]

Native frames: (J=compiled Java code, j=interpreted, Vv=VM code, C=native code)


Current CompileTask:
C2:   1043 1745       4       com.android.dx.ssa.NormalSsaInsn::accept (25 bytes)


---------------  P R O C E S S  ---------------

Java Threads: ( => current thread )
  0x00000000172f6000 JavaThread "Service Thread" daemon [_thread_blocked, id=22064, stack(0x0000000017cd0000,0x0000000017dd0000)]
  0x00000000172ba800 JavaThread "C1 CompilerThread3" daemon [_thread_blocked, id=14440, stack(0x0000000017bd0000,0x0000000017cd0000)]
  0x00000000172b1800 JavaThread "C2 CompilerThread2" daemon [_thread_in_native, id=10780, stack(0x0000000017ad0000,0x0000000017bd0000)]
=>0x000000001530a800 JavaThread "C2 CompilerThread1" daemon [_thread_in_native, id=22652, stack(0x00000000179d0000,0x0000000017ad0000)]
  0x0000000017258800 JavaThread "C2 CompilerThread0" daemon [_thread_in_native, id=13748, stack(0x00000000178d0000,0x00000000179d0000)]
  0x0000000017257800 JavaThread "Attach Listener" daemon [_thread_blocked, id=22204, stack(0x00000000177d0000,0x00000000178d0000)]
  0x000000001720c000 JavaThread "Signal Dispatcher" daemon [_thread_blocked, id=14140, stack(0x00000000176d0000,0x00000000177d0000)]
  0x00000000171f0800 JavaThread "Finalizer" daemon [_thread_blocked, id=20860, stack(0x00000000175d0000,0x00000000176d0000)]
  0x00000000027d6000 JavaThread "Reference Handler" daemon [_thread_blocked, id=23192, stack(0x00000000170d0000,0x00000000171d0000)]
  0x00000000026e0800 JavaThread "main" [_thread_in_Java, id=21232, stack(0x0000000002200000,0x0000000002300000)]

Other Threads:
  0x00000000152f5000 VMThread [stack: 0x0000000016fd0000,0x00000000170d0000] [id=21624]
  0x00000000172f7000 WatcherThread [stack: 0x0000000017dd0000,0x0000000017ed0000] [id=22732]

VM state:not at safepoint (normal execution)

VM Mutex/Monitor currently owned by a thread: None

Heap:
 PSYoungGen      total 76288K, used 36562K [0x00000000eab00000, 0x00000000f4000000, 0x0000000100000000)
  eden space 65536K, 39% used [0x00000000eab00000,0x00000000ec43cab8,0x00000000eeb00000)
  from space 10752K, 99% used [0x00000000eeb00000,0x00000000ef5780d0,0x00000000ef580000)
  to   space 10752K, 0% used [0x00000000f3580000,0x00000000f3580000,0x00000000f4000000)
 ParOldGen       total 175104K, used 16466K [0x00000000c0000000, 0x00000000cab00000, 0x00000000eab00000)
  object space 175104K, 9% used [0x00000000c0000000,0x00000000c1014b48,0x00000000cab00000)
 Metaspace       used 6401K, capacity 7192K, committed 7424K, reserved 1056768K
  class space    used 606K, capacity 656K, committed 768K, reserved 1048576K

Card table byte_map: [0x0000000011ba0000,0x0000000011db0000] byte_map_base: 0x00000000115a0000

Marking Bits: (ParMarkBitMap*) 0x0000000063d19d00
 Begin Bits: [0x0000000012710000, 0x0000000013710000)
 End Bits:   [0x0000000013710000, 0x0000000014710000)

Polling page: 0x0000000000660000

CodeCache: size=245760Kb used=6558Kb max_used=6558Kb free=239201Kb
 bounds [0x00000000027e0000, 0x0000000002e50000, 0x00000000117e0000]
 total_blobs=2023 nmethods=1752 adapters=184
 compilation: enabled

Compilation events (10 events):
Event: 1.033 Thread 0x00000000172ba800 1821       2       com.android.dx.dex.file.DebugInfoItem::<init> (36 bytes)
Event: 1.033 Thread 0x00000000172ba800 nmethod 1821 0x0000000002e37c90 code [0x0000000002e37e00, 0x0000000002e38078]
Event: 1.033 Thread 0x00000000172ba800 1822 %     3       com.android.dx.dex.code.OutputFinisher::addConstants @ 47 (93 bytes)
Event: 1.034 Thread 0x00000000172ba800 nmethod 1822% 0x0000000002e48c10 code [0x0000000002e48e60, 0x0000000002e4a0b8]
Event: 1.034 Thread 0x00000000172ba800 1823       3       com.android.dx.dex.code.OutputFinisher::addConstants (93 bytes)
Event: 1.035 Thread 0x00000000172ba800 nmethod 1823 0x0000000002e361d0 code [0x0000000002e36420, 0x0000000002e375b8]
Event: 1.035 Thread 0x00000000172ba800 1824       3       java.util.HashMap$HashIterator::nextNode (100 bytes)
Event: 1.036 Thread 0x00000000172ba800 nmethod 1824 0x0000000002e4a750 code [0x0000000002e4a900, 0x0000000002e4add8]
Event: 1.036 Thread 0x00000000172ba800 1825       3       com.android.dx.dex.code.OutputFinisher::getAllConstants (47 bytes)
Event: 1.037 Thread 0x00000000172ba800 nmethod 1825 0x0000000002e4b010 code [0x0000000002e4b240, 0x0000000002e4bb88]

GC Heap History (6 events):
Event: 0.646 GC heap before
{Heap before GC invocations=1 (full 0):
 PSYoungGen      total 76288K, used 65536K [0x00000000eab00000, 0x00000000f0000000, 0x0000000100000000)
  eden space 65536K, 100% used [0x00000000eab00000,0x00000000eeb00000,0x00000000eeb00000)
  from space 10752K, 0% used [0x00000000ef580000,0x00000000ef580000,0x00000000f0000000)
  to   space 10752K, 0% used [0x00000000eeb00000,0x00000000eeb00000,0x00000000ef580000)
 ParOldGen       total 175104K, used 0K [0x00000000c0000000, 0x00000000cab00000, 0x00000000eab00000)
  object space 175104K, 0% used [0x00000000c0000000,0x00000000c0000000,0x00000000cab00000)
 Metaspace       used 6048K, capacity 6960K, committed 7040K, reserved 1056768K
  class space    used 580K, capacity 616K, committed 640K, reserved 1048576K
Event: 0.661 GC heap after
Heap after GC invocations=1 (full 0):
 PSYoungGen      total 76288K, used 10740K [0x00000000eab00000, 0x00000000f0000000, 0x0000000100000000)
  eden space 65536K, 0% used [0x00000000eab00000,0x00000000eab00000,0x00000000eeb00000)
  from space 10752K, 99% used [0x00000000eeb00000,0x00000000ef57d1a8,0x00000000ef580000)
  to   space 10752K, 0% used [0x00000000ef580000,0x00000000ef580000,0x00000000f0000000)
 ParOldGen       total 175104K, used 377K [0x00000000c0000000, 0x00000000cab00000, 0x00000000eab00000)
  object space 175104K, 0% used [0x00000000c0000000,0x00000000c005e4f8,0x00000000cab00000)
 Metaspace       used 6048K, capacity 6960K, committed 7040K, reserved 1056768K
  class space    used 580K, capacity 616K, committed 640K, reserved 1048576K
}
Event: 0.815 GC heap before
{Heap before GC invocations=2 (full 0):
 PSYoungGen      total 76288K, used 76276K [0x00000000eab00000, 0x00000000f0000000, 0x0000000100000000)
  eden space 65536K, 100% used [0x00000000eab00000,0x00000000eeb00000,0x00000000eeb00000)
  from space 10752K, 99% used [0x00000000eeb00000,0x00000000ef57d1a8,0x00000000ef580000)
  to   space 10752K, 0% used [0x00000000ef580000,0x00000000ef580000,0x00000000f0000000)
 ParOldGen       total 175104K, used 377K [0x00000000c0000000, 0x00000000cab00000, 0x00000000eab00000)
  object space 175104K, 0% used [0x00000000c0000000,0x00000000c005e4f8,0x00000000cab00000)
 Metaspace       used 6275K, capacity 7092K, committed 7296K, reserved 1056768K
  class space    used 600K, capacity 620K, committed 640K, reserved 1048576K
Event: 0.833 GC heap after
Heap after GC invocations=2 (full 0):
 PSYoungGen      total 76288K, used 10750K [0x00000000eab00000, 0x00000000f4000000, 0x0000000100000000)
  eden space 65536K, 0% used [0x00000000eab00000,0x00000000eab00000,0x00000000eeb00000)
  from space 10752K, 99% used [0x00000000ef580000,0x00000000effff928,0x00000000f0000000)
  to   space 10752K, 0% used [0x00000000eeb00000,0x00000000eeb00000,0x00000000ef580000)
 ParOldGen       total 175104K, used 7956K [0x00000000c0000000, 0x00000000cab00000, 0x00000000eab00000)
  object space 175104K, 4% used [0x00000000c0000000,0x00000000c07c5268,0x00000000cab00000)
 Metaspace       used 6275K, capacity 7092K, committed 7296K, reserved 1056768K
  class space    used 600K, capacity 620K, committed 640K, reserved 1048576K
}
Event: 0.937 GC heap before
{Heap before GC invocations=3 (full 0):
 PSYoungGen      total 76288K, used 76286K [0x00000000eab00000, 0x00000000f4000000, 0x0000000100000000)
  eden space 65536K, 100% used [0x00000000eab00000,0x00000000eeb00000,0x00000000eeb00000)
  from space 10752K, 99% used [0x00000000ef580000,0x00000000effff928,0x00000000f0000000)
  to   space 10752K, 0% used [0x00000000eeb00000,0x00000000eeb00000,0x00000000ef580000)
 ParOldGen       total 175104K, used 7956K [0x00000000c0000000, 0x00000000cab00000, 0x00000000eab00000)
  object space 175104K, 4% used [0x00000000c0000000,0x00000000c07c5268,0x00000000cab00000)
 Metaspace       used 6322K, capacity 7094K, committed 7296K, reserved 1056768K
  class space    used 602K, capacity 622K, committed 640K, reserved 1048576K
Event: 0.953 GC heap after
Heap after GC invocations=3 (full 0):
 PSYoungGen      total 76288K, used 10720K [0x00000000eab00000, 0x00000000f4000000, 0x0000000100000000)
  eden space 65536K, 0% used [0x00000000eab00000,0x00000000eab00000,0x00000000eeb00000)
  from space 10752K, 99% used [0x00000000eeb00000,0x00000000ef5780d0,0x00000000ef580000)
  to   space 10752K, 0% used [0x00000000f3580000,0x00000000f3580000,0x00000000f4000000)
 ParOldGen       total 175104K, used 16466K [0x00000000c0000000, 0x00000000cab00000, 0x00000000eab00000)
  object space 175104K, 9% used [0x00000000c0000000,0x00000000c1014b48,0x00000000cab00000)
 Metaspace       used 6322K, capacity 7094K, committed 7296K, reserved 1056768K
  class space    used 602K, capacity 622K, committed 640K, reserved 1048576K
}

Deoptimization events (10 events):
Event: 0.691 Thread 0x00000000026e0800 Uncommon trap: reason=unstable_if action=reinterpret pc=0x0000000002bbd1d0 method=java.util.HashMap.getNode(ILjava/lang/Object;)Ljava/util/HashMap$Node; @ 84
Event: 0.692 Thread 0x00000000026e0800 Uncommon trap: reason=unstable_if action=reinterpret pc=0x0000000002bbc2f4 method=java.util.HashMap.putVal(ILjava/lang/Object;Ljava/lang/Object;ZZ)Ljava/lang/Object; @ 162
Event: 0.710 Thread 0x00000000174f8800 Uncommon trap: reason=unstable_if action=reinterpret pc=0x0000000002bb63fc method=com.android.dx.util.IntList.binarysearch(I)I @ 105
Event: 0.862 Thread 0x00000000026e0800 Uncommon trap: reason=unstable_if action=reinterpret pc=0x0000000002dcaf80 method=com.android.dx.ssa.LocalVariableExtractor.processBlock(I)V @ 251
Event: 0.962 Thread 0x0000000017563800 Uncommon trap: reason=null_check action=make_not_entrant pc=0x0000000002b0e47c method=com.android.dx.ssa.SsaRenamer.getLocalForNewReg(I)Lcom/android/dx/rop/code/LocalItem; @ 19
Event: 1.014 Thread 0x00000000026e0800 Uncommon trap: reason=class_check action=maybe_recompile pc=0x0000000002bb98c8 method=java.util.Arrays.hashCode([Ljava/lang/Object;)I @ 43
Event: 1.014 Thread 0x00000000026e0800 Uncommon trap: reason=class_check action=maybe_recompile pc=0x0000000002bb98c8 method=java.util.Arrays.hashCode([Ljava/lang/Object;)I @ 43
Event: 1.014 Thread 0x00000000026e0800 Uncommon trap: reason=class_check action=maybe_recompile pc=0x0000000002bb98c8 method=java.util.Arrays.hashCode([Ljava/lang/Object;)I @ 43
Event: 1.014 Thread 0x00000000026e0800 Uncommon trap: reason=class_check action=maybe_recompile pc=0x0000000002bb98c8 method=java.util.Arrays.hashCode([Ljava/lang/Object;)I @ 43
Event: 1.014 Thread 0x00000000026e0800 Uncommon trap: reason=class_check action=maybe_recompile pc=0x0000000002bb72a8 method=java.util.Arrays.hashCode([Ljava/lang/Object;)I @ 43

Internal exceptions (7 events):
Event: 0.021 Thread 0x00000000026e0800 Exception <a 'java/lang/NoSuchMethodError': Method sun.misc.Unsafe.defineClass(Ljava/lang/String;[BII)Ljava/lang/Class; name or signature does not match> (0x00000000eab07cc0) thrown at [C:\src\android\AOSP-openjdk\external\jetbrains\jdk\hotspot\src\share\v¨”∆∑]⁄ï?
Event: 0.021 Thread 0x00000000026e0800 Exception <a 'java/lang/NoSuchMethodError': Method sun.misc.Unsafe.prefetchRead(Ljava/lang/Object;J)V name or signature does not match> (0x00000000eab07fa8) thrown at [C:\src\android\AOSP-openjdk\external\jetbrains\jdk\hotspot\src\share\vm\prims\jni.cpp, lè'Ñ‚£ÛÂ?
Event: 0.686 Thread 0x00000000174f8800 Exception <a 'java/lang/ArrayIndexOutOfBoundsException': 18> (0x00000000eb50f530) thrown at [C:\src\android\AOSP-openjdk\external\jetbrains\jdk\hotspot\src\share\vm\interpreter\interpreterRuntime.cpp, line 366]
Event: 0.686 Thread 0x00000000174f8800 Exception <a 'java/lang/ArrayIndexOutOfBoundsException': 145> (0x00000000eb5110b0) thrown at [C:\src\android\AOSP-openjdk\external\jetbrains\jdk\hotspot\src\share\vm\interpreter\interpreterRuntime.cpp, line 366]
Event: 0.687 Thread 0x00000000174f8800 Exception <a 'java/lang/ArrayIndexOutOfBoundsException': 40> (0x00000000eb512398) thrown at [C:\src\android\AOSP-openjdk\external\jetbrains\jdk\hotspot\src\share\vm\interpreter\interpreterRuntime.cpp, line 366]
Event: 0.689 Thread 0x0000000017563800 Implicit null exception at 0x0000000002adad48 to 0x0000000002addcc1
Event: 0.962 Thread 0x0000000017563800 Implicit null exception at 0x0000000002b0bacd to 0x0000000002b0e45d

Events (10 events):
Event: 1.014 Thread 0x00000000026e0800 DEOPT UNPACKING pc=0x000000000282556a sp=0x00000000022fef70 mode 2
Event: 1.014 Thread 0x00000000026e0800 Uncommon trap: trap_request=0xffffffde fr.pc=0x0000000002bb72a8
Event: 1.014 Thread 0x00000000026e0800 DEOPT PACKING pc=0x0000000002bb72a8 sp=0x00000000022ff020
Event: 1.014 Thread 0x00000000026e0800 DEOPT UNPACKING pc=0x000000000282556a sp=0x00000000022fefa8 mode 2
Event: 1.016 loading class com/android/dx/rop/cst/Zeroes
Event: 1.016 loading class com/android/dx/rop/cst/Zeroes done
Event: 1.026 loading class com/android/dx/dex/file/CatchStructs
Event: 1.026 loading class com/android/dx/dex/file/CatchStructs done
Event: 1.036 Thread 0x00000000026e0800 DEOPT PACKING pc=0x0000000002e349d4 sp=0x00000000022ff160
Event: 1.036 Thread 0x00000000026e0800 DEOPT UNPACKING pc=0x00000000028275bf sp=0x00000000022feef0 mode 0


Dynamic libraries:
0x00007ff6d8c70000 - 0x00007ff6d8ca1000 	C:\Program Files\Android\Android Studio\jre\bin\java.exe
0x00007ffea3040000 - 0x00007ffea3201000 	C:\WINDOWS\SYSTEM32\ntdll.dll
0x00007ffea1780000 - 0x00007ffea182d000 	C:\WINDOWS\system32\KERNEL32.DLL
0x00007ffe9ff80000 - 0x00007ffea0168000 	C:\WINDOWS\system32\KERNELBASE.dll
0x00007ffea06f0000 - 0x00007ffea0797000 	C:\WINDOWS\system32\ADVAPI32.dll
0x00007ffea0870000 - 0x00007ffea090d000 	C:\WINDOWS\system32\msvcrt.dll
0x00007ffea09d0000 - 0x00007ffea0a2b000 	C:\WINDOWS\system32\sechost.dll
0x00007ffea1830000 - 0x00007ffea194c000 	C:\WINDOWS\system32\RPCRT4.dll
0x00007ffea1620000 - 0x00007ffea1776000 	C:\WINDOWS\system32\USER32.dll
0x00007ffea0e80000 - 0x00007ffea1006000 	C:\WINDOWS\system32\GDI32.dll
0x00007ffe949a0000 - 0x00007ffe94c14000 	C:\WINDOWS\WinSxS\amd64_microsoft.windows.common-controls_6595b64144ccf1df_6.0.10586.672_none_a2d6b3cea53ff843\COMCTL32.dll
0x00007ffea1030000 - 0x00007ffea12ad000 	C:\WINDOWS\system32\combase.dll
0x00007ffe9f6d0000 - 0x00007ffe9f73a000 	C:\WINDOWS\system32\bcryptPrimitives.dll
0x00007ffea2f40000 - 0x00007ffea2f7b000 	C:\WINDOWS\system32\IMM32.DLL
0x00000000633a0000 - 0x0000000063472000 	C:\Program Files\Android\Android Studio\jre\jre\bin\msvcr100.dll
0x0000000063560000 - 0x0000000063d94000 	C:\Program Files\Android\Android Studio\jre\jre\bin\server\jvm.dll
0x00007ffea0910000 - 0x00007ffea0918000 	C:\WINDOWS\system32\PSAPI.DLL
0x00007ffe8a950000 - 0x00007ffe8a959000 	C:\WINDOWS\SYSTEM32\WSOCK32.dll
0x00007ffe9dc30000 - 0x00007ffe9dc53000 	C:\WINDOWS\SYSTEM32\WINMM.dll
0x00007ffe9bf90000 - 0x00007ffe9bf9a000 	C:\WINDOWS\SYSTEM32\VERSION.dll
0x00007ffea0570000 - 0x00007ffea05db000 	C:\WINDOWS\system32\WS2_32.dll
0x00000000021a0000 - 0x00000000021cc000 	C:\WINDOWS\SYSTEM32\WINMMBASE.dll
0x00007ffea0200000 - 0x00007ffea0243000 	C:\WINDOWS\system32\cfgmgr32.dll
0x00007ffe94ff0000 - 0x00007ffe94fff000 	C:\Program Files\Android\Android Studio\jre\jre\bin\verify.dll
0x00007ffe92fe0000 - 0x00007ffe93009000 	C:\Program Files\Android\Android Studio\jre\jre\bin\java.dll
0x00007ffe94e50000 - 0x00007ffe94e66000 	C:\Program Files\Android\Android Studio\jre\jre\bin\zip.dll
0x00007ffea19d0000 - 0x00007ffea2f2c000 	C:\WINDOWS\system32\SHELL32.dll
0x00007ffe9f880000 - 0x00007ffe9fec5000 	C:\WINDOWS\system32\windows.storage.dll
0x00007ffea12b0000 - 0x00007ffea1302000 	C:\WINDOWS\system32\shlwapi.dll
0x00007ffe9f670000 - 0x00007ffe9f67f000 	C:\WINDOWS\system32\kernel.appcore.dll
0x00007ffe9f760000 - 0x00007ffe9f815000 	C:\WINDOWS\system32\shcore.dll
0x00007ffe9f680000 - 0x00007ffe9f6cb000 	C:\WINDOWS\system32\powrprof.dll
0x00007ffe9f650000 - 0x00007ffe9f664000 	C:\WINDOWS\system32\profapi.dll

VM Arguments:
jvm_args: -Djava.awt.headless=true -Xmx1024M -Dfile.encoding=GBK -Duser.country=CN -Duser.language=zh -Duser.variant 
java_command: com.android.dx.command.Main --dex --num-threads=4 --output D:\AndroidStudioProject\GoldBowls\app\build\intermediates\pre-dexed\debug\com.android.support-recyclerview-v7-24.1.0_a0d0be603857e5aa7f220284d47ae43dc23614d8.jar D:\AndroidStudioProject\GoldBowls\app\build\intermediates\exploded-aar\com.android.support\recyclerview-v7\24.1.0\jars\classes.jar
java_class_path (initial): C:\Users\Administrator\AppData\Local\Android\Sdk\build-tools\24.0.0\lib\dx.jar
Launcher Type: SUN_STANDARD

Environment Variables:
JAVA_HOME=C:\Program Files (x86)\Java\jdk1.8.0_111
CLASSPATH=.;C:\Program Files (x86)\Java\jdk1.8.0_111\lib\dt.jar;C:\Program Files (x86)\Java\jdk1.8.0_111\lib\tools.jar
PATH=C:\ProgramData\Oracle\Java\javapath;C:\Program Files (x86)\Java\jdk1.8.0_111\bin;C:\Program Files (x86)\Java\jdk1.8.0_111\jre\bin;C:\Python27
USERNAME=Administrator
OS=Windows_NT
PROCESSOR_IDENTIFIER=Intel64 Family 6 Model 94 Stepping 3, GenuineIntel



---------------  S Y S T E M  ---------------

OS: Windows 10.0 , 64 bit Build 10586 (10.0.10586.589)

CPU:total 8 (4 cores per cpu, 2 threads per core) family 6 model 94 stepping 3, cmov, cx8, fxsr, mmx, sse, sse2, sse3, ssse3, sse4.1, sse4.2, popcnt, avx, avx2, aes, clmul, erms, rtm, 3dnowpref, lzcnt, ht, tsc, tscinvbit, bmi1, bmi2, adx

Memory: 4k page, physical 16722516k(7164920k free), swap 18819668k(4212k free)

vm_info: OpenJDK 64-Bit Server VM (25.76-b03) for windows-amd64 JRE (1.8.0_76-release-b03), built on Jun 29 2016 19:09:20 by "ralucas" with MS VC++ 10.0 (VS2010)

time: Mon Dec 19 16:12:11 2016
elapsed time: 1 seconds (0d 0h 0m 1s)

